#! /usr/bin/vvp
:ivl_version "10.1 (stable)";
:ivl_delay_selection "TYPICAL";
:vpi_time_precision + 0;
:vpi_module "system";
:vpi_module "vhdl_sys";
:vpi_module "v2005_math";
:vpi_module "va_math";
S_0x5565ba187830 .scope module, "top" "top" 2 3;
 .timescale 0 0;
v0x5565ba1b41c0_0 .var "a", 31 0;
v0x5565ba1b42a0_0 .var "b", 31 0;
v0x5565ba1b4340_0 .var "ci", 0 0;
v0x5565ba1b43e0_0 .net "co", 0 0, L_0x5565ba1c64a0;  1 drivers
v0x5565ba1b4480_0 .net "s", 31 0, L_0x5565ba1c71a0;  1 drivers
S_0x5565ba187030 .scope module, "testadder" "thirtytwobitfulladder" 2 9, 3 3 0, S_0x5565ba187830;
 .timescale 0 0;
    .port_info 0 /INPUT 32 "a"
    .port_info 1 /INPUT 32 "b"
    .port_info 2 /INPUT 1 "ci"
    .port_info 3 /OUTPUT 32 "s"
    .port_info 4 /OUTPUT 1 "co"
v0x5565ba1b3b80_0 .net "a", 31 0, v0x5565ba1b41c0_0;  1 drivers
v0x5565ba1b3c80_0 .net "b", 31 0, v0x5565ba1b42a0_0;  1 drivers
v0x5565ba1b3d60_0 .net "ci", 0 0, v0x5565ba1b4340_0;  1 drivers
v0x5565ba1b3e90_0 .net "co", 0 0, L_0x5565ba1c64a0;  alias, 1 drivers
v0x5565ba1b3fc0_0 .net "l1", 0 0, L_0x5565ba1bcec0;  1 drivers
v0x5565ba1b4060_0 .net "s", 31 0, L_0x5565ba1c71a0;  alias, 1 drivers
L_0x5565ba1bda80 .part v0x5565ba1b41c0_0, 0, 16;
L_0x5565ba1bdb70 .part v0x5565ba1b42a0_0, 0, 16;
L_0x5565ba1c7060 .part v0x5565ba1b41c0_0, 16, 16;
L_0x5565ba1c7100 .part v0x5565ba1b42a0_0, 16, 16;
L_0x5565ba1c71a0 .concat8 [ 16 16 0 0], L_0x5565ba1bd940, L_0x5565ba1c6f20;
S_0x5565ba17c4b0 .scope module, "fa_0" "sixteenbitfulladder" 3 12, 4 3 0, S_0x5565ba187030;
 .timescale 0 0;
    .port_info 0 /INPUT 16 "a"
    .port_info 1 /INPUT 16 "b"
    .port_info 2 /INPUT 1 "ci"
    .port_info 3 /OUTPUT 16 "s"
    .port_info 4 /OUTPUT 1 "co"
v0x5565ba1a39b0_0 .net "a", 15 0, L_0x5565ba1bda80;  1 drivers
v0x5565ba1a3ab0_0 .net "b", 15 0, L_0x5565ba1bdb70;  1 drivers
v0x5565ba1a3b90_0 .net "ci", 0 0, v0x5565ba1b4340_0;  alias, 1 drivers
v0x5565ba1a3c30_0 .net "co", 0 0, L_0x5565ba1bcec0;  alias, 1 drivers
v0x5565ba1a3cd0_0 .net "l1", 0 0, L_0x5565ba1b84e0;  1 drivers
v0x5565ba1a3d70_0 .net "s", 15 0, L_0x5565ba1bd940;  1 drivers
L_0x5565ba1b8d80 .part L_0x5565ba1bda80, 0, 8;
L_0x5565ba1b8e20 .part L_0x5565ba1bdb70, 0, 8;
L_0x5565ba1bd760 .part L_0x5565ba1bda80, 8, 8;
L_0x5565ba1bd850 .part L_0x5565ba1bdb70, 8, 8;
L_0x5565ba1bd940 .concat8 [ 8 8 0 0], L_0x5565ba1b8c40, L_0x5565ba1bd620;
S_0x5565ba181630 .scope module, "fa_0" "eightbitfulladder" 4 12, 5 3 0, S_0x5565ba17c4b0;
 .timescale 0 0;
    .port_info 0 /INPUT 8 "a"
    .port_info 1 /INPUT 8 "b"
    .port_info 2 /INPUT 1 "ci"
    .port_info 3 /OUTPUT 8 "s"
    .port_info 4 /OUTPUT 1 "co"
v0x5565ba19b8f0_0 .net "a", 7 0, L_0x5565ba1b8d80;  1 drivers
v0x5565ba19b9f0_0 .net "b", 7 0, L_0x5565ba1b8e20;  1 drivers
v0x5565ba19bad0_0 .net "ci", 0 0, v0x5565ba1b4340_0;  alias, 1 drivers
v0x5565ba19bbc0_0 .net "co", 0 0, L_0x5565ba1b84e0;  alias, 1 drivers
v0x5565ba19bcb0_0 .net "l1", 0 0, L_0x5565ba1b6110;  1 drivers
v0x5565ba19be30_0 .net "s", 7 0, L_0x5565ba1b8c40;  1 drivers
L_0x5565ba1b6690 .part L_0x5565ba1b8d80, 0, 4;
L_0x5565ba1b6730 .part L_0x5565ba1b8e20, 0, 4;
L_0x5565ba1b8a60 .part L_0x5565ba1b8d80, 4, 4;
L_0x5565ba1b8b50 .part L_0x5565ba1b8e20, 4, 4;
L_0x5565ba1b8c40 .concat8 [ 4 4 0 0], L_0x5565ba1b65f0, L_0x5565ba1b89c0;
S_0x5565ba17ed70 .scope module, "fa_0" "fourbitfulladder" 5 12, 6 3 0, S_0x5565ba181630;
 .timescale 0 0;
    .port_info 0 /INPUT 4 "a"
    .port_info 1 /INPUT 4 "b"
    .port_info 2 /INPUT 1 "ci"
    .port_info 3 /OUTPUT 4 "s"
    .port_info 4 /OUTPUT 1 "co"
v0x5565ba1978a0_0 .net "a", 3 0, L_0x5565ba1b6690;  1 drivers
v0x5565ba1979a0_0 .net "b", 3 0, L_0x5565ba1b6730;  1 drivers
v0x5565ba197a80_0 .net "ci", 0 0, v0x5565ba1b4340_0;  alias, 1 drivers
v0x5565ba197b50_0 .net "co", 0 0, L_0x5565ba1b6110;  alias, 1 drivers
v0x5565ba197c20_0 .net "l1", 0 0, L_0x5565ba1b49b0;  1 drivers
v0x5565ba197d10_0 .net "l2", 0 0, L_0x5565ba1b50a0;  1 drivers
v0x5565ba197e00_0 .net "l3", 0 0, L_0x5565ba1b5920;  1 drivers
v0x5565ba197ef0_0 .net "s", 3 0, L_0x5565ba1b65f0;  1 drivers
L_0x5565ba1b4ac0 .part L_0x5565ba1b6690, 0, 1;
L_0x5565ba1b4b60 .part L_0x5565ba1b6730, 0, 1;
L_0x5565ba1b51b0 .part L_0x5565ba1b6690, 1, 1;
L_0x5565ba1b52e0 .part L_0x5565ba1b6730, 1, 1;
L_0x5565ba1b5a30 .part L_0x5565ba1b6690, 2, 1;
L_0x5565ba1b5b60 .part L_0x5565ba1b6730, 2, 1;
L_0x5565ba1b6220 .part L_0x5565ba1b6690, 3, 1;
L_0x5565ba1b63e0 .part L_0x5565ba1b6730, 3, 1;
L_0x5565ba1b65f0 .concat8 [ 1 1 1 1], L_0x5565ba1b4550, L_0x5565ba1b4ca0, L_0x5565ba1b54b0, L_0x5565ba1b5d40;
S_0x5565ba183e60 .scope module, "fa_0" "onebitfulladder" 6 12, 7 1 0, S_0x5565ba17ed70;
 .timescale 0 0;
    .port_info 0 /INPUT 1 "a"
    .port_info 1 /INPUT 1 "b"
    .port_info 2 /INPUT 1 "cin"
    .port_info 3 /OUTPUT 1 "sum"
    .port_info 4 /OUTPUT 1 "ca"
L_0x5565ba1895f0 .functor XOR 1, L_0x5565ba1b4ac0, L_0x5565ba1b4b60, C4<0>, C4<0>;
L_0x5565ba1b4550 .functor XOR 1, L_0x5565ba1895f0, v0x5565ba1b4340_0, C4<0>, C4<0>;
L_0x5565ba1b4640 .functor AND 1, L_0x5565ba1b4ac0, L_0x5565ba1b4b60, C4<1>, C4<1>;
L_0x5565ba1b4750 .functor AND 1, L_0x5565ba1b4ac0, v0x5565ba1b4340_0, C4<1>, C4<1>;
L_0x5565ba1b47f0 .functor OR 1, L_0x5565ba1b4640, L_0x5565ba1b4750, C4<0>, C4<0>;
L_0x5565ba1b4900 .functor AND 1, L_0x5565ba1b4b60, v0x5565ba1b4340_0, C4<1>, C4<1>;
L_0x5565ba1b49b0 .functor OR 1, L_0x5565ba1b47f0, L_0x5565ba1b4900, C4<0>, C4<0>;
v0x5565ba188350_0 .net *"_s0", 0 0, L_0x5565ba1895f0;  1 drivers
v0x5565ba15c1c0_0 .net *"_s10", 0 0, L_0x5565ba1b4900;  1 drivers
v0x5565ba194f80_0 .net *"_s4", 0 0, L_0x5565ba1b4640;  1 drivers
v0x5565ba195070_0 .net *"_s6", 0 0, L_0x5565ba1b4750;  1 drivers
v0x5565ba195150_0 .net *"_s8", 0 0, L_0x5565ba1b47f0;  1 drivers
v0x5565ba195280_0 .net "a", 0 0, L_0x5565ba1b4ac0;  1 drivers
v0x5565ba195340_0 .net "b", 0 0, L_0x5565ba1b4b60;  1 drivers
v0x5565ba195400_0 .net "ca", 0 0, L_0x5565ba1b49b0;  alias, 1 drivers
v0x5565ba1954c0_0 .net "cin", 0 0, v0x5565ba1b4340_0;  alias, 1 drivers
v0x5565ba195580_0 .net "sum", 0 0, L_0x5565ba1b4550;  1 drivers
S_0x5565ba1956e0 .scope module, "fa_1" "onebitfulladder" 6 13, 7 1 0, S_0x5565ba17ed70;
 .timescale 0 0;
    .port_info 0 /INPUT 1 "a"
    .port_info 1 /INPUT 1 "b"
    .port_info 2 /INPUT 1 "cin"
    .port_info 3 /OUTPUT 1 "sum"
    .port_info 4 /OUTPUT 1 "ca"
L_0x5565ba1b4c00 .functor XOR 1, L_0x5565ba1b51b0, L_0x5565ba1b52e0, C4<0>, C4<0>;
L_0x5565ba1b4ca0 .functor XOR 1, L_0x5565ba1b4c00, L_0x5565ba1b49b0, C4<0>, C4<0>;
L_0x5565ba1b4dd0 .functor AND 1, L_0x5565ba1b51b0, L_0x5565ba1b52e0, C4<1>, C4<1>;
L_0x5565ba1b4e40 .functor AND 1, L_0x5565ba1b51b0, L_0x5565ba1b49b0, C4<1>, C4<1>;
L_0x5565ba1b4ee0 .functor OR 1, L_0x5565ba1b4dd0, L_0x5565ba1b4e40, C4<0>, C4<0>;
L_0x5565ba1b4ff0 .functor AND 1, L_0x5565ba1b52e0, L_0x5565ba1b49b0, C4<1>, C4<1>;
L_0x5565ba1b50a0 .functor OR 1, L_0x5565ba1b4ee0, L_0x5565ba1b4ff0, C4<0>, C4<0>;
v0x5565ba195880_0 .net *"_s0", 0 0, L_0x5565ba1b4c00;  1 drivers
v0x5565ba195960_0 .net *"_s10", 0 0, L_0x5565ba1b4ff0;  1 drivers
v0x5565ba195a40_0 .net *"_s4", 0 0, L_0x5565ba1b4dd0;  1 drivers
v0x5565ba195b30_0 .net *"_s6", 0 0, L_0x5565ba1b4e40;  1 drivers
v0x5565ba195c10_0 .net *"_s8", 0 0, L_0x5565ba1b4ee0;  1 drivers
v0x5565ba195d40_0 .net "a", 0 0, L_0x5565ba1b51b0;  1 drivers
v0x5565ba195e00_0 .net "b", 0 0, L_0x5565ba1b52e0;  1 drivers
v0x5565ba195ec0_0 .net "ca", 0 0, L_0x5565ba1b50a0;  alias, 1 drivers
v0x5565ba195f80_0 .net "cin", 0 0, L_0x5565ba1b49b0;  alias, 1 drivers
v0x5565ba196020_0 .net "sum", 0 0, L_0x5565ba1b4ca0;  1 drivers
S_0x5565ba196190 .scope module, "fa_2" "onebitfulladder" 6 14, 7 1 0, S_0x5565ba17ed70;
 .timescale 0 0;
    .port_info 0 /INPUT 1 "a"
    .port_info 1 /INPUT 1 "b"
    .port_info 2 /INPUT 1 "cin"
    .port_info 3 /OUTPUT 1 "sum"
    .port_info 4 /OUTPUT 1 "ca"
L_0x5565ba1b5440 .functor XOR 1, L_0x5565ba1b5a30, L_0x5565ba1b5b60, C4<0>, C4<0>;
L_0x5565ba1b54b0 .functor XOR 1, L_0x5565ba1b5440, L_0x5565ba1b50a0, C4<0>, C4<0>;
L_0x5565ba1b5600 .functor AND 1, L_0x5565ba1b5a30, L_0x5565ba1b5b60, C4<1>, C4<1>;
L_0x5565ba1b56c0 .functor AND 1, L_0x5565ba1b5a30, L_0x5565ba1b50a0, C4<1>, C4<1>;
L_0x5565ba1b5760 .functor OR 1, L_0x5565ba1b5600, L_0x5565ba1b56c0, C4<0>, C4<0>;
L_0x5565ba1b5870 .functor AND 1, L_0x5565ba1b5b60, L_0x5565ba1b50a0, C4<1>, C4<1>;
L_0x5565ba1b5920 .functor OR 1, L_0x5565ba1b5760, L_0x5565ba1b5870, C4<0>, C4<0>;
v0x5565ba196340_0 .net *"_s0", 0 0, L_0x5565ba1b5440;  1 drivers
v0x5565ba196420_0 .net *"_s10", 0 0, L_0x5565ba1b5870;  1 drivers
v0x5565ba196500_0 .net *"_s4", 0 0, L_0x5565ba1b5600;  1 drivers
v0x5565ba1965f0_0 .net *"_s6", 0 0, L_0x5565ba1b56c0;  1 drivers
v0x5565ba1966d0_0 .net *"_s8", 0 0, L_0x5565ba1b5760;  1 drivers
v0x5565ba196800_0 .net "a", 0 0, L_0x5565ba1b5a30;  1 drivers
v0x5565ba1968c0_0 .net "b", 0 0, L_0x5565ba1b5b60;  1 drivers
v0x5565ba196980_0 .net "ca", 0 0, L_0x5565ba1b5920;  alias, 1 drivers
v0x5565ba196a40_0 .net "cin", 0 0, L_0x5565ba1b50a0;  alias, 1 drivers
v0x5565ba196b70_0 .net "sum", 0 0, L_0x5565ba1b54b0;  1 drivers
S_0x5565ba196ce0 .scope module, "fa_3" "onebitfulladder" 6 15, 7 1 0, S_0x5565ba17ed70;
 .timescale 0 0;
    .port_info 0 /INPUT 1 "a"
    .port_info 1 /INPUT 1 "b"
    .port_info 2 /INPUT 1 "cin"
    .port_info 3 /OUTPUT 1 "sum"
    .port_info 4 /OUTPUT 1 "ca"
L_0x5565ba1b5cd0 .functor XOR 1, L_0x5565ba1b6220, L_0x5565ba1b63e0, C4<0>, C4<0>;
L_0x5565ba1b5d40 .functor XOR 1, L_0x5565ba1b5cd0, L_0x5565ba1b5920, C4<0>, C4<0>;
L_0x5565ba1b5e40 .functor AND 1, L_0x5565ba1b6220, L_0x5565ba1b63e0, C4<1>, C4<1>;
L_0x5565ba1b5eb0 .functor AND 1, L_0x5565ba1b6220, L_0x5565ba1b5920, C4<1>, C4<1>;
L_0x5565ba1b5f50 .functor OR 1, L_0x5565ba1b5e40, L_0x5565ba1b5eb0, C4<0>, C4<0>;
L_0x5565ba1b6060 .functor AND 1, L_0x5565ba1b63e0, L_0x5565ba1b5920, C4<1>, C4<1>;
L_0x5565ba1b6110 .functor OR 1, L_0x5565ba1b5f50, L_0x5565ba1b6060, C4<0>, C4<0>;
v0x5565ba196ee0_0 .net *"_s0", 0 0, L_0x5565ba1b5cd0;  1 drivers
v0x5565ba196fe0_0 .net *"_s10", 0 0, L_0x5565ba1b6060;  1 drivers
v0x5565ba1970c0_0 .net *"_s4", 0 0, L_0x5565ba1b5e40;  1 drivers
v0x5565ba1971b0_0 .net *"_s6", 0 0, L_0x5565ba1b5eb0;  1 drivers
v0x5565ba197290_0 .net *"_s8", 0 0, L_0x5565ba1b5f50;  1 drivers
v0x5565ba1973c0_0 .net "a", 0 0, L_0x5565ba1b6220;  1 drivers
v0x5565ba197480_0 .net "b", 0 0, L_0x5565ba1b63e0;  1 drivers
v0x5565ba197540_0 .net "ca", 0 0, L_0x5565ba1b6110;  alias, 1 drivers
v0x5565ba197600_0 .net "cin", 0 0, L_0x5565ba1b5920;  alias, 1 drivers
v0x5565ba197730_0 .net "sum", 0 0, L_0x5565ba1b5d40;  1 drivers
S_0x5565ba198010 .scope module, "fa_1" "fourbitfulladder" 5 13, 6 3 0, S_0x5565ba181630;
 .timescale 0 0;
    .port_info 0 /INPUT 4 "a"
    .port_info 1 /INPUT 4 "b"
    .port_info 2 /INPUT 1 "ci"
    .port_info 3 /OUTPUT 4 "s"
    .port_info 4 /OUTPUT 1 "co"
v0x5565ba19b190_0 .net "a", 3 0, L_0x5565ba1b8a60;  1 drivers
v0x5565ba19b290_0 .net "b", 3 0, L_0x5565ba1b8b50;  1 drivers
v0x5565ba19b370_0 .net "ci", 0 0, L_0x5565ba1b6110;  alias, 1 drivers
v0x5565ba19b410_0 .net "co", 0 0, L_0x5565ba1b84e0;  alias, 1 drivers
v0x5565ba19b4e0_0 .net "l1", 0 0, L_0x5565ba1b6d50;  1 drivers
v0x5565ba19b5d0_0 .net "l2", 0 0, L_0x5565ba1b7470;  1 drivers
v0x5565ba19b6c0_0 .net "l3", 0 0, L_0x5565ba1b7cf0;  1 drivers
v0x5565ba19b7b0_0 .net "s", 3 0, L_0x5565ba1b89c0;  1 drivers
L_0x5565ba1b6e60 .part L_0x5565ba1b8a60, 0, 1;
L_0x5565ba1b6f00 .part L_0x5565ba1b8b50, 0, 1;
L_0x5565ba1b7580 .part L_0x5565ba1b8a60, 1, 1;
L_0x5565ba1b76b0 .part L_0x5565ba1b8b50, 1, 1;
L_0x5565ba1b7e00 .part L_0x5565ba1b8a60, 2, 1;
L_0x5565ba1b7f30 .part L_0x5565ba1b8b50, 2, 1;
L_0x5565ba1b85f0 .part L_0x5565ba1b8a60, 3, 1;
L_0x5565ba1b87b0 .part L_0x5565ba1b8b50, 3, 1;
L_0x5565ba1b89c0 .concat8 [ 1 1 1 1], L_0x5565ba1b6840, L_0x5565ba1b70a0, L_0x5565ba1b7880, L_0x5565ba1b8110;
S_0x5565ba198280 .scope module, "fa_0" "onebitfulladder" 6 12, 7 1 0, S_0x5565ba198010;
 .timescale 0 0;
    .port_info 0 /INPUT 1 "a"
    .port_info 1 /INPUT 1 "b"
    .port_info 2 /INPUT 1 "cin"
    .port_info 3 /OUTPUT 1 "sum"
    .port_info 4 /OUTPUT 1 "ca"
L_0x5565ba1b67d0 .functor XOR 1, L_0x5565ba1b6e60, L_0x5565ba1b6f00, C4<0>, C4<0>;
L_0x5565ba1b6840 .functor XOR 1, L_0x5565ba1b67d0, L_0x5565ba1b6110, C4<0>, C4<0>;
L_0x5565ba1b6900 .functor AND 1, L_0x5565ba1b6e60, L_0x5565ba1b6f00, C4<1>, C4<1>;
L_0x5565ba1b6a10 .functor AND 1, L_0x5565ba1b6e60, L_0x5565ba1b6110, C4<1>, C4<1>;
L_0x5565ba1b6a80 .functor OR 1, L_0x5565ba1b6900, L_0x5565ba1b6a10, C4<0>, C4<0>;
L_0x5565ba1b6b90 .functor AND 1, L_0x5565ba1b6f00, L_0x5565ba1b6110, C4<1>, C4<1>;
L_0x5565ba1b6d50 .functor OR 1, L_0x5565ba1b6a80, L_0x5565ba1b6b90, C4<0>, C4<0>;
v0x5565ba1984d0_0 .net *"_s0", 0 0, L_0x5565ba1b67d0;  1 drivers
v0x5565ba1985d0_0 .net *"_s10", 0 0, L_0x5565ba1b6b90;  1 drivers
v0x5565ba1986b0_0 .net *"_s4", 0 0, L_0x5565ba1b6900;  1 drivers
v0x5565ba198770_0 .net *"_s6", 0 0, L_0x5565ba1b6a10;  1 drivers
v0x5565ba198850_0 .net *"_s8", 0 0, L_0x5565ba1b6a80;  1 drivers
v0x5565ba198980_0 .net "a", 0 0, L_0x5565ba1b6e60;  1 drivers
v0x5565ba198a40_0 .net "b", 0 0, L_0x5565ba1b6f00;  1 drivers
v0x5565ba198b00_0 .net "ca", 0 0, L_0x5565ba1b6d50;  alias, 1 drivers
v0x5565ba198bc0_0 .net "cin", 0 0, L_0x5565ba1b6110;  alias, 1 drivers
v0x5565ba198cf0_0 .net "sum", 0 0, L_0x5565ba1b6840;  1 drivers
S_0x5565ba198e50 .scope module, "fa_1" "onebitfulladder" 6 13, 7 1 0, S_0x5565ba198010;
 .timescale 0 0;
    .port_info 0 /INPUT 1 "a"
    .port_info 1 /INPUT 1 "b"
    .port_info 2 /INPUT 1 "cin"
    .port_info 3 /OUTPUT 1 "sum"
    .port_info 4 /OUTPUT 1 "ca"
L_0x5565ba1b7030 .functor XOR 1, L_0x5565ba1b7580, L_0x5565ba1b76b0, C4<0>, C4<0>;
L_0x5565ba1b70a0 .functor XOR 1, L_0x5565ba1b7030, L_0x5565ba1b6d50, C4<0>, C4<0>;
L_0x5565ba1b71a0 .functor AND 1, L_0x5565ba1b7580, L_0x5565ba1b76b0, C4<1>, C4<1>;
L_0x5565ba1b7210 .functor AND 1, L_0x5565ba1b7580, L_0x5565ba1b6d50, C4<1>, C4<1>;
L_0x5565ba1b72b0 .functor OR 1, L_0x5565ba1b71a0, L_0x5565ba1b7210, C4<0>, C4<0>;
L_0x5565ba1b73c0 .functor AND 1, L_0x5565ba1b76b0, L_0x5565ba1b6d50, C4<1>, C4<1>;
L_0x5565ba1b7470 .functor OR 1, L_0x5565ba1b72b0, L_0x5565ba1b73c0, C4<0>, C4<0>;
v0x5565ba1990c0_0 .net *"_s0", 0 0, L_0x5565ba1b7030;  1 drivers
v0x5565ba1991a0_0 .net *"_s10", 0 0, L_0x5565ba1b73c0;  1 drivers
v0x5565ba199280_0 .net *"_s4", 0 0, L_0x5565ba1b71a0;  1 drivers
v0x5565ba199340_0 .net *"_s6", 0 0, L_0x5565ba1b7210;  1 drivers
v0x5565ba199420_0 .net *"_s8", 0 0, L_0x5565ba1b72b0;  1 drivers
v0x5565ba199550_0 .net "a", 0 0, L_0x5565ba1b7580;  1 drivers
v0x5565ba199610_0 .net "b", 0 0, L_0x5565ba1b76b0;  1 drivers
v0x5565ba1996d0_0 .net "ca", 0 0, L_0x5565ba1b7470;  alias, 1 drivers
v0x5565ba199790_0 .net "cin", 0 0, L_0x5565ba1b6d50;  alias, 1 drivers
v0x5565ba1998c0_0 .net "sum", 0 0, L_0x5565ba1b70a0;  1 drivers
S_0x5565ba199a00 .scope module, "fa_2" "onebitfulladder" 6 14, 7 1 0, S_0x5565ba198010;
 .timescale 0 0;
    .port_info 0 /INPUT 1 "a"
    .port_info 1 /INPUT 1 "b"
    .port_info 2 /INPUT 1 "cin"
    .port_info 3 /OUTPUT 1 "sum"
    .port_info 4 /OUTPUT 1 "ca"
L_0x5565ba1b7810 .functor XOR 1, L_0x5565ba1b7e00, L_0x5565ba1b7f30, C4<0>, C4<0>;
L_0x5565ba1b7880 .functor XOR 1, L_0x5565ba1b7810, L_0x5565ba1b7470, C4<0>, C4<0>;
L_0x5565ba1b79d0 .functor AND 1, L_0x5565ba1b7e00, L_0x5565ba1b7f30, C4<1>, C4<1>;
L_0x5565ba1b7a90 .functor AND 1, L_0x5565ba1b7e00, L_0x5565ba1b7470, C4<1>, C4<1>;
L_0x5565ba1b7b30 .functor OR 1, L_0x5565ba1b79d0, L_0x5565ba1b7a90, C4<0>, C4<0>;
L_0x5565ba1b7c40 .functor AND 1, L_0x5565ba1b7f30, L_0x5565ba1b7470, C4<1>, C4<1>;
L_0x5565ba1b7cf0 .functor OR 1, L_0x5565ba1b7b30, L_0x5565ba1b7c40, C4<0>, C4<0>;
v0x5565ba199c30_0 .net *"_s0", 0 0, L_0x5565ba1b7810;  1 drivers
v0x5565ba199d10_0 .net *"_s10", 0 0, L_0x5565ba1b7c40;  1 drivers
v0x5565ba199df0_0 .net *"_s4", 0 0, L_0x5565ba1b79d0;  1 drivers
v0x5565ba199ee0_0 .net *"_s6", 0 0, L_0x5565ba1b7a90;  1 drivers
v0x5565ba199fc0_0 .net *"_s8", 0 0, L_0x5565ba1b7b30;  1 drivers
v0x5565ba19a0f0_0 .net "a", 0 0, L_0x5565ba1b7e00;  1 drivers
v0x5565ba19a1b0_0 .net "b", 0 0, L_0x5565ba1b7f30;  1 drivers
v0x5565ba19a270_0 .net "ca", 0 0, L_0x5565ba1b7cf0;  alias, 1 drivers
v0x5565ba19a330_0 .net "cin", 0 0, L_0x5565ba1b7470;  alias, 1 drivers
v0x5565ba19a460_0 .net "sum", 0 0, L_0x5565ba1b7880;  1 drivers
S_0x5565ba19a5d0 .scope module, "fa_3" "onebitfulladder" 6 15, 7 1 0, S_0x5565ba198010;
 .timescale 0 0;
    .port_info 0 /INPUT 1 "a"
    .port_info 1 /INPUT 1 "b"
    .port_info 2 /INPUT 1 "cin"
    .port_info 3 /OUTPUT 1 "sum"
    .port_info 4 /OUTPUT 1 "ca"
L_0x5565ba1b80a0 .functor XOR 1, L_0x5565ba1b85f0, L_0x5565ba1b87b0, C4<0>, C4<0>;
L_0x5565ba1b8110 .functor XOR 1, L_0x5565ba1b80a0, L_0x5565ba1b7cf0, C4<0>, C4<0>;
L_0x5565ba1b8210 .functor AND 1, L_0x5565ba1b85f0, L_0x5565ba1b87b0, C4<1>, C4<1>;
L_0x5565ba1b8280 .functor AND 1, L_0x5565ba1b85f0, L_0x5565ba1b7cf0, C4<1>, C4<1>;
L_0x5565ba1b8320 .functor OR 1, L_0x5565ba1b8210, L_0x5565ba1b8280, C4<0>, C4<0>;
L_0x5565ba1b8430 .functor AND 1, L_0x5565ba1b87b0, L_0x5565ba1b7cf0, C4<1>, C4<1>;
L_0x5565ba1b84e0 .functor OR 1, L_0x5565ba1b8320, L_0x5565ba1b8430, C4<0>, C4<0>;
v0x5565ba19a7d0_0 .net *"_s0", 0 0, L_0x5565ba1b80a0;  1 drivers
v0x5565ba19a8d0_0 .net *"_s10", 0 0, L_0x5565ba1b8430;  1 drivers
v0x5565ba19a9b0_0 .net *"_s4", 0 0, L_0x5565ba1b8210;  1 drivers
v0x5565ba19aaa0_0 .net *"_s6", 0 0, L_0x5565ba1b8280;  1 drivers
v0x5565ba19ab80_0 .net *"_s8", 0 0, L_0x5565ba1b8320;  1 drivers
v0x5565ba19acb0_0 .net "a", 0 0, L_0x5565ba1b85f0;  1 drivers
v0x5565ba19ad70_0 .net "b", 0 0, L_0x5565ba1b87b0;  1 drivers
v0x5565ba19ae30_0 .net "ca", 0 0, L_0x5565ba1b84e0;  alias, 1 drivers
v0x5565ba19aef0_0 .net "cin", 0 0, L_0x5565ba1b7cf0;  alias, 1 drivers
v0x5565ba19b020_0 .net "sum", 0 0, L_0x5565ba1b8110;  1 drivers
S_0x5565ba19bf90 .scope module, "fa_1" "eightbitfulladder" 4 13, 5 3 0, S_0x5565ba17c4b0;
 .timescale 0 0;
    .port_info 0 /INPUT 8 "a"
    .port_info 1 /INPUT 8 "b"
    .port_info 2 /INPUT 1 "ci"
    .port_info 3 /OUTPUT 8 "s"
    .port_info 4 /OUTPUT 1 "co"
v0x5565ba1a3360_0 .net "a", 7 0, L_0x5565ba1bd760;  1 drivers
v0x5565ba1a3460_0 .net "b", 7 0, L_0x5565ba1bd850;  1 drivers
v0x5565ba1a3540_0 .net "ci", 0 0, L_0x5565ba1b84e0;  alias, 1 drivers
v0x5565ba1a35e0_0 .net "co", 0 0, L_0x5565ba1bcec0;  alias, 1 drivers
v0x5565ba1a36d0_0 .net "l1", 0 0, L_0x5565ba1bab30;  1 drivers
v0x5565ba1a3850_0 .net "s", 7 0, L_0x5565ba1bd620;  1 drivers
L_0x5565ba1bb0b0 .part L_0x5565ba1bd760, 0, 4;
L_0x5565ba1bb150 .part L_0x5565ba1bd850, 0, 4;
L_0x5565ba1bd440 .part L_0x5565ba1bd760, 4, 4;
L_0x5565ba1bd530 .part L_0x5565ba1bd850, 4, 4;
L_0x5565ba1bd620 .concat8 [ 4 4 0 0], L_0x5565ba1bb010, L_0x5565ba1bd3a0;
S_0x5565ba19c1b0 .scope module, "fa_0" "fourbitfulladder" 5 12, 6 3 0, S_0x5565ba19bf90;
 .timescale 0 0;
    .port_info 0 /INPUT 4 "a"
    .port_info 1 /INPUT 4 "b"
    .port_info 2 /INPUT 1 "ci"
    .port_info 3 /OUTPUT 4 "s"
    .port_info 4 /OUTPUT 1 "co"
v0x5565ba19f2e0_0 .net "a", 3 0, L_0x5565ba1bb0b0;  1 drivers
v0x5565ba19f3e0_0 .net "b", 3 0, L_0x5565ba1bb150;  1 drivers
v0x5565ba19f4c0_0 .net "ci", 0 0, L_0x5565ba1b84e0;  alias, 1 drivers
v0x5565ba19f5f0_0 .net "co", 0 0, L_0x5565ba1bab30;  alias, 1 drivers
v0x5565ba19f6c0_0 .net "l1", 0 0, L_0x5565ba1b9400;  1 drivers
v0x5565ba19f760_0 .net "l2", 0 0, L_0x5565ba1b9af0;  1 drivers
v0x5565ba19f850_0 .net "l3", 0 0, L_0x5565ba1ba370;  1 drivers
v0x5565ba19f940_0 .net "s", 3 0, L_0x5565ba1bb010;  1 drivers
L_0x5565ba1b9510 .part L_0x5565ba1bb0b0, 0, 1;
L_0x5565ba1b95b0 .part L_0x5565ba1bb150, 0, 1;
L_0x5565ba1b9c00 .part L_0x5565ba1bb0b0, 1, 1;
L_0x5565ba1b9d30 .part L_0x5565ba1bb150, 1, 1;
L_0x5565ba1ba480 .part L_0x5565ba1bb0b0, 2, 1;
L_0x5565ba1ba5b0 .part L_0x5565ba1bb150, 2, 1;
L_0x5565ba1bac40 .part L_0x5565ba1bb0b0, 3, 1;
L_0x5565ba1bae00 .part L_0x5565ba1bb150, 3, 1;
L_0x5565ba1bb010 .concat8 [ 1 1 1 1], L_0x5565ba1b8f30, L_0x5565ba1b9750, L_0x5565ba1b9f00, L_0x5565ba1ba790;
S_0x5565ba19c400 .scope module, "fa_0" "onebitfulladder" 6 12, 7 1 0, S_0x5565ba19c1b0;
 .timescale 0 0;
    .port_info 0 /INPUT 1 "a"
    .port_info 1 /INPUT 1 "b"
    .port_info 2 /INPUT 1 "cin"
    .port_info 3 /OUTPUT 1 "sum"
    .port_info 4 /OUTPUT 1 "ca"
L_0x5565ba1b8ec0 .functor XOR 1, L_0x5565ba1b9510, L_0x5565ba1b95b0, C4<0>, C4<0>;
L_0x5565ba1b8f30 .functor XOR 1, L_0x5565ba1b8ec0, L_0x5565ba1b84e0, C4<0>, C4<0>;
L_0x5565ba1b9100 .functor AND 1, L_0x5565ba1b9510, L_0x5565ba1b95b0, C4<1>, C4<1>;
L_0x5565ba1b9210 .functor AND 1, L_0x5565ba1b9510, L_0x5565ba1b84e0, C4<1>, C4<1>;
L_0x5565ba1b9280 .functor OR 1, L_0x5565ba1b9100, L_0x5565ba1b9210, C4<0>, C4<0>;
L_0x5565ba1b9390 .functor AND 1, L_0x5565ba1b95b0, L_0x5565ba1b84e0, C4<1>, C4<1>;
L_0x5565ba1b9400 .functor OR 1, L_0x5565ba1b9280, L_0x5565ba1b9390, C4<0>, C4<0>;
v0x5565ba19c670_0 .net *"_s0", 0 0, L_0x5565ba1b8ec0;  1 drivers
v0x5565ba19c770_0 .net *"_s10", 0 0, L_0x5565ba1b9390;  1 drivers
v0x5565ba19c850_0 .net *"_s4", 0 0, L_0x5565ba1b9100;  1 drivers
v0x5565ba19c910_0 .net *"_s6", 0 0, L_0x5565ba1b9210;  1 drivers
v0x5565ba19c9f0_0 .net *"_s8", 0 0, L_0x5565ba1b9280;  1 drivers
v0x5565ba19cb20_0 .net "a", 0 0, L_0x5565ba1b9510;  1 drivers
v0x5565ba19cbe0_0 .net "b", 0 0, L_0x5565ba1b95b0;  1 drivers
v0x5565ba19cca0_0 .net "ca", 0 0, L_0x5565ba1b9400;  alias, 1 drivers
v0x5565ba19cd60_0 .net "cin", 0 0, L_0x5565ba1b84e0;  alias, 1 drivers
v0x5565ba19ce90_0 .net "sum", 0 0, L_0x5565ba1b8f30;  1 drivers
S_0x5565ba19cff0 .scope module, "fa_1" "onebitfulladder" 6 13, 7 1 0, S_0x5565ba19c1b0;
 .timescale 0 0;
    .port_info 0 /INPUT 1 "a"
    .port_info 1 /INPUT 1 "b"
    .port_info 2 /INPUT 1 "cin"
    .port_info 3 /OUTPUT 1 "sum"
    .port_info 4 /OUTPUT 1 "ca"
L_0x5565ba1b96e0 .functor XOR 1, L_0x5565ba1b9c00, L_0x5565ba1b9d30, C4<0>, C4<0>;
L_0x5565ba1b9750 .functor XOR 1, L_0x5565ba1b96e0, L_0x5565ba1b9400, C4<0>, C4<0>;
L_0x5565ba1b9850 .functor AND 1, L_0x5565ba1b9c00, L_0x5565ba1b9d30, C4<1>, C4<1>;
L_0x5565ba1b98c0 .functor AND 1, L_0x5565ba1b9c00, L_0x5565ba1b9400, C4<1>, C4<1>;
L_0x5565ba1b9930 .functor OR 1, L_0x5565ba1b9850, L_0x5565ba1b98c0, C4<0>, C4<0>;
L_0x5565ba1b9a40 .functor AND 1, L_0x5565ba1b9d30, L_0x5565ba1b9400, C4<1>, C4<1>;
L_0x5565ba1b9af0 .functor OR 1, L_0x5565ba1b9930, L_0x5565ba1b9a40, C4<0>, C4<0>;
v0x5565ba19d210_0 .net *"_s0", 0 0, L_0x5565ba1b96e0;  1 drivers
v0x5565ba19d2f0_0 .net *"_s10", 0 0, L_0x5565ba1b9a40;  1 drivers
v0x5565ba19d3d0_0 .net *"_s4", 0 0, L_0x5565ba1b9850;  1 drivers
v0x5565ba19d490_0 .net *"_s6", 0 0, L_0x5565ba1b98c0;  1 drivers
v0x5565ba19d570_0 .net *"_s8", 0 0, L_0x5565ba1b9930;  1 drivers
v0x5565ba19d6a0_0 .net "a", 0 0, L_0x5565ba1b9c00;  1 drivers
v0x5565ba19d760_0 .net "b", 0 0, L_0x5565ba1b9d30;  1 drivers
v0x5565ba19d820_0 .net "ca", 0 0, L_0x5565ba1b9af0;  alias, 1 drivers
v0x5565ba19d8e0_0 .net "cin", 0 0, L_0x5565ba1b9400;  alias, 1 drivers
v0x5565ba19da10_0 .net "sum", 0 0, L_0x5565ba1b9750;  1 drivers
S_0x5565ba19db50 .scope module, "fa_2" "onebitfulladder" 6 14, 7 1 0, S_0x5565ba19c1b0;
 .timescale 0 0;
    .port_info 0 /INPUT 1 "a"
    .port_info 1 /INPUT 1 "b"
    .port_info 2 /INPUT 1 "cin"
    .port_info 3 /OUTPUT 1 "sum"
    .port_info 4 /OUTPUT 1 "ca"
L_0x5565ba1b9e90 .functor XOR 1, L_0x5565ba1ba480, L_0x5565ba1ba5b0, C4<0>, C4<0>;
L_0x5565ba1b9f00 .functor XOR 1, L_0x5565ba1b9e90, L_0x5565ba1b9af0, C4<0>, C4<0>;
L_0x5565ba1ba050 .functor AND 1, L_0x5565ba1ba480, L_0x5565ba1ba5b0, C4<1>, C4<1>;
L_0x5565ba1ba110 .functor AND 1, L_0x5565ba1ba480, L_0x5565ba1b9af0, C4<1>, C4<1>;
L_0x5565ba1ba1b0 .functor OR 1, L_0x5565ba1ba050, L_0x5565ba1ba110, C4<0>, C4<0>;
L_0x5565ba1ba2c0 .functor AND 1, L_0x5565ba1ba5b0, L_0x5565ba1b9af0, C4<1>, C4<1>;
L_0x5565ba1ba370 .functor OR 1, L_0x5565ba1ba1b0, L_0x5565ba1ba2c0, C4<0>, C4<0>;
v0x5565ba19dd80_0 .net *"_s0", 0 0, L_0x5565ba1b9e90;  1 drivers
v0x5565ba19de60_0 .net *"_s10", 0 0, L_0x5565ba1ba2c0;  1 drivers
v0x5565ba19df40_0 .net *"_s4", 0 0, L_0x5565ba1ba050;  1 drivers
v0x5565ba19e030_0 .net *"_s6", 0 0, L_0x5565ba1ba110;  1 drivers
v0x5565ba19e110_0 .net *"_s8", 0 0, L_0x5565ba1ba1b0;  1 drivers
v0x5565ba19e240_0 .net "a", 0 0, L_0x5565ba1ba480;  1 drivers
v0x5565ba19e300_0 .net "b", 0 0, L_0x5565ba1ba5b0;  1 drivers
v0x5565ba19e3c0_0 .net "ca", 0 0, L_0x5565ba1ba370;  alias, 1 drivers
v0x5565ba19e480_0 .net "cin", 0 0, L_0x5565ba1b9af0;  alias, 1 drivers
v0x5565ba19e5b0_0 .net "sum", 0 0, L_0x5565ba1b9f00;  1 drivers
S_0x5565ba19e720 .scope module, "fa_3" "onebitfulladder" 6 15, 7 1 0, S_0x5565ba19c1b0;
 .timescale 0 0;
    .port_info 0 /INPUT 1 "a"
    .port_info 1 /INPUT 1 "b"
    .port_info 2 /INPUT 1 "cin"
    .port_info 3 /OUTPUT 1 "sum"
    .port_info 4 /OUTPUT 1 "ca"
L_0x5565ba1ba720 .functor XOR 1, L_0x5565ba1bac40, L_0x5565ba1bae00, C4<0>, C4<0>;
L_0x5565ba1ba790 .functor XOR 1, L_0x5565ba1ba720, L_0x5565ba1ba370, C4<0>, C4<0>;
L_0x5565ba1ba890 .functor AND 1, L_0x5565ba1bac40, L_0x5565ba1bae00, C4<1>, C4<1>;
L_0x5565ba1ba900 .functor AND 1, L_0x5565ba1bac40, L_0x5565ba1ba370, C4<1>, C4<1>;
L_0x5565ba1ba970 .functor OR 1, L_0x5565ba1ba890, L_0x5565ba1ba900, C4<0>, C4<0>;
L_0x5565ba1baa80 .functor AND 1, L_0x5565ba1bae00, L_0x5565ba1ba370, C4<1>, C4<1>;
L_0x5565ba1bab30 .functor OR 1, L_0x5565ba1ba970, L_0x5565ba1baa80, C4<0>, C4<0>;
v0x5565ba19e920_0 .net *"_s0", 0 0, L_0x5565ba1ba720;  1 drivers
v0x5565ba19ea20_0 .net *"_s10", 0 0, L_0x5565ba1baa80;  1 drivers
v0x5565ba19eb00_0 .net *"_s4", 0 0, L_0x5565ba1ba890;  1 drivers
v0x5565ba19ebf0_0 .net *"_s6", 0 0, L_0x5565ba1ba900;  1 drivers
v0x5565ba19ecd0_0 .net *"_s8", 0 0, L_0x5565ba1ba970;  1 drivers
v0x5565ba19ee00_0 .net "a", 0 0, L_0x5565ba1bac40;  1 drivers
v0x5565ba19eec0_0 .net "b", 0 0, L_0x5565ba1bae00;  1 drivers
v0x5565ba19ef80_0 .net "ca", 0 0, L_0x5565ba1bab30;  alias, 1 drivers
v0x5565ba19f040_0 .net "cin", 0 0, L_0x5565ba1ba370;  alias, 1 drivers
v0x5565ba19f170_0 .net "sum", 0 0, L_0x5565ba1ba790;  1 drivers
S_0x5565ba19fa80 .scope module, "fa_1" "fourbitfulladder" 5 13, 6 3 0, S_0x5565ba19bf90;
 .timescale 0 0;
    .port_info 0 /INPUT 4 "a"
    .port_info 1 /INPUT 4 "b"
    .port_info 2 /INPUT 1 "ci"
    .port_info 3 /OUTPUT 4 "s"
    .port_info 4 /OUTPUT 1 "co"
v0x5565ba1a2c00_0 .net "a", 3 0, L_0x5565ba1bd440;  1 drivers
v0x5565ba1a2d00_0 .net "b", 3 0, L_0x5565ba1bd530;  1 drivers
v0x5565ba1a2de0_0 .net "ci", 0 0, L_0x5565ba1bab30;  alias, 1 drivers
v0x5565ba1a2e80_0 .net "co", 0 0, L_0x5565ba1bcec0;  alias, 1 drivers
v0x5565ba1a2f50_0 .net "l1", 0 0, L_0x5565ba1bb730;  1 drivers
v0x5565ba1a3040_0 .net "l2", 0 0, L_0x5565ba1bbe50;  1 drivers
v0x5565ba1a3130_0 .net "l3", 0 0, L_0x5565ba1bc6d0;  1 drivers
v0x5565ba1a3220_0 .net "s", 3 0, L_0x5565ba1bd3a0;  1 drivers
L_0x5565ba1bb840 .part L_0x5565ba1bd440, 0, 1;
L_0x5565ba1bb8e0 .part L_0x5565ba1bd530, 0, 1;
L_0x5565ba1bbf60 .part L_0x5565ba1bd440, 1, 1;
L_0x5565ba1bc090 .part L_0x5565ba1bd530, 1, 1;
L_0x5565ba1bc7e0 .part L_0x5565ba1bd440, 2, 1;
L_0x5565ba1bc910 .part L_0x5565ba1bd530, 2, 1;
L_0x5565ba1bcfd0 .part L_0x5565ba1bd440, 3, 1;
L_0x5565ba1bd190 .part L_0x5565ba1bd530, 3, 1;
L_0x5565ba1bd3a0 .concat8 [ 1 1 1 1], L_0x5565ba1bb260, L_0x5565ba1bba80, L_0x5565ba1bc260, L_0x5565ba1bcaf0;
S_0x5565ba19fcf0 .scope module, "fa_0" "onebitfulladder" 6 12, 7 1 0, S_0x5565ba19fa80;
 .timescale 0 0;
    .port_info 0 /INPUT 1 "a"
    .port_info 1 /INPUT 1 "b"
    .port_info 2 /INPUT 1 "cin"
    .port_info 3 /OUTPUT 1 "sum"
    .port_info 4 /OUTPUT 1 "ca"
L_0x5565ba1bb1f0 .functor XOR 1, L_0x5565ba1bb840, L_0x5565ba1bb8e0, C4<0>, C4<0>;
L_0x5565ba1bb260 .functor XOR 1, L_0x5565ba1bb1f0, L_0x5565ba1bab30, C4<0>, C4<0>;
L_0x5565ba1bb320 .functor AND 1, L_0x5565ba1bb840, L_0x5565ba1bb8e0, C4<1>, C4<1>;
L_0x5565ba1bb430 .functor AND 1, L_0x5565ba1bb840, L_0x5565ba1bab30, C4<1>, C4<1>;
L_0x5565ba1bb4a0 .functor OR 1, L_0x5565ba1bb320, L_0x5565ba1bb430, C4<0>, C4<0>;
L_0x5565ba1bb5b0 .functor AND 1, L_0x5565ba1bb8e0, L_0x5565ba1bab30, C4<1>, C4<1>;
L_0x5565ba1bb730 .functor OR 1, L_0x5565ba1bb4a0, L_0x5565ba1bb5b0, C4<0>, C4<0>;
v0x5565ba19ff40_0 .net *"_s0", 0 0, L_0x5565ba1bb1f0;  1 drivers
v0x5565ba1a0040_0 .net *"_s10", 0 0, L_0x5565ba1bb5b0;  1 drivers
v0x5565ba1a0120_0 .net *"_s4", 0 0, L_0x5565ba1bb320;  1 drivers
v0x5565ba1a01e0_0 .net *"_s6", 0 0, L_0x5565ba1bb430;  1 drivers
v0x5565ba1a02c0_0 .net *"_s8", 0 0, L_0x5565ba1bb4a0;  1 drivers
v0x5565ba1a03f0_0 .net "a", 0 0, L_0x5565ba1bb840;  1 drivers
v0x5565ba1a04b0_0 .net "b", 0 0, L_0x5565ba1bb8e0;  1 drivers
v0x5565ba1a0570_0 .net "ca", 0 0, L_0x5565ba1bb730;  alias, 1 drivers
v0x5565ba1a0630_0 .net "cin", 0 0, L_0x5565ba1bab30;  alias, 1 drivers
v0x5565ba1a0760_0 .net "sum", 0 0, L_0x5565ba1bb260;  1 drivers
S_0x5565ba1a08c0 .scope module, "fa_1" "onebitfulladder" 6 13, 7 1 0, S_0x5565ba19fa80;
 .timescale 0 0;
    .port_info 0 /INPUT 1 "a"
    .port_info 1 /INPUT 1 "b"
    .port_info 2 /INPUT 1 "cin"
    .port_info 3 /OUTPUT 1 "sum"
    .port_info 4 /OUTPUT 1 "ca"
L_0x5565ba1bba10 .functor XOR 1, L_0x5565ba1bbf60, L_0x5565ba1bc090, C4<0>, C4<0>;
L_0x5565ba1bba80 .functor XOR 1, L_0x5565ba1bba10, L_0x5565ba1bb730, C4<0>, C4<0>;
L_0x5565ba1bbb80 .functor AND 1, L_0x5565ba1bbf60, L_0x5565ba1bc090, C4<1>, C4<1>;
L_0x5565ba1bbbf0 .functor AND 1, L_0x5565ba1bbf60, L_0x5565ba1bb730, C4<1>, C4<1>;
L_0x5565ba1bbc90 .functor OR 1, L_0x5565ba1bbb80, L_0x5565ba1bbbf0, C4<0>, C4<0>;
L_0x5565ba1bbda0 .functor AND 1, L_0x5565ba1bc090, L_0x5565ba1bb730, C4<1>, C4<1>;
L_0x5565ba1bbe50 .functor OR 1, L_0x5565ba1bbc90, L_0x5565ba1bbda0, C4<0>, C4<0>;
v0x5565ba1a0b30_0 .net *"_s0", 0 0, L_0x5565ba1bba10;  1 drivers
v0x5565ba1a0c10_0 .net *"_s10", 0 0, L_0x5565ba1bbda0;  1 drivers
v0x5565ba1a0cf0_0 .net *"_s4", 0 0, L_0x5565ba1bbb80;  1 drivers
v0x5565ba1a0db0_0 .net *"_s6", 0 0, L_0x5565ba1bbbf0;  1 drivers
v0x5565ba1a0e90_0 .net *"_s8", 0 0, L_0x5565ba1bbc90;  1 drivers
v0x5565ba1a0fc0_0 .net "a", 0 0, L_0x5565ba1bbf60;  1 drivers
v0x5565ba1a1080_0 .net "b", 0 0, L_0x5565ba1bc090;  1 drivers
v0x5565ba1a1140_0 .net "ca", 0 0, L_0x5565ba1bbe50;  alias, 1 drivers
v0x5565ba1a1200_0 .net "cin", 0 0, L_0x5565ba1bb730;  alias, 1 drivers
v0x5565ba1a1330_0 .net "sum", 0 0, L_0x5565ba1bba80;  1 drivers
S_0x5565ba1a1470 .scope module, "fa_2" "onebitfulladder" 6 14, 7 1 0, S_0x5565ba19fa80;
 .timescale 0 0;
    .port_info 0 /INPUT 1 "a"
    .port_info 1 /INPUT 1 "b"
    .port_info 2 /INPUT 1 "cin"
    .port_info 3 /OUTPUT 1 "sum"
    .port_info 4 /OUTPUT 1 "ca"
L_0x5565ba1bc1f0 .functor XOR 1, L_0x5565ba1bc7e0, L_0x5565ba1bc910, C4<0>, C4<0>;
L_0x5565ba1bc260 .functor XOR 1, L_0x5565ba1bc1f0, L_0x5565ba1bbe50, C4<0>, C4<0>;
L_0x5565ba1bc3b0 .functor AND 1, L_0x5565ba1bc7e0, L_0x5565ba1bc910, C4<1>, C4<1>;
L_0x5565ba1bc470 .functor AND 1, L_0x5565ba1bc7e0, L_0x5565ba1bbe50, C4<1>, C4<1>;
L_0x5565ba1bc510 .functor OR 1, L_0x5565ba1bc3b0, L_0x5565ba1bc470, C4<0>, C4<0>;
L_0x5565ba1bc620 .functor AND 1, L_0x5565ba1bc910, L_0x5565ba1bbe50, C4<1>, C4<1>;
L_0x5565ba1bc6d0 .functor OR 1, L_0x5565ba1bc510, L_0x5565ba1bc620, C4<0>, C4<0>;
v0x5565ba1a16a0_0 .net *"_s0", 0 0, L_0x5565ba1bc1f0;  1 drivers
v0x5565ba1a1780_0 .net *"_s10", 0 0, L_0x5565ba1bc620;  1 drivers
v0x5565ba1a1860_0 .net *"_s4", 0 0, L_0x5565ba1bc3b0;  1 drivers
v0x5565ba1a1950_0 .net *"_s6", 0 0, L_0x5565ba1bc470;  1 drivers
v0x5565ba1a1a30_0 .net *"_s8", 0 0, L_0x5565ba1bc510;  1 drivers
v0x5565ba1a1b60_0 .net "a", 0 0, L_0x5565ba1bc7e0;  1 drivers
v0x5565ba1a1c20_0 .net "b", 0 0, L_0x5565ba1bc910;  1 drivers
v0x5565ba1a1ce0_0 .net "ca", 0 0, L_0x5565ba1bc6d0;  alias, 1 drivers
v0x5565ba1a1da0_0 .net "cin", 0 0, L_0x5565ba1bbe50;  alias, 1 drivers
v0x5565ba1a1ed0_0 .net "sum", 0 0, L_0x5565ba1bc260;  1 drivers
S_0x5565ba1a2040 .scope module, "fa_3" "onebitfulladder" 6 15, 7 1 0, S_0x5565ba19fa80;
 .timescale 0 0;
    .port_info 0 /INPUT 1 "a"
    .port_info 1 /INPUT 1 "b"
    .port_info 2 /INPUT 1 "cin"
    .port_info 3 /OUTPUT 1 "sum"
    .port_info 4 /OUTPUT 1 "ca"
L_0x5565ba1bca80 .functor XOR 1, L_0x5565ba1bcfd0, L_0x5565ba1bd190, C4<0>, C4<0>;
L_0x5565ba1bcaf0 .functor XOR 1, L_0x5565ba1bca80, L_0x5565ba1bc6d0, C4<0>, C4<0>;
L_0x5565ba1bcbf0 .functor AND 1, L_0x5565ba1bcfd0, L_0x5565ba1bd190, C4<1>, C4<1>;
L_0x5565ba1bcc60 .functor AND 1, L_0x5565ba1bcfd0, L_0x5565ba1bc6d0, C4<1>, C4<1>;
L_0x5565ba1bcd00 .functor OR 1, L_0x5565ba1bcbf0, L_0x5565ba1bcc60, C4<0>, C4<0>;
L_0x5565ba1bce10 .functor AND 1, L_0x5565ba1bd190, L_0x5565ba1bc6d0, C4<1>, C4<1>;
L_0x5565ba1bcec0 .functor OR 1, L_0x5565ba1bcd00, L_0x5565ba1bce10, C4<0>, C4<0>;
v0x5565ba1a2240_0 .net *"_s0", 0 0, L_0x5565ba1bca80;  1 drivers
v0x5565ba1a2340_0 .net *"_s10", 0 0, L_0x5565ba1bce10;  1 drivers
v0x5565ba1a2420_0 .net *"_s4", 0 0, L_0x5565ba1bcbf0;  1 drivers
v0x5565ba1a2510_0 .net *"_s6", 0 0, L_0x5565ba1bcc60;  1 drivers
v0x5565ba1a25f0_0 .net *"_s8", 0 0, L_0x5565ba1bcd00;  1 drivers
v0x5565ba1a2720_0 .net "a", 0 0, L_0x5565ba1bcfd0;  1 drivers
v0x5565ba1a27e0_0 .net "b", 0 0, L_0x5565ba1bd190;  1 drivers
v0x5565ba1a28a0_0 .net "ca", 0 0, L_0x5565ba1bcec0;  alias, 1 drivers
v0x5565ba1a2960_0 .net "cin", 0 0, L_0x5565ba1bc6d0;  alias, 1 drivers
v0x5565ba1a2a90_0 .net "sum", 0 0, L_0x5565ba1bcaf0;  1 drivers
S_0x5565ba1a3ed0 .scope module, "fa_1" "sixteenbitfulladder" 3 13, 4 3 0, S_0x5565ba187030;
 .timescale 0 0;
    .port_info 0 /INPUT 16 "a"
    .port_info 1 /INPUT 16 "b"
    .port_info 2 /INPUT 1 "ci"
    .port_info 3 /OUTPUT 16 "s"
    .port_info 4 /OUTPUT 1 "co"
v0x5565ba1b3660_0 .net "a", 15 0, L_0x5565ba1c7060;  1 drivers
v0x5565ba1b3760_0 .net "b", 15 0, L_0x5565ba1c7100;  1 drivers
v0x5565ba1b3840_0 .net "ci", 0 0, L_0x5565ba1bcec0;  alias, 1 drivers
v0x5565ba1b38e0_0 .net "co", 0 0, L_0x5565ba1c64a0;  alias, 1 drivers
v0x5565ba1b3980_0 .net "l1", 0 0, L_0x5565ba1c1ac0;  1 drivers
v0x5565ba1b3a20_0 .net "s", 15 0, L_0x5565ba1c6f20;  1 drivers
L_0x5565ba1c2360 .part L_0x5565ba1c7060, 0, 8;
L_0x5565ba1c2400 .part L_0x5565ba1c7100, 0, 8;
L_0x5565ba1c6d40 .part L_0x5565ba1c7060, 8, 8;
L_0x5565ba1c6e30 .part L_0x5565ba1c7100, 8, 8;
L_0x5565ba1c6f20 .concat8 [ 8 8 0 0], L_0x5565ba1c2220, L_0x5565ba1c6c00;
S_0x5565ba1a4140 .scope module, "fa_0" "eightbitfulladder" 4 12, 5 3 0, S_0x5565ba1a3ed0;
 .timescale 0 0;
    .port_info 0 /INPUT 8 "a"
    .port_info 1 /INPUT 8 "b"
    .port_info 2 /INPUT 1 "ci"
    .port_info 3 /OUTPUT 8 "s"
    .port_info 4 /OUTPUT 1 "co"
v0x5565ba1ab5c0_0 .net "a", 7 0, L_0x5565ba1c2360;  1 drivers
v0x5565ba1ab6c0_0 .net "b", 7 0, L_0x5565ba1c2400;  1 drivers
v0x5565ba1ab7a0_0 .net "ci", 0 0, L_0x5565ba1bcec0;  alias, 1 drivers
v0x5565ba1ab840_0 .net "co", 0 0, L_0x5565ba1c1ac0;  alias, 1 drivers
v0x5565ba1ab930_0 .net "l1", 0 0, L_0x5565ba1bf7f0;  1 drivers
v0x5565ba1abab0_0 .net "s", 7 0, L_0x5565ba1c2220;  1 drivers
L_0x5565ba1bfd70 .part L_0x5565ba1c2360, 0, 4;
L_0x5565ba1bfe10 .part L_0x5565ba1c2400, 0, 4;
L_0x5565ba1c2040 .part L_0x5565ba1c2360, 4, 4;
L_0x5565ba1c2130 .part L_0x5565ba1c2400, 4, 4;
L_0x5565ba1c2220 .concat8 [ 4 4 0 0], L_0x5565ba1bfcd0, L_0x5565ba1c1fa0;
S_0x5565ba1a4390 .scope module, "fa_0" "fourbitfulladder" 5 12, 6 3 0, S_0x5565ba1a4140;
 .timescale 0 0;
    .port_info 0 /INPUT 4 "a"
    .port_info 1 /INPUT 4 "b"
    .port_info 2 /INPUT 1 "ci"
    .port_info 3 /OUTPUT 4 "s"
    .port_info 4 /OUTPUT 1 "co"
v0x5565ba1a7580_0 .net "a", 3 0, L_0x5565ba1bfd70;  1 drivers
v0x5565ba1a7680_0 .net "b", 3 0, L_0x5565ba1bfe10;  1 drivers
v0x5565ba1a7760_0 .net "ci", 0 0, L_0x5565ba1bcec0;  alias, 1 drivers
v0x5565ba1a7800_0 .net "co", 0 0, L_0x5565ba1bf7f0;  alias, 1 drivers
v0x5565ba1a78d0_0 .net "l1", 0 0, L_0x5565ba1be090;  1 drivers
v0x5565ba1a79c0_0 .net "l2", 0 0, L_0x5565ba1be810;  1 drivers
v0x5565ba1a7ab0_0 .net "l3", 0 0, L_0x5565ba1bf030;  1 drivers
v0x5565ba1a7ba0_0 .net "s", 3 0, L_0x5565ba1bfcd0;  1 drivers
L_0x5565ba1be1a0 .part L_0x5565ba1bfd70, 0, 1;
L_0x5565ba1be2d0 .part L_0x5565ba1bfe10, 0, 1;
L_0x5565ba1be920 .part L_0x5565ba1bfd70, 1, 1;
L_0x5565ba1bea50 .part L_0x5565ba1bfe10, 1, 1;
L_0x5565ba1bf140 .part L_0x5565ba1bfd70, 2, 1;
L_0x5565ba1bf270 .part L_0x5565ba1bfe10, 2, 1;
L_0x5565ba1bf900 .part L_0x5565ba1bfd70, 3, 1;
L_0x5565ba1bfac0 .part L_0x5565ba1bfe10, 3, 1;
L_0x5565ba1bfcd0 .concat8 [ 1 1 1 1], L_0x5565ba1bdcd0, L_0x5565ba1be470, L_0x5565ba1bebf0, L_0x5565ba1bf450;
S_0x5565ba1a4600 .scope module, "fa_0" "onebitfulladder" 6 12, 7 1 0, S_0x5565ba1a4390;
 .timescale 0 0;
    .port_info 0 /INPUT 1 "a"
    .port_info 1 /INPUT 1 "b"
    .port_info 2 /INPUT 1 "cin"
    .port_info 3 /OUTPUT 1 "sum"
    .port_info 4 /OUTPUT 1 "ca"
L_0x5565ba1bdc60 .functor XOR 1, L_0x5565ba1be1a0, L_0x5565ba1be2d0, C4<0>, C4<0>;
L_0x5565ba1bdcd0 .functor XOR 1, L_0x5565ba1bdc60, L_0x5565ba1bcec0, C4<0>, C4<0>;
L_0x5565ba1bdd90 .functor AND 1, L_0x5565ba1be1a0, L_0x5565ba1be2d0, C4<1>, C4<1>;
L_0x5565ba1bdea0 .functor AND 1, L_0x5565ba1be1a0, L_0x5565ba1bcec0, C4<1>, C4<1>;
L_0x5565ba1bdf10 .functor OR 1, L_0x5565ba1bdd90, L_0x5565ba1bdea0, C4<0>, C4<0>;
L_0x5565ba1be020 .functor AND 1, L_0x5565ba1be2d0, L_0x5565ba1bcec0, C4<1>, C4<1>;
L_0x5565ba1be090 .functor OR 1, L_0x5565ba1bdf10, L_0x5565ba1be020, C4<0>, C4<0>;
v0x5565ba1a4870_0 .net *"_s0", 0 0, L_0x5565ba1bdc60;  1 drivers
v0x5565ba1a4970_0 .net *"_s10", 0 0, L_0x5565ba1be020;  1 drivers
v0x5565ba1a4a50_0 .net *"_s4", 0 0, L_0x5565ba1bdd90;  1 drivers
v0x5565ba1a4b10_0 .net *"_s6", 0 0, L_0x5565ba1bdea0;  1 drivers
v0x5565ba1a4bf0_0 .net *"_s8", 0 0, L_0x5565ba1bdf10;  1 drivers
v0x5565ba1a4d20_0 .net "a", 0 0, L_0x5565ba1be1a0;  1 drivers
v0x5565ba1a4de0_0 .net "b", 0 0, L_0x5565ba1be2d0;  1 drivers
v0x5565ba1a4ea0_0 .net "ca", 0 0, L_0x5565ba1be090;  alias, 1 drivers
v0x5565ba1a4f60_0 .net "cin", 0 0, L_0x5565ba1bcec0;  alias, 1 drivers
v0x5565ba1a5120_0 .net "sum", 0 0, L_0x5565ba1bdcd0;  1 drivers
S_0x5565ba1a5280 .scope module, "fa_1" "onebitfulladder" 6 13, 7 1 0, S_0x5565ba1a4390;
 .timescale 0 0;
    .port_info 0 /INPUT 1 "a"
    .port_info 1 /INPUT 1 "b"
    .port_info 2 /INPUT 1 "cin"
    .port_info 3 /OUTPUT 1 "sum"
    .port_info 4 /OUTPUT 1 "ca"
L_0x5565ba1be400 .functor XOR 1, L_0x5565ba1be920, L_0x5565ba1bea50, C4<0>, C4<0>;
L_0x5565ba1be470 .functor XOR 1, L_0x5565ba1be400, L_0x5565ba1be090, C4<0>, C4<0>;
L_0x5565ba1be570 .functor AND 1, L_0x5565ba1be920, L_0x5565ba1bea50, C4<1>, C4<1>;
L_0x5565ba1be5e0 .functor AND 1, L_0x5565ba1be920, L_0x5565ba1be090, C4<1>, C4<1>;
L_0x5565ba1be650 .functor OR 1, L_0x5565ba1be570, L_0x5565ba1be5e0, C4<0>, C4<0>;
L_0x5565ba1be760 .functor AND 1, L_0x5565ba1bea50, L_0x5565ba1be090, C4<1>, C4<1>;
L_0x5565ba1be810 .functor OR 1, L_0x5565ba1be650, L_0x5565ba1be760, C4<0>, C4<0>;
v0x5565ba1a54a0_0 .net *"_s0", 0 0, L_0x5565ba1be400;  1 drivers
v0x5565ba1a5580_0 .net *"_s10", 0 0, L_0x5565ba1be760;  1 drivers
v0x5565ba1a5660_0 .net *"_s4", 0 0, L_0x5565ba1be570;  1 drivers
v0x5565ba1a5750_0 .net *"_s6", 0 0, L_0x5565ba1be5e0;  1 drivers
v0x5565ba1a5830_0 .net *"_s8", 0 0, L_0x5565ba1be650;  1 drivers
v0x5565ba1a5910_0 .net "a", 0 0, L_0x5565ba1be920;  1 drivers
v0x5565ba1a59d0_0 .net "b", 0 0, L_0x5565ba1bea50;  1 drivers
v0x5565ba1a5a90_0 .net "ca", 0 0, L_0x5565ba1be810;  alias, 1 drivers
v0x5565ba1a5b50_0 .net "cin", 0 0, L_0x5565ba1be090;  alias, 1 drivers
v0x5565ba1a5c80_0 .net "sum", 0 0, L_0x5565ba1be470;  1 drivers
S_0x5565ba1a5df0 .scope module, "fa_2" "onebitfulladder" 6 14, 7 1 0, S_0x5565ba1a4390;
 .timescale 0 0;
    .port_info 0 /INPUT 1 "a"
    .port_info 1 /INPUT 1 "b"
    .port_info 2 /INPUT 1 "cin"
    .port_info 3 /OUTPUT 1 "sum"
    .port_info 4 /OUTPUT 1 "ca"
L_0x5565ba1beb80 .functor XOR 1, L_0x5565ba1bf140, L_0x5565ba1bf270, C4<0>, C4<0>;
L_0x5565ba1bebf0 .functor XOR 1, L_0x5565ba1beb80, L_0x5565ba1be810, C4<0>, C4<0>;
L_0x5565ba1bed40 .functor AND 1, L_0x5565ba1bf140, L_0x5565ba1bf270, C4<1>, C4<1>;
L_0x5565ba1bee00 .functor AND 1, L_0x5565ba1bf140, L_0x5565ba1be810, C4<1>, C4<1>;
L_0x5565ba1bee70 .functor OR 1, L_0x5565ba1bed40, L_0x5565ba1bee00, C4<0>, C4<0>;
L_0x5565ba1bef80 .functor AND 1, L_0x5565ba1bf270, L_0x5565ba1be810, C4<1>, C4<1>;
L_0x5565ba1bf030 .functor OR 1, L_0x5565ba1bee70, L_0x5565ba1bef80, C4<0>, C4<0>;
v0x5565ba1a6020_0 .net *"_s0", 0 0, L_0x5565ba1beb80;  1 drivers
v0x5565ba1a6100_0 .net *"_s10", 0 0, L_0x5565ba1bef80;  1 drivers
v0x5565ba1a61e0_0 .net *"_s4", 0 0, L_0x5565ba1bed40;  1 drivers
v0x5565ba1a62d0_0 .net *"_s6", 0 0, L_0x5565ba1bee00;  1 drivers
v0x5565ba1a63b0_0 .net *"_s8", 0 0, L_0x5565ba1bee70;  1 drivers
v0x5565ba1a64e0_0 .net "a", 0 0, L_0x5565ba1bf140;  1 drivers
v0x5565ba1a65a0_0 .net "b", 0 0, L_0x5565ba1bf270;  1 drivers
v0x5565ba1a6660_0 .net "ca", 0 0, L_0x5565ba1bf030;  alias, 1 drivers
v0x5565ba1a6720_0 .net "cin", 0 0, L_0x5565ba1be810;  alias, 1 drivers
v0x5565ba1a6850_0 .net "sum", 0 0, L_0x5565ba1bebf0;  1 drivers
S_0x5565ba1a69c0 .scope module, "fa_3" "onebitfulladder" 6 15, 7 1 0, S_0x5565ba1a4390;
 .timescale 0 0;
    .port_info 0 /INPUT 1 "a"
    .port_info 1 /INPUT 1 "b"
    .port_info 2 /INPUT 1 "cin"
    .port_info 3 /OUTPUT 1 "sum"
    .port_info 4 /OUTPUT 1 "ca"
L_0x5565ba1bf3e0 .functor XOR 1, L_0x5565ba1bf900, L_0x5565ba1bfac0, C4<0>, C4<0>;
L_0x5565ba1bf450 .functor XOR 1, L_0x5565ba1bf3e0, L_0x5565ba1bf030, C4<0>, C4<0>;
L_0x5565ba1bf550 .functor AND 1, L_0x5565ba1bf900, L_0x5565ba1bfac0, C4<1>, C4<1>;
L_0x5565ba1bf5c0 .functor AND 1, L_0x5565ba1bf900, L_0x5565ba1bf030, C4<1>, C4<1>;
L_0x5565ba1bf630 .functor OR 1, L_0x5565ba1bf550, L_0x5565ba1bf5c0, C4<0>, C4<0>;
L_0x5565ba1bf740 .functor AND 1, L_0x5565ba1bfac0, L_0x5565ba1bf030, C4<1>, C4<1>;
L_0x5565ba1bf7f0 .functor OR 1, L_0x5565ba1bf630, L_0x5565ba1bf740, C4<0>, C4<0>;
v0x5565ba1a6bc0_0 .net *"_s0", 0 0, L_0x5565ba1bf3e0;  1 drivers
v0x5565ba1a6cc0_0 .net *"_s10", 0 0, L_0x5565ba1bf740;  1 drivers
v0x5565ba1a6da0_0 .net *"_s4", 0 0, L_0x5565ba1bf550;  1 drivers
v0x5565ba1a6e90_0 .net *"_s6", 0 0, L_0x5565ba1bf5c0;  1 drivers
v0x5565ba1a6f70_0 .net *"_s8", 0 0, L_0x5565ba1bf630;  1 drivers
v0x5565ba1a70a0_0 .net "a", 0 0, L_0x5565ba1bf900;  1 drivers
v0x5565ba1a7160_0 .net "b", 0 0, L_0x5565ba1bfac0;  1 drivers
v0x5565ba1a7220_0 .net "ca", 0 0, L_0x5565ba1bf7f0;  alias, 1 drivers
v0x5565ba1a72e0_0 .net "cin", 0 0, L_0x5565ba1bf030;  alias, 1 drivers
v0x5565ba1a7410_0 .net "sum", 0 0, L_0x5565ba1bf450;  1 drivers
S_0x5565ba1a7ce0 .scope module, "fa_1" "fourbitfulladder" 5 13, 6 3 0, S_0x5565ba1a4140;
 .timescale 0 0;
    .port_info 0 /INPUT 4 "a"
    .port_info 1 /INPUT 4 "b"
    .port_info 2 /INPUT 1 "ci"
    .port_info 3 /OUTPUT 4 "s"
    .port_info 4 /OUTPUT 1 "co"
v0x5565ba1aae60_0 .net "a", 3 0, L_0x5565ba1c2040;  1 drivers
v0x5565ba1aaf60_0 .net "b", 3 0, L_0x5565ba1c2130;  1 drivers
v0x5565ba1ab040_0 .net "ci", 0 0, L_0x5565ba1bf7f0;  alias, 1 drivers
v0x5565ba1ab0e0_0 .net "co", 0 0, L_0x5565ba1c1ac0;  alias, 1 drivers
v0x5565ba1ab1b0_0 .net "l1", 0 0, L_0x5565ba1c03f0;  1 drivers
v0x5565ba1ab2a0_0 .net "l2", 0 0, L_0x5565ba1c0ae0;  1 drivers
v0x5565ba1ab390_0 .net "l3", 0 0, L_0x5565ba1c1300;  1 drivers
v0x5565ba1ab480_0 .net "s", 3 0, L_0x5565ba1c1fa0;  1 drivers
L_0x5565ba1c0500 .part L_0x5565ba1c2040, 0, 1;
L_0x5565ba1c05a0 .part L_0x5565ba1c2130, 0, 1;
L_0x5565ba1c0bf0 .part L_0x5565ba1c2040, 1, 1;
L_0x5565ba1c0d20 .part L_0x5565ba1c2130, 1, 1;
L_0x5565ba1c1410 .part L_0x5565ba1c2040, 2, 1;
L_0x5565ba1c1540 .part L_0x5565ba1c2130, 2, 1;
L_0x5565ba1c1bd0 .part L_0x5565ba1c2040, 3, 1;
L_0x5565ba1c1d90 .part L_0x5565ba1c2130, 3, 1;
L_0x5565ba1c1fa0 .concat8 [ 1 1 1 1], L_0x5565ba1bff20, L_0x5565ba1c0740, L_0x5565ba1c0ec0, L_0x5565ba1c1720;
S_0x5565ba1a7f50 .scope module, "fa_0" "onebitfulladder" 6 12, 7 1 0, S_0x5565ba1a7ce0;
 .timescale 0 0;
    .port_info 0 /INPUT 1 "a"
    .port_info 1 /INPUT 1 "b"
    .port_info 2 /INPUT 1 "cin"
    .port_info 3 /OUTPUT 1 "sum"
    .port_info 4 /OUTPUT 1 "ca"
L_0x5565ba1bfeb0 .functor XOR 1, L_0x5565ba1c0500, L_0x5565ba1c05a0, C4<0>, C4<0>;
L_0x5565ba1bff20 .functor XOR 1, L_0x5565ba1bfeb0, L_0x5565ba1bf7f0, C4<0>, C4<0>;
L_0x5565ba1bffe0 .functor AND 1, L_0x5565ba1c0500, L_0x5565ba1c05a0, C4<1>, C4<1>;
L_0x5565ba1c00f0 .functor AND 1, L_0x5565ba1c0500, L_0x5565ba1bf7f0, C4<1>, C4<1>;
L_0x5565ba1c0160 .functor OR 1, L_0x5565ba1bffe0, L_0x5565ba1c00f0, C4<0>, C4<0>;
L_0x5565ba1c0270 .functor AND 1, L_0x5565ba1c05a0, L_0x5565ba1bf7f0, C4<1>, C4<1>;
L_0x5565ba1c03f0 .functor OR 1, L_0x5565ba1c0160, L_0x5565ba1c0270, C4<0>, C4<0>;
v0x5565ba1a81a0_0 .net *"_s0", 0 0, L_0x5565ba1bfeb0;  1 drivers
v0x5565ba1a82a0_0 .net *"_s10", 0 0, L_0x5565ba1c0270;  1 drivers
v0x5565ba1a8380_0 .net *"_s4", 0 0, L_0x5565ba1bffe0;  1 drivers
v0x5565ba1a8440_0 .net *"_s6", 0 0, L_0x5565ba1c00f0;  1 drivers
v0x5565ba1a8520_0 .net *"_s8", 0 0, L_0x5565ba1c0160;  1 drivers
v0x5565ba1a8650_0 .net "a", 0 0, L_0x5565ba1c0500;  1 drivers
v0x5565ba1a8710_0 .net "b", 0 0, L_0x5565ba1c05a0;  1 drivers
v0x5565ba1a87d0_0 .net "ca", 0 0, L_0x5565ba1c03f0;  alias, 1 drivers
v0x5565ba1a8890_0 .net "cin", 0 0, L_0x5565ba1bf7f0;  alias, 1 drivers
v0x5565ba1a89c0_0 .net "sum", 0 0, L_0x5565ba1bff20;  1 drivers
S_0x5565ba1a8b20 .scope module, "fa_1" "onebitfulladder" 6 13, 7 1 0, S_0x5565ba1a7ce0;
 .timescale 0 0;
    .port_info 0 /INPUT 1 "a"
    .port_info 1 /INPUT 1 "b"
    .port_info 2 /INPUT 1 "cin"
    .port_info 3 /OUTPUT 1 "sum"
    .port_info 4 /OUTPUT 1 "ca"
L_0x5565ba1c06d0 .functor XOR 1, L_0x5565ba1c0bf0, L_0x5565ba1c0d20, C4<0>, C4<0>;
L_0x5565ba1c0740 .functor XOR 1, L_0x5565ba1c06d0, L_0x5565ba1c03f0, C4<0>, C4<0>;
L_0x5565ba1c0840 .functor AND 1, L_0x5565ba1c0bf0, L_0x5565ba1c0d20, C4<1>, C4<1>;
L_0x5565ba1c08b0 .functor AND 1, L_0x5565ba1c0bf0, L_0x5565ba1c03f0, C4<1>, C4<1>;
L_0x5565ba1c0920 .functor OR 1, L_0x5565ba1c0840, L_0x5565ba1c08b0, C4<0>, C4<0>;
L_0x5565ba1c0a30 .functor AND 1, L_0x5565ba1c0d20, L_0x5565ba1c03f0, C4<1>, C4<1>;
L_0x5565ba1c0ae0 .functor OR 1, L_0x5565ba1c0920, L_0x5565ba1c0a30, C4<0>, C4<0>;
v0x5565ba1a8d90_0 .net *"_s0", 0 0, L_0x5565ba1c06d0;  1 drivers
v0x5565ba1a8e70_0 .net *"_s10", 0 0, L_0x5565ba1c0a30;  1 drivers
v0x5565ba1a8f50_0 .net *"_s4", 0 0, L_0x5565ba1c0840;  1 drivers
v0x5565ba1a9010_0 .net *"_s6", 0 0, L_0x5565ba1c08b0;  1 drivers
v0x5565ba1a90f0_0 .net *"_s8", 0 0, L_0x5565ba1c0920;  1 drivers
v0x5565ba1a9220_0 .net "a", 0 0, L_0x5565ba1c0bf0;  1 drivers
v0x5565ba1a92e0_0 .net "b", 0 0, L_0x5565ba1c0d20;  1 drivers
v0x5565ba1a93a0_0 .net "ca", 0 0, L_0x5565ba1c0ae0;  alias, 1 drivers
v0x5565ba1a9460_0 .net "cin", 0 0, L_0x5565ba1c03f0;  alias, 1 drivers
v0x5565ba1a9590_0 .net "sum", 0 0, L_0x5565ba1c0740;  1 drivers
S_0x5565ba1a96d0 .scope module, "fa_2" "onebitfulladder" 6 14, 7 1 0, S_0x5565ba1a7ce0;
 .timescale 0 0;
    .port_info 0 /INPUT 1 "a"
    .port_info 1 /INPUT 1 "b"
    .port_info 2 /INPUT 1 "cin"
    .port_info 3 /OUTPUT 1 "sum"
    .port_info 4 /OUTPUT 1 "ca"
L_0x5565ba1c0e50 .functor XOR 1, L_0x5565ba1c1410, L_0x5565ba1c1540, C4<0>, C4<0>;
L_0x5565ba1c0ec0 .functor XOR 1, L_0x5565ba1c0e50, L_0x5565ba1c0ae0, C4<0>, C4<0>;
L_0x5565ba1c1010 .functor AND 1, L_0x5565ba1c1410, L_0x5565ba1c1540, C4<1>, C4<1>;
L_0x5565ba1c10d0 .functor AND 1, L_0x5565ba1c1410, L_0x5565ba1c0ae0, C4<1>, C4<1>;
L_0x5565ba1c1140 .functor OR 1, L_0x5565ba1c1010, L_0x5565ba1c10d0, C4<0>, C4<0>;
L_0x5565ba1c1250 .functor AND 1, L_0x5565ba1c1540, L_0x5565ba1c0ae0, C4<1>, C4<1>;
L_0x5565ba1c1300 .functor OR 1, L_0x5565ba1c1140, L_0x5565ba1c1250, C4<0>, C4<0>;
v0x5565ba1a9900_0 .net *"_s0", 0 0, L_0x5565ba1c0e50;  1 drivers
v0x5565ba1a99e0_0 .net *"_s10", 0 0, L_0x5565ba1c1250;  1 drivers
v0x5565ba1a9ac0_0 .net *"_s4", 0 0, L_0x5565ba1c1010;  1 drivers
v0x5565ba1a9bb0_0 .net *"_s6", 0 0, L_0x5565ba1c10d0;  1 drivers
v0x5565ba1a9c90_0 .net *"_s8", 0 0, L_0x5565ba1c1140;  1 drivers
v0x5565ba1a9dc0_0 .net "a", 0 0, L_0x5565ba1c1410;  1 drivers
v0x5565ba1a9e80_0 .net "b", 0 0, L_0x5565ba1c1540;  1 drivers
v0x5565ba1a9f40_0 .net "ca", 0 0, L_0x5565ba1c1300;  alias, 1 drivers
v0x5565ba1aa000_0 .net "cin", 0 0, L_0x5565ba1c0ae0;  alias, 1 drivers
v0x5565ba1aa130_0 .net "sum", 0 0, L_0x5565ba1c0ec0;  1 drivers
S_0x5565ba1aa2a0 .scope module, "fa_3" "onebitfulladder" 6 15, 7 1 0, S_0x5565ba1a7ce0;
 .timescale 0 0;
    .port_info 0 /INPUT 1 "a"
    .port_info 1 /INPUT 1 "b"
    .port_info 2 /INPUT 1 "cin"
    .port_info 3 /OUTPUT 1 "sum"
    .port_info 4 /OUTPUT 1 "ca"
L_0x5565ba1c16b0 .functor XOR 1, L_0x5565ba1c1bd0, L_0x5565ba1c1d90, C4<0>, C4<0>;
L_0x5565ba1c1720 .functor XOR 1, L_0x5565ba1c16b0, L_0x5565ba1c1300, C4<0>, C4<0>;
L_0x5565ba1c1820 .functor AND 1, L_0x5565ba1c1bd0, L_0x5565ba1c1d90, C4<1>, C4<1>;
L_0x5565ba1c1890 .functor AND 1, L_0x5565ba1c1bd0, L_0x5565ba1c1300, C4<1>, C4<1>;
L_0x5565ba1c1900 .functor OR 1, L_0x5565ba1c1820, L_0x5565ba1c1890, C4<0>, C4<0>;
L_0x5565ba1c1a10 .functor AND 1, L_0x5565ba1c1d90, L_0x5565ba1c1300, C4<1>, C4<1>;
L_0x5565ba1c1ac0 .functor OR 1, L_0x5565ba1c1900, L_0x5565ba1c1a10, C4<0>, C4<0>;
v0x5565ba1aa4a0_0 .net *"_s0", 0 0, L_0x5565ba1c16b0;  1 drivers
v0x5565ba1aa5a0_0 .net *"_s10", 0 0, L_0x5565ba1c1a10;  1 drivers
v0x5565ba1aa680_0 .net *"_s4", 0 0, L_0x5565ba1c1820;  1 drivers
v0x5565ba1aa770_0 .net *"_s6", 0 0, L_0x5565ba1c1890;  1 drivers
v0x5565ba1aa850_0 .net *"_s8", 0 0, L_0x5565ba1c1900;  1 drivers
v0x5565ba1aa980_0 .net "a", 0 0, L_0x5565ba1c1bd0;  1 drivers
v0x5565ba1aaa40_0 .net "b", 0 0, L_0x5565ba1c1d90;  1 drivers
v0x5565ba1aab00_0 .net "ca", 0 0, L_0x5565ba1c1ac0;  alias, 1 drivers
v0x5565ba1aabc0_0 .net "cin", 0 0, L_0x5565ba1c1300;  alias, 1 drivers
v0x5565ba1aacf0_0 .net "sum", 0 0, L_0x5565ba1c1720;  1 drivers
S_0x5565ba1abc10 .scope module, "fa_1" "eightbitfulladder" 4 13, 5 3 0, S_0x5565ba1a3ed0;
 .timescale 0 0;
    .port_info 0 /INPUT 8 "a"
    .port_info 1 /INPUT 8 "b"
    .port_info 2 /INPUT 1 "ci"
    .port_info 3 /OUTPUT 8 "s"
    .port_info 4 /OUTPUT 1 "co"
v0x5565ba1b3010_0 .net "a", 7 0, L_0x5565ba1c6d40;  1 drivers
v0x5565ba1b3110_0 .net "b", 7 0, L_0x5565ba1c6e30;  1 drivers
v0x5565ba1b31f0_0 .net "ci", 0 0, L_0x5565ba1c1ac0;  alias, 1 drivers
v0x5565ba1b3290_0 .net "co", 0 0, L_0x5565ba1c64a0;  alias, 1 drivers
v0x5565ba1b3380_0 .net "l1", 0 0, L_0x5565ba1c4110;  1 drivers
v0x5565ba1b3500_0 .net "s", 7 0, L_0x5565ba1c6c00;  1 drivers
L_0x5565ba1c4690 .part L_0x5565ba1c6d40, 0, 4;
L_0x5565ba1c4730 .part L_0x5565ba1c6e30, 0, 4;
L_0x5565ba1c6a20 .part L_0x5565ba1c6d40, 4, 4;
L_0x5565ba1c6b10 .part L_0x5565ba1c6e30, 4, 4;
L_0x5565ba1c6c00 .concat8 [ 4 4 0 0], L_0x5565ba1c45f0, L_0x5565ba1c6980;
S_0x5565ba1abe30 .scope module, "fa_0" "fourbitfulladder" 5 12, 6 3 0, S_0x5565ba1abc10;
 .timescale 0 0;
    .port_info 0 /INPUT 4 "a"
    .port_info 1 /INPUT 4 "b"
    .port_info 2 /INPUT 1 "ci"
    .port_info 3 /OUTPUT 4 "s"
    .port_info 4 /OUTPUT 1 "co"
v0x5565ba1aef90_0 .net "a", 3 0, L_0x5565ba1c4690;  1 drivers
v0x5565ba1af090_0 .net "b", 3 0, L_0x5565ba1c4730;  1 drivers
v0x5565ba1af170_0 .net "ci", 0 0, L_0x5565ba1c1ac0;  alias, 1 drivers
v0x5565ba1af2a0_0 .net "co", 0 0, L_0x5565ba1c4110;  alias, 1 drivers
v0x5565ba1af370_0 .net "l1", 0 0, L_0x5565ba1c29e0;  1 drivers
v0x5565ba1af410_0 .net "l2", 0 0, L_0x5565ba1c30d0;  1 drivers
v0x5565ba1af500_0 .net "l3", 0 0, L_0x5565ba1c3950;  1 drivers
v0x5565ba1af5f0_0 .net "s", 3 0, L_0x5565ba1c45f0;  1 drivers
L_0x5565ba1c2af0 .part L_0x5565ba1c4690, 0, 1;
L_0x5565ba1c2b90 .part L_0x5565ba1c4730, 0, 1;
L_0x5565ba1c31e0 .part L_0x5565ba1c4690, 1, 1;
L_0x5565ba1c3310 .part L_0x5565ba1c4730, 1, 1;
L_0x5565ba1c3a60 .part L_0x5565ba1c4690, 2, 1;
L_0x5565ba1c3b90 .part L_0x5565ba1c4730, 2, 1;
L_0x5565ba1c4220 .part L_0x5565ba1c4690, 3, 1;
L_0x5565ba1c43e0 .part L_0x5565ba1c4730, 3, 1;
L_0x5565ba1c45f0 .concat8 [ 1 1 1 1], L_0x5565ba1c2510, L_0x5565ba1c2d30, L_0x5565ba1c34e0, L_0x5565ba1c3d70;
S_0x5565ba1ac080 .scope module, "fa_0" "onebitfulladder" 6 12, 7 1 0, S_0x5565ba1abe30;
 .timescale 0 0;
    .port_info 0 /INPUT 1 "a"
    .port_info 1 /INPUT 1 "b"
    .port_info 2 /INPUT 1 "cin"
    .port_info 3 /OUTPUT 1 "sum"
    .port_info 4 /OUTPUT 1 "ca"
L_0x5565ba1c24a0 .functor XOR 1, L_0x5565ba1c2af0, L_0x5565ba1c2b90, C4<0>, C4<0>;
L_0x5565ba1c2510 .functor XOR 1, L_0x5565ba1c24a0, L_0x5565ba1c1ac0, C4<0>, C4<0>;
L_0x5565ba1c26e0 .functor AND 1, L_0x5565ba1c2af0, L_0x5565ba1c2b90, C4<1>, C4<1>;
L_0x5565ba1c27f0 .functor AND 1, L_0x5565ba1c2af0, L_0x5565ba1c1ac0, C4<1>, C4<1>;
L_0x5565ba1c2860 .functor OR 1, L_0x5565ba1c26e0, L_0x5565ba1c27f0, C4<0>, C4<0>;
L_0x5565ba1c2970 .functor AND 1, L_0x5565ba1c2b90, L_0x5565ba1c1ac0, C4<1>, C4<1>;
L_0x5565ba1c29e0 .functor OR 1, L_0x5565ba1c2860, L_0x5565ba1c2970, C4<0>, C4<0>;
v0x5565ba1ac2f0_0 .net *"_s0", 0 0, L_0x5565ba1c24a0;  1 drivers
v0x5565ba1ac3f0_0 .net *"_s10", 0 0, L_0x5565ba1c2970;  1 drivers
v0x5565ba1ac4d0_0 .net *"_s4", 0 0, L_0x5565ba1c26e0;  1 drivers
v0x5565ba1ac590_0 .net *"_s6", 0 0, L_0x5565ba1c27f0;  1 drivers
v0x5565ba1ac670_0 .net *"_s8", 0 0, L_0x5565ba1c2860;  1 drivers
v0x5565ba1ac7a0_0 .net "a", 0 0, L_0x5565ba1c2af0;  1 drivers
v0x5565ba1ac860_0 .net "b", 0 0, L_0x5565ba1c2b90;  1 drivers
v0x5565ba1ac920_0 .net "ca", 0 0, L_0x5565ba1c29e0;  alias, 1 drivers
v0x5565ba1ac9e0_0 .net "cin", 0 0, L_0x5565ba1c1ac0;  alias, 1 drivers
v0x5565ba1acb10_0 .net "sum", 0 0, L_0x5565ba1c2510;  1 drivers
S_0x5565ba1acc70 .scope module, "fa_1" "onebitfulladder" 6 13, 7 1 0, S_0x5565ba1abe30;
 .timescale 0 0;
    .port_info 0 /INPUT 1 "a"
    .port_info 1 /INPUT 1 "b"
    .port_info 2 /INPUT 1 "cin"
    .port_info 3 /OUTPUT 1 "sum"
    .port_info 4 /OUTPUT 1 "ca"
L_0x5565ba1c2cc0 .functor XOR 1, L_0x5565ba1c31e0, L_0x5565ba1c3310, C4<0>, C4<0>;
L_0x5565ba1c2d30 .functor XOR 1, L_0x5565ba1c2cc0, L_0x5565ba1c29e0, C4<0>, C4<0>;
L_0x5565ba1c2e30 .functor AND 1, L_0x5565ba1c31e0, L_0x5565ba1c3310, C4<1>, C4<1>;
L_0x5565ba1c2ea0 .functor AND 1, L_0x5565ba1c31e0, L_0x5565ba1c29e0, C4<1>, C4<1>;
L_0x5565ba1c2f10 .functor OR 1, L_0x5565ba1c2e30, L_0x5565ba1c2ea0, C4<0>, C4<0>;
L_0x5565ba1c3020 .functor AND 1, L_0x5565ba1c3310, L_0x5565ba1c29e0, C4<1>, C4<1>;
L_0x5565ba1c30d0 .functor OR 1, L_0x5565ba1c2f10, L_0x5565ba1c3020, C4<0>, C4<0>;
v0x5565ba1ace90_0 .net *"_s0", 0 0, L_0x5565ba1c2cc0;  1 drivers
v0x5565ba1acf70_0 .net *"_s10", 0 0, L_0x5565ba1c3020;  1 drivers
v0x5565ba1ad050_0 .net *"_s4", 0 0, L_0x5565ba1c2e30;  1 drivers
v0x5565ba1ad110_0 .net *"_s6", 0 0, L_0x5565ba1c2ea0;  1 drivers
v0x5565ba1ad1f0_0 .net *"_s8", 0 0, L_0x5565ba1c2f10;  1 drivers
v0x5565ba1ad320_0 .net "a", 0 0, L_0x5565ba1c31e0;  1 drivers
v0x5565ba1ad3e0_0 .net "b", 0 0, L_0x5565ba1c3310;  1 drivers
v0x5565ba1ad4a0_0 .net "ca", 0 0, L_0x5565ba1c30d0;  alias, 1 drivers
v0x5565ba1ad560_0 .net "cin", 0 0, L_0x5565ba1c29e0;  alias, 1 drivers
v0x5565ba1ad690_0 .net "sum", 0 0, L_0x5565ba1c2d30;  1 drivers
S_0x5565ba1ad800 .scope module, "fa_2" "onebitfulladder" 6 14, 7 1 0, S_0x5565ba1abe30;
 .timescale 0 0;
    .port_info 0 /INPUT 1 "a"
    .port_info 1 /INPUT 1 "b"
    .port_info 2 /INPUT 1 "cin"
    .port_info 3 /OUTPUT 1 "sum"
    .port_info 4 /OUTPUT 1 "ca"
L_0x5565ba1c3470 .functor XOR 1, L_0x5565ba1c3a60, L_0x5565ba1c3b90, C4<0>, C4<0>;
L_0x5565ba1c34e0 .functor XOR 1, L_0x5565ba1c3470, L_0x5565ba1c30d0, C4<0>, C4<0>;
L_0x5565ba1c3630 .functor AND 1, L_0x5565ba1c3a60, L_0x5565ba1c3b90, C4<1>, C4<1>;
L_0x5565ba1c36f0 .functor AND 1, L_0x5565ba1c3a60, L_0x5565ba1c30d0, C4<1>, C4<1>;
L_0x5565ba1c3790 .functor OR 1, L_0x5565ba1c3630, L_0x5565ba1c36f0, C4<0>, C4<0>;
L_0x5565ba1c38a0 .functor AND 1, L_0x5565ba1c3b90, L_0x5565ba1c30d0, C4<1>, C4<1>;
L_0x5565ba1c3950 .functor OR 1, L_0x5565ba1c3790, L_0x5565ba1c38a0, C4<0>, C4<0>;
v0x5565ba1ada30_0 .net *"_s0", 0 0, L_0x5565ba1c3470;  1 drivers
v0x5565ba1adb10_0 .net *"_s10", 0 0, L_0x5565ba1c38a0;  1 drivers
v0x5565ba1adbf0_0 .net *"_s4", 0 0, L_0x5565ba1c3630;  1 drivers
v0x5565ba1adce0_0 .net *"_s6", 0 0, L_0x5565ba1c36f0;  1 drivers
v0x5565ba1addc0_0 .net *"_s8", 0 0, L_0x5565ba1c3790;  1 drivers
v0x5565ba1adef0_0 .net "a", 0 0, L_0x5565ba1c3a60;  1 drivers
v0x5565ba1adfb0_0 .net "b", 0 0, L_0x5565ba1c3b90;  1 drivers
v0x5565ba1ae070_0 .net "ca", 0 0, L_0x5565ba1c3950;  alias, 1 drivers
v0x5565ba1ae130_0 .net "cin", 0 0, L_0x5565ba1c30d0;  alias, 1 drivers
v0x5565ba1ae260_0 .net "sum", 0 0, L_0x5565ba1c34e0;  1 drivers
S_0x5565ba1ae3d0 .scope module, "fa_3" "onebitfulladder" 6 15, 7 1 0, S_0x5565ba1abe30;
 .timescale 0 0;
    .port_info 0 /INPUT 1 "a"
    .port_info 1 /INPUT 1 "b"
    .port_info 2 /INPUT 1 "cin"
    .port_info 3 /OUTPUT 1 "sum"
    .port_info 4 /OUTPUT 1 "ca"
L_0x5565ba1c3d00 .functor XOR 1, L_0x5565ba1c4220, L_0x5565ba1c43e0, C4<0>, C4<0>;
L_0x5565ba1c3d70 .functor XOR 1, L_0x5565ba1c3d00, L_0x5565ba1c3950, C4<0>, C4<0>;
L_0x5565ba1c3e70 .functor AND 1, L_0x5565ba1c4220, L_0x5565ba1c43e0, C4<1>, C4<1>;
L_0x5565ba1c3ee0 .functor AND 1, L_0x5565ba1c4220, L_0x5565ba1c3950, C4<1>, C4<1>;
L_0x5565ba1c3f50 .functor OR 1, L_0x5565ba1c3e70, L_0x5565ba1c3ee0, C4<0>, C4<0>;
L_0x5565ba1c4060 .functor AND 1, L_0x5565ba1c43e0, L_0x5565ba1c3950, C4<1>, C4<1>;
L_0x5565ba1c4110 .functor OR 1, L_0x5565ba1c3f50, L_0x5565ba1c4060, C4<0>, C4<0>;
v0x5565ba1ae5d0_0 .net *"_s0", 0 0, L_0x5565ba1c3d00;  1 drivers
v0x5565ba1ae6d0_0 .net *"_s10", 0 0, L_0x5565ba1c4060;  1 drivers
v0x5565ba1ae7b0_0 .net *"_s4", 0 0, L_0x5565ba1c3e70;  1 drivers
v0x5565ba1ae8a0_0 .net *"_s6", 0 0, L_0x5565ba1c3ee0;  1 drivers
v0x5565ba1ae980_0 .net *"_s8", 0 0, L_0x5565ba1c3f50;  1 drivers
v0x5565ba1aeab0_0 .net "a", 0 0, L_0x5565ba1c4220;  1 drivers
v0x5565ba1aeb70_0 .net "b", 0 0, L_0x5565ba1c43e0;  1 drivers
v0x5565ba1aec30_0 .net "ca", 0 0, L_0x5565ba1c4110;  alias, 1 drivers
v0x5565ba1aecf0_0 .net "cin", 0 0, L_0x5565ba1c3950;  alias, 1 drivers
v0x5565ba1aee20_0 .net "sum", 0 0, L_0x5565ba1c3d70;  1 drivers
S_0x5565ba1af730 .scope module, "fa_1" "fourbitfulladder" 5 13, 6 3 0, S_0x5565ba1abc10;
 .timescale 0 0;
    .port_info 0 /INPUT 4 "a"
    .port_info 1 /INPUT 4 "b"
    .port_info 2 /INPUT 1 "ci"
    .port_info 3 /OUTPUT 4 "s"
    .port_info 4 /OUTPUT 1 "co"
v0x5565ba1b28b0_0 .net "a", 3 0, L_0x5565ba1c6a20;  1 drivers
v0x5565ba1b29b0_0 .net "b", 3 0, L_0x5565ba1c6b10;  1 drivers
v0x5565ba1b2a90_0 .net "ci", 0 0, L_0x5565ba1c4110;  alias, 1 drivers
v0x5565ba1b2b30_0 .net "co", 0 0, L_0x5565ba1c64a0;  alias, 1 drivers
v0x5565ba1b2c00_0 .net "l1", 0 0, L_0x5565ba1c4d10;  1 drivers
v0x5565ba1b2cf0_0 .net "l2", 0 0, L_0x5565ba1c5430;  1 drivers
v0x5565ba1b2de0_0 .net "l3", 0 0, L_0x5565ba1c5cb0;  1 drivers
v0x5565ba1b2ed0_0 .net "s", 3 0, L_0x5565ba1c6980;  1 drivers
L_0x5565ba1c4e20 .part L_0x5565ba1c6a20, 0, 1;
L_0x5565ba1c4ec0 .part L_0x5565ba1c6b10, 0, 1;
L_0x5565ba1c5540 .part L_0x5565ba1c6a20, 1, 1;
L_0x5565ba1c5670 .part L_0x5565ba1c6b10, 1, 1;
L_0x5565ba1c5dc0 .part L_0x5565ba1c6a20, 2, 1;
L_0x5565ba1c5ef0 .part L_0x5565ba1c6b10, 2, 1;
L_0x5565ba1c65b0 .part L_0x5565ba1c6a20, 3, 1;
L_0x5565ba1c6770 .part L_0x5565ba1c6b10, 3, 1;
L_0x5565ba1c6980 .concat8 [ 1 1 1 1], L_0x5565ba1c4840, L_0x5565ba1c5060, L_0x5565ba1c5840, L_0x5565ba1c60d0;
S_0x5565ba1af9a0 .scope module, "fa_0" "onebitfulladder" 6 12, 7 1 0, S_0x5565ba1af730;
 .timescale 0 0;
    .port_info 0 /INPUT 1 "a"
    .port_info 1 /INPUT 1 "b"
    .port_info 2 /INPUT 1 "cin"
    .port_info 3 /OUTPUT 1 "sum"
    .port_info 4 /OUTPUT 1 "ca"
L_0x5565ba1c47d0 .functor XOR 1, L_0x5565ba1c4e20, L_0x5565ba1c4ec0, C4<0>, C4<0>;
L_0x5565ba1c4840 .functor XOR 1, L_0x5565ba1c47d0, L_0x5565ba1c4110, C4<0>, C4<0>;
L_0x5565ba1c4900 .functor AND 1, L_0x5565ba1c4e20, L_0x5565ba1c4ec0, C4<1>, C4<1>;
L_0x5565ba1c4a10 .functor AND 1, L_0x5565ba1c4e20, L_0x5565ba1c4110, C4<1>, C4<1>;
L_0x5565ba1c4a80 .functor OR 1, L_0x5565ba1c4900, L_0x5565ba1c4a10, C4<0>, C4<0>;
L_0x5565ba1c4b90 .functor AND 1, L_0x5565ba1c4ec0, L_0x5565ba1c4110, C4<1>, C4<1>;
L_0x5565ba1c4d10 .functor OR 1, L_0x5565ba1c4a80, L_0x5565ba1c4b90, C4<0>, C4<0>;
v0x5565ba1afbf0_0 .net *"_s0", 0 0, L_0x5565ba1c47d0;  1 drivers
v0x5565ba1afcf0_0 .net *"_s10", 0 0, L_0x5565ba1c4b90;  1 drivers
v0x5565ba1afdd0_0 .net *"_s4", 0 0, L_0x5565ba1c4900;  1 drivers
v0x5565ba1afe90_0 .net *"_s6", 0 0, L_0x5565ba1c4a10;  1 drivers
v0x5565ba1aff70_0 .net *"_s8", 0 0, L_0x5565ba1c4a80;  1 drivers
v0x5565ba1b00a0_0 .net "a", 0 0, L_0x5565ba1c4e20;  1 drivers
v0x5565ba1b0160_0 .net "b", 0 0, L_0x5565ba1c4ec0;  1 drivers
v0x5565ba1b0220_0 .net "ca", 0 0, L_0x5565ba1c4d10;  alias, 1 drivers
v0x5565ba1b02e0_0 .net "cin", 0 0, L_0x5565ba1c4110;  alias, 1 drivers
v0x5565ba1b0410_0 .net "sum", 0 0, L_0x5565ba1c4840;  1 drivers
S_0x5565ba1b0570 .scope module, "fa_1" "onebitfulladder" 6 13, 7 1 0, S_0x5565ba1af730;
 .timescale 0 0;
    .port_info 0 /INPUT 1 "a"
    .port_info 1 /INPUT 1 "b"
    .port_info 2 /INPUT 1 "cin"
    .port_info 3 /OUTPUT 1 "sum"
    .port_info 4 /OUTPUT 1 "ca"
L_0x5565ba1c4ff0 .functor XOR 1, L_0x5565ba1c5540, L_0x5565ba1c5670, C4<0>, C4<0>;
L_0x5565ba1c5060 .functor XOR 1, L_0x5565ba1c4ff0, L_0x5565ba1c4d10, C4<0>, C4<0>;
L_0x5565ba1c5160 .functor AND 1, L_0x5565ba1c5540, L_0x5565ba1c5670, C4<1>, C4<1>;
L_0x5565ba1c51d0 .functor AND 1, L_0x5565ba1c5540, L_0x5565ba1c4d10, C4<1>, C4<1>;
L_0x5565ba1c5270 .functor OR 1, L_0x5565ba1c5160, L_0x5565ba1c51d0, C4<0>, C4<0>;
L_0x5565ba1c5380 .functor AND 1, L_0x5565ba1c5670, L_0x5565ba1c4d10, C4<1>, C4<1>;
L_0x5565ba1c5430 .functor OR 1, L_0x5565ba1c5270, L_0x5565ba1c5380, C4<0>, C4<0>;
v0x5565ba1b07e0_0 .net *"_s0", 0 0, L_0x5565ba1c4ff0;  1 drivers
v0x5565ba1b08c0_0 .net *"_s10", 0 0, L_0x5565ba1c5380;  1 drivers
v0x5565ba1b09a0_0 .net *"_s4", 0 0, L_0x5565ba1c5160;  1 drivers
v0x5565ba1b0a60_0 .net *"_s6", 0 0, L_0x5565ba1c51d0;  1 drivers
v0x5565ba1b0b40_0 .net *"_s8", 0 0, L_0x5565ba1c5270;  1 drivers
v0x5565ba1b0c70_0 .net "a", 0 0, L_0x5565ba1c5540;  1 drivers
v0x5565ba1b0d30_0 .net "b", 0 0, L_0x5565ba1c5670;  1 drivers
v0x5565ba1b0df0_0 .net "ca", 0 0, L_0x5565ba1c5430;  alias, 1 drivers
v0x5565ba1b0eb0_0 .net "cin", 0 0, L_0x5565ba1c4d10;  alias, 1 drivers
v0x5565ba1b0fe0_0 .net "sum", 0 0, L_0x5565ba1c5060;  1 drivers
S_0x5565ba1b1120 .scope module, "fa_2" "onebitfulladder" 6 14, 7 1 0, S_0x5565ba1af730;
 .timescale 0 0;
    .port_info 0 /INPUT 1 "a"
    .port_info 1 /INPUT 1 "b"
    .port_info 2 /INPUT 1 "cin"
    .port_info 3 /OUTPUT 1 "sum"
    .port_info 4 /OUTPUT 1 "ca"
L_0x5565ba1c57d0 .functor XOR 1, L_0x5565ba1c5dc0, L_0x5565ba1c5ef0, C4<0>, C4<0>;
L_0x5565ba1c5840 .functor XOR 1, L_0x5565ba1c57d0, L_0x5565ba1c5430, C4<0>, C4<0>;
L_0x5565ba1c5990 .functor AND 1, L_0x5565ba1c5dc0, L_0x5565ba1c5ef0, C4<1>, C4<1>;
L_0x5565ba1c5a50 .functor AND 1, L_0x5565ba1c5dc0, L_0x5565ba1c5430, C4<1>, C4<1>;
L_0x5565ba1c5af0 .functor OR 1, L_0x5565ba1c5990, L_0x5565ba1c5a50, C4<0>, C4<0>;
L_0x5565ba1c5c00 .functor AND 1, L_0x5565ba1c5ef0, L_0x5565ba1c5430, C4<1>, C4<1>;
L_0x5565ba1c5cb0 .functor OR 1, L_0x5565ba1c5af0, L_0x5565ba1c5c00, C4<0>, C4<0>;
v0x5565ba1b1350_0 .net *"_s0", 0 0, L_0x5565ba1c57d0;  1 drivers
v0x5565ba1b1430_0 .net *"_s10", 0 0, L_0x5565ba1c5c00;  1 drivers
v0x5565ba1b1510_0 .net *"_s4", 0 0, L_0x5565ba1c5990;  1 drivers
v0x5565ba1b1600_0 .net *"_s6", 0 0, L_0x5565ba1c5a50;  1 drivers
v0x5565ba1b16e0_0 .net *"_s8", 0 0, L_0x5565ba1c5af0;  1 drivers
v0x5565ba1b1810_0 .net "a", 0 0, L_0x5565ba1c5dc0;  1 drivers
v0x5565ba1b18d0_0 .net "b", 0 0, L_0x5565ba1c5ef0;  1 drivers
v0x5565ba1b1990_0 .net "ca", 0 0, L_0x5565ba1c5cb0;  alias, 1 drivers
v0x5565ba1b1a50_0 .net "cin", 0 0, L_0x5565ba1c5430;  alias, 1 drivers
v0x5565ba1b1b80_0 .net "sum", 0 0, L_0x5565ba1c5840;  1 drivers
S_0x5565ba1b1cf0 .scope module, "fa_3" "onebitfulladder" 6 15, 7 1 0, S_0x5565ba1af730;
 .timescale 0 0;
    .port_info 0 /INPUT 1 "a"
    .port_info 1 /INPUT 1 "b"
    .port_info 2 /INPUT 1 "cin"
    .port_info 3 /OUTPUT 1 "sum"
    .port_info 4 /OUTPUT 1 "ca"
L_0x5565ba1c6060 .functor XOR 1, L_0x5565ba1c65b0, L_0x5565ba1c6770, C4<0>, C4<0>;
L_0x5565ba1c60d0 .functor XOR 1, L_0x5565ba1c6060, L_0x5565ba1c5cb0, C4<0>, C4<0>;
L_0x5565ba1c61d0 .functor AND 1, L_0x5565ba1c65b0, L_0x5565ba1c6770, C4<1>, C4<1>;
L_0x5565ba1c6240 .functor AND 1, L_0x5565ba1c65b0, L_0x5565ba1c5cb0, C4<1>, C4<1>;
L_0x5565ba1c62e0 .functor OR 1, L_0x5565ba1c61d0, L_0x5565ba1c6240, C4<0>, C4<0>;
L_0x5565ba1c63f0 .functor AND 1, L_0x5565ba1c6770, L_0x5565ba1c5cb0, C4<1>, C4<1>;
L_0x5565ba1c64a0 .functor OR 1, L_0x5565ba1c62e0, L_0x5565ba1c63f0, C4<0>, C4<0>;
v0x5565ba1b1ef0_0 .net *"_s0", 0 0, L_0x5565ba1c6060;  1 drivers
v0x5565ba1b1ff0_0 .net *"_s10", 0 0, L_0x5565ba1c63f0;  1 drivers
v0x5565ba1b20d0_0 .net *"_s4", 0 0, L_0x5565ba1c61d0;  1 drivers
v0x5565ba1b21c0_0 .net *"_s6", 0 0, L_0x5565ba1c6240;  1 drivers
v0x5565ba1b22a0_0 .net *"_s8", 0 0, L_0x5565ba1c62e0;  1 drivers
v0x5565ba1b23d0_0 .net "a", 0 0, L_0x5565ba1c65b0;  1 drivers
v0x5565ba1b2490_0 .net "b", 0 0, L_0x5565ba1c6770;  1 drivers
v0x5565ba1b2550_0 .net "ca", 0 0, L_0x5565ba1c64a0;  alias, 1 drivers
v0x5565ba1b2610_0 .net "cin", 0 0, L_0x5565ba1c5cb0;  alias, 1 drivers
v0x5565ba1b2740_0 .net "sum", 0 0, L_0x5565ba1c60d0;  1 drivers
    .scope S_0x5565ba187830;
T_0 ;
    %pushi/vec4 13245, 0, 32;
    %store/vec4 v0x5565ba1b41c0_0, 0, 32;
    %delay 5, 0;
    %pushi/vec4 12345, 0, 32;
    %store/vec4 v0x5565ba1b42a0_0, 0, 32;
    %delay 5, 0;
    %pushi/vec4 1, 0, 1;
    %store/vec4 v0x5565ba1b4340_0, 0, 1;
    %end;
    .thread T_0;
    .scope S_0x5565ba187830;
T_1 ;
    %vpi_call 2 19 "$monitor", $time, "  a = %d; b = %d; cin = %d; sum = %d; co = %d", v0x5565ba1b41c0_0, v0x5565ba1b42a0_0, v0x5565ba1b4340_0, v0x5565ba1b4480_0, v0x5565ba1b43e0_0 {0 0 0};
    %end;
    .thread T_1;
# The file index is used to find the file name in the following table.
:file_names 8;
    "N/A";
    "<interactive>";
    "testbench.v";
    "./32_bit_full_adder.v";
    "./16_bit_full_adder.v";
    "./8_bit_full_adder.v";
    "./4_bit_full_adder.v";
    "./1_bit_full_adder.v";
