#! /usr/bin/vvp
:ivl_version "10.1 (stable)";
:ivl_delay_selection "TYPICAL";
:vpi_time_precision + 0;
:vpi_module "system";
:vpi_module "vhdl_sys";
:vpi_module "v2005_math";
:vpi_module "va_math";
S_0x560f8089dec0 .scope module, "tbench" "tbench" 2 3;
 .timescale 0 0;
v0x560f80925430_0 .var "a", 31 0;
v0x560f80925540_0 .var "b", 31 0;
o0x7f20b18d18f8 .functor BUFZ 64, C4<zzzzzzzzzzzzzzzzzzzzzzzzzzzzzzzzzzzzzzzzzzzzzzzzzzzzzzzzzzzzzzzz>; HiZ drive
v0x560f80925650_0 .net "out", 63 0, o0x7f20b18d18f8;  0 drivers
E_0x560f80857f10 .event "_s0";
S_0x560f808a11e0 .scope module, "test" "wallace" 2 8, 3 4 0, S_0x560f8089dec0;
 .timescale 0 0;
    .port_info 0 /INPUT 32 "a"
    .port_info 1 /INPUT 32 "b"
    .port_info 2 /OUTPUT 64 "out"
v0x560f80921420_0 .net "a", 31 0, v0x560f80925430_0;  1 drivers
v0x560f80921510_0 .net "b", 31 0, v0x560f80925540_0;  1 drivers
v0x560f809215e0_0 .net "out", 63 0, o0x7f20b18d18f8;  alias, 0 drivers
v0x560f809216b0_0 .net "p_prods", 2047 0, v0x560f809212b0_0;  1 drivers
v0x560f809217b0_0 .net "u_l11", 63 0, L_0x560f80925760;  1 drivers
v0x560f809218f0_0 .net "u_l110", 63 0, L_0x560f8092be40;  1 drivers
v0x560f80921a00_0 .net "u_l12", 63 0, L_0x560f809262f0;  1 drivers
v0x560f80921b10_0 .net "u_l13", 63 0, L_0x560f80926dd0;  1 drivers
v0x560f80921c20_0 .net "u_l14", 63 0, L_0x560f80927830;  1 drivers
v0x560f80921d70_0 .net "u_l15", 63 0, L_0x560f809283a0;  1 drivers
v0x560f80921e80_0 .net "u_l16", 63 0, L_0x560f80929060;  1 drivers
v0x560f80921f90_0 .net "u_l17", 63 0, L_0x560f80929c30;  1 drivers
v0x560f809220a0_0 .net "u_l18", 63 0, L_0x560f8092a650;  1 drivers
v0x560f809221b0_0 .net "u_l19", 63 0, L_0x560f8092b280;  1 drivers
v0x560f809222c0_0 .net "u_l21", 63 0, L_0x560f8092cbf0;  1 drivers
v0x560f809223d0_0 .net "u_l22", 63 0, L_0x560f8092d2d0;  1 drivers
v0x560f809224e0_0 .net "u_l23", 63 0, L_0x560f8092daa0;  1 drivers
v0x560f809225f0_0 .net "u_l24", 63 0, L_0x560f8092e270;  1 drivers
v0x560f80922700_0 .net "u_l25", 63 0, L_0x560f8092ea40;  1 drivers
v0x560f80922810_0 .net "u_l26", 63 0, L_0x560f8092f210;  1 drivers
v0x560f80922920_0 .net "u_l27", 63 0, L_0x560f8092f9e0;  1 drivers
v0x560f80922a30_0 .net "u_l31", 63 0, L_0x560f80930670;  1 drivers
v0x560f80922b40_0 .net "u_l32", 63 0, L_0x560f80930df0;  1 drivers
v0x560f80922c50_0 .net "u_l33", 63 0, L_0x560f809315c0;  1 drivers
v0x560f80922d60_0 .net "u_l34", 63 0, L_0x560f80931d90;  1 drivers
v0x560f80922e70_0 .net "u_l35", 63 0, L_0x560f80932560;  1 drivers
v0x560f80922f30_0 .net "u_l41", 63 0, L_0x560f80932fc0;  1 drivers
v0x560f80923040_0 .net "u_l42", 63 0, L_0x560f80933740;  1 drivers
v0x560f80923150_0 .net "u_l43", 63 0, L_0x560f80933f10;  1 drivers
v0x560f80923260_0 .net "u_l51", 63 0, L_0x560f809346a0;  1 drivers
v0x560f80923370_0 .net "u_l52", 63 0, L_0x560f80934e70;  1 drivers
v0x560f80923480_0 .net "u_l61", 63 0, L_0x560f80935640;  1 drivers
v0x560f80923540_0 .net "u_l62", 63 0, L_0x560f80935f30;  1 drivers
v0x560f809235e0_0 .net "v_l11", 63 0, L_0x560f80925820;  1 drivers
v0x560f809236d0_0 .net "v_l110", 63 0, L_0x560f8092beb0;  1 drivers
v0x560f809237e0_0 .net "v_l12", 63 0, L_0x560f80926360;  1 drivers
v0x560f809238f0_0 .net "v_l13", 63 0, L_0x560f80926e40;  1 drivers
v0x560f80923a00_0 .net "v_l14", 63 0, L_0x560f809278a0;  1 drivers
v0x560f80923b10_0 .net "v_l15", 63 0, L_0x560f80928410;  1 drivers
v0x560f80923c20_0 .net "v_l16", 63 0, L_0x560f809290d0;  1 drivers
v0x560f80923d30_0 .net "v_l17", 63 0, L_0x560f80929ca0;  1 drivers
v0x560f80923e40_0 .net "v_l18", 63 0, L_0x560f8092a6c0;  1 drivers
v0x560f80923f50_0 .net "v_l19", 63 0, L_0x560f8092b380;  1 drivers
v0x560f80924060_0 .net "v_l21", 63 0, L_0x560f8092ccf0;  1 drivers
v0x560f80924170_0 .net "v_l22", 63 0, L_0x560f8092d3d0;  1 drivers
v0x560f80924280_0 .net "v_l23", 63 0, L_0x560f8092dba0;  1 drivers
v0x560f80924390_0 .net "v_l24", 63 0, L_0x560f8092e370;  1 drivers
v0x560f809244a0_0 .net "v_l25", 63 0, L_0x560f8092eb40;  1 drivers
v0x560f809245b0_0 .net "v_l26", 63 0, L_0x560f8092f310;  1 drivers
v0x560f809246c0_0 .net "v_l27", 63 0, L_0x560f8092fa50;  1 drivers
v0x560f809247d0_0 .net "v_l31", 63 0, L_0x560f80930770;  1 drivers
v0x560f809248e0_0 .net "v_l32", 63 0, L_0x560f80930ef0;  1 drivers
v0x560f809249f0_0 .net "v_l33", 63 0, L_0x560f809316c0;  1 drivers
v0x560f80924b00_0 .net "v_l34", 63 0, L_0x560f80931e90;  1 drivers
v0x560f80924c10_0 .net "v_l35", 63 0, L_0x560f80932660;  1 drivers
v0x560f80924d20_0 .net "v_l41", 63 0, L_0x560f809330c0;  1 drivers
v0x560f80924e30_0 .net "v_l42", 63 0, L_0x560f80933840;  1 drivers
v0x560f80924f40_0 .net "v_l43", 63 0, L_0x560f80933f80;  1 drivers
v0x560f80925050_0 .net "v_l51", 63 0, L_0x560f809347a0;  1 drivers
v0x560f80925160_0 .net "v_l52", 63 0, L_0x560f80934f70;  1 drivers
v0x560f80925270_0 .net "v_l61", 63 0, L_0x560f80935740;  1 drivers
v0x560f80925330_0 .net "v_l62", 63 0, L_0x560f80935ff0;  1 drivers
L_0x560f80925ef0 .part v0x560f809212b0_0, 0, 64;
L_0x560f80925f90 .part v0x560f809212b0_0, 64, 64;
L_0x560f809260c0 .part v0x560f809212b0_0, 128, 64;
L_0x560f80926990 .part v0x560f809212b0_0, 192, 64;
L_0x560f80926ac0 .part v0x560f809212b0_0, 256, 64;
L_0x560f80926bf0 .part v0x560f809212b0_0, 320, 64;
L_0x560f80927470 .part v0x560f809212b0_0, 384, 64;
L_0x560f809275a0 .part v0x560f809212b0_0, 448, 64;
L_0x560f80927690 .part v0x560f809212b0_0, 512, 64;
L_0x560f80927ed0 .part v0x560f809212b0_0, 576, 64;
L_0x560f80928060 .part v0x560f809212b0_0, 640, 64;
L_0x560f80928190 .part v0x560f809212b0_0, 704, 64;
L_0x560f80928a40 .part v0x560f809212b0_0, 768, 64;
L_0x560f80928b70 .part v0x560f809212b0_0, 832, 64;
L_0x560f80928d20 .part v0x560f809212b0_0, 896, 64;
L_0x560f80929700 .part v0x560f809212b0_0, 960, 64;
L_0x560f809298c0 .part v0x560f809212b0_0, 1024, 64;
L_0x560f809299f0 .part v0x560f809212b0_0, 1088, 64;
L_0x560f8092a2d0 .part v0x560f809212b0_0, 1152, 64;
L_0x560f8092a370 .part v0x560f809212b0_0, 1216, 64;
L_0x560f80929b20 .part v0x560f809212b0_0, 1280, 64;
L_0x560f8092acf0 .part v0x560f809212b0_0, 1344, 64;
L_0x560f8092aee0 .part v0x560f809212b0_0, 1408, 64;
L_0x560f8092b010 .part v0x560f809212b0_0, 1472, 64;
L_0x560f8092b960 .part v0x560f809212b0_0, 1536, 64;
L_0x560f8092ba90 .part v0x560f809212b0_0, 1600, 64;
L_0x560f8092bca0 .part v0x560f809212b0_0, 1664, 64;
L_0x560f8092c4e0 .part v0x560f809212b0_0, 1728, 64;
L_0x560f8092c700 .part v0x560f809212b0_0, 1792, 64;
L_0x560f8092c830 .part v0x560f809212b0_0, 1856, 64;
L_0x560f80930030 .part v0x560f809212b0_0, 1920, 64;
L_0x560f80932bf0 .part v0x560f809212b0_0, 1984, 64;
S_0x560f808ea220 .scope module, "l11" "FA" 3 28, 4 1 0, S_0x560f808a11e0;
 .timescale 0 0;
    .port_info 0 /INPUT 64 "x"
    .port_info 1 /INPUT 64 "y"
    .port_info 2 /INPUT 64 "z"
    .port_info 3 /OUTPUT 64 "u"
    .port_info 4 /OUTPUT 64 "v"
L_0x560f809256f0 .functor XOR 64, L_0x560f80925ef0, L_0x560f80925f90, C4<0000000000000000000000000000000000000000000000000000000000000000>, C4<0000000000000000000000000000000000000000000000000000000000000000>;
L_0x560f80925760 .functor XOR 64, L_0x560f809256f0, L_0x560f809260c0, C4<0000000000000000000000000000000000000000000000000000000000000000>, C4<0000000000000000000000000000000000000000000000000000000000000000>;
L_0x560f80925910 .functor AND 64, L_0x560f80925ef0, L_0x560f80925f90, C4<1111111111111111111111111111111111111111111111111111111111111111>, C4<1111111111111111111111111111111111111111111111111111111111111111>;
L_0x560f80925a20 .functor AND 64, L_0x560f80925f90, L_0x560f809260c0, C4<1111111111111111111111111111111111111111111111111111111111111111>, C4<1111111111111111111111111111111111111111111111111111111111111111>;
L_0x560f80925ae0 .functor OR 64, L_0x560f80925910, L_0x560f80925a20, C4<0000000000000000000000000000000000000000000000000000000000000000>, C4<0000000000000000000000000000000000000000000000000000000000000000>;
L_0x560f80925bf0 .functor AND 64, L_0x560f809260c0, L_0x560f80925ef0, C4<1111111111111111111111111111111111111111111111111111111111111111>, C4<1111111111111111111111111111111111111111111111111111111111111111>;
L_0x560f80925ca0 .functor OR 64, L_0x560f80925ae0, L_0x560f80925bf0, C4<0000000000000000000000000000000000000000000000000000000000000000>, C4<0000000000000000000000000000000000000000000000000000000000000000>;
v0x560f808a1500_0 .net *"_s0", 63 0, L_0x560f809256f0;  1 drivers
v0x560f80906460_0 .net *"_s11", 63 0, L_0x560f80925910;  1 drivers
v0x560f80906540_0 .net *"_s13", 63 0, L_0x560f80925a20;  1 drivers
v0x560f80906600_0 .net *"_s15", 63 0, L_0x560f80925ae0;  1 drivers
v0x560f809066e0_0 .net *"_s17", 63 0, L_0x560f80925bf0;  1 drivers
v0x560f80906810_0 .net *"_s19", 63 0, L_0x560f80925ca0;  1 drivers
v0x560f809068f0_0 .net *"_s22", 62 0, L_0x560f80925db0;  1 drivers
L_0x7f20b1865018 .functor BUFT 1, C4<0>, C4<0>, C4<0>, C4<0>;
v0x560f809069d0_0 .net/2s *"_s6", 0 0, L_0x7f20b1865018;  1 drivers
v0x560f80906ab0_0 .net "u", 63 0, L_0x560f80925760;  alias, 1 drivers
v0x560f80906b90_0 .net "v", 63 0, L_0x560f80925820;  alias, 1 drivers
v0x560f80906c70_0 .net "x", 63 0, L_0x560f80925ef0;  1 drivers
v0x560f80906d50_0 .net "y", 63 0, L_0x560f80925f90;  1 drivers
v0x560f80906e30_0 .net "z", 63 0, L_0x560f809260c0;  1 drivers
L_0x560f80925820 .concat8 [ 1 63 0 0], L_0x7f20b1865018, L_0x560f80925db0;
L_0x560f80925db0 .part L_0x560f80925ca0, 0, 63;
S_0x560f80906fb0 .scope module, "l110" "FA" 3 37, 4 1 0, S_0x560f808a11e0;
 .timescale 0 0;
    .port_info 0 /INPUT 64 "x"
    .port_info 1 /INPUT 64 "y"
    .port_info 2 /INPUT 64 "z"
    .port_info 3 /OUTPUT 64 "u"
    .port_info 4 /OUTPUT 64 "v"
L_0x560f8092bdd0 .functor XOR 64, L_0x560f8092c4e0, L_0x560f8092c700, C4<0000000000000000000000000000000000000000000000000000000000000000>, C4<0000000000000000000000000000000000000000000000000000000000000000>;
L_0x560f8092be40 .functor XOR 64, L_0x560f8092bdd0, L_0x560f8092c830, C4<0000000000000000000000000000000000000000000000000000000000000000>, C4<0000000000000000000000000000000000000000000000000000000000000000>;
L_0x560f8092bf50 .functor AND 64, L_0x560f8092c4e0, L_0x560f8092c700, C4<1111111111111111111111111111111111111111111111111111111111111111>, C4<1111111111111111111111111111111111111111111111111111111111111111>;
L_0x560f8092c010 .functor AND 64, L_0x560f8092c700, L_0x560f8092c830, C4<1111111111111111111111111111111111111111111111111111111111111111>, C4<1111111111111111111111111111111111111111111111111111111111111111>;
L_0x560f8092c0d0 .functor OR 64, L_0x560f8092bf50, L_0x560f8092c010, C4<0000000000000000000000000000000000000000000000000000000000000000>, C4<0000000000000000000000000000000000000000000000000000000000000000>;
L_0x560f8092c1e0 .functor AND 64, L_0x560f8092c830, L_0x560f8092c4e0, C4<1111111111111111111111111111111111111111111111111111111111111111>, C4<1111111111111111111111111111111111111111111111111111111111111111>;
L_0x560f8092c290 .functor OR 64, L_0x560f8092c0d0, L_0x560f8092c1e0, C4<0000000000000000000000000000000000000000000000000000000000000000>, C4<0000000000000000000000000000000000000000000000000000000000000000>;
v0x560f80907150_0 .net *"_s0", 63 0, L_0x560f8092bdd0;  1 drivers
v0x560f80907230_0 .net *"_s11", 63 0, L_0x560f8092bf50;  1 drivers
v0x560f80907310_0 .net *"_s13", 63 0, L_0x560f8092c010;  1 drivers
v0x560f809073d0_0 .net *"_s15", 63 0, L_0x560f8092c0d0;  1 drivers
v0x560f809074b0_0 .net *"_s17", 63 0, L_0x560f8092c1e0;  1 drivers
v0x560f809075e0_0 .net *"_s19", 63 0, L_0x560f8092c290;  1 drivers
v0x560f809076c0_0 .net *"_s22", 62 0, L_0x560f8092c3a0;  1 drivers
L_0x7f20b18652a0 .functor BUFT 1, C4<0>, C4<0>, C4<0>, C4<0>;
v0x560f809077a0_0 .net/2s *"_s6", 0 0, L_0x7f20b18652a0;  1 drivers
v0x560f80907880_0 .net "u", 63 0, L_0x560f8092be40;  alias, 1 drivers
v0x560f809079f0_0 .net "v", 63 0, L_0x560f8092beb0;  alias, 1 drivers
v0x560f80907ad0_0 .net "x", 63 0, L_0x560f8092c4e0;  1 drivers
v0x560f80907bb0_0 .net "y", 63 0, L_0x560f8092c700;  1 drivers
v0x560f80907c90_0 .net "z", 63 0, L_0x560f8092c830;  1 drivers
L_0x560f8092beb0 .concat8 [ 1 63 0 0], L_0x7f20b18652a0, L_0x560f8092c3a0;
L_0x560f8092c3a0 .part L_0x560f8092c290, 0, 63;
S_0x560f80907e10 .scope module, "l12" "FA" 3 29, 4 1 0, S_0x560f808a11e0;
 .timescale 0 0;
    .port_info 0 /INPUT 64 "x"
    .port_info 1 /INPUT 64 "y"
    .port_info 2 /INPUT 64 "z"
    .port_info 3 /OUTPUT 64 "u"
    .port_info 4 /OUTPUT 64 "v"
L_0x560f80926280 .functor XOR 64, L_0x560f80926990, L_0x560f80926ac0, C4<0000000000000000000000000000000000000000000000000000000000000000>, C4<0000000000000000000000000000000000000000000000000000000000000000>;
L_0x560f809262f0 .functor XOR 64, L_0x560f80926280, L_0x560f80926bf0, C4<0000000000000000000000000000000000000000000000000000000000000000>, C4<0000000000000000000000000000000000000000000000000000000000000000>;
L_0x560f80926400 .functor AND 64, L_0x560f80926990, L_0x560f80926ac0, C4<1111111111111111111111111111111111111111111111111111111111111111>, C4<1111111111111111111111111111111111111111111111111111111111111111>;
L_0x560f809264c0 .functor AND 64, L_0x560f80926ac0, L_0x560f80926bf0, C4<1111111111111111111111111111111111111111111111111111111111111111>, C4<1111111111111111111111111111111111111111111111111111111111111111>;
L_0x560f80926580 .functor OR 64, L_0x560f80926400, L_0x560f809264c0, C4<0000000000000000000000000000000000000000000000000000000000000000>, C4<0000000000000000000000000000000000000000000000000000000000000000>;
L_0x560f80926690 .functor AND 64, L_0x560f80926bf0, L_0x560f80926990, C4<1111111111111111111111111111111111111111111111111111111111111111>, C4<1111111111111111111111111111111111111111111111111111111111111111>;
L_0x560f80926740 .functor OR 64, L_0x560f80926580, L_0x560f80926690, C4<0000000000000000000000000000000000000000000000000000000000000000>, C4<0000000000000000000000000000000000000000000000000000000000000000>;
v0x560f80907f90_0 .net *"_s0", 63 0, L_0x560f80926280;  1 drivers
v0x560f80908070_0 .net *"_s11", 63 0, L_0x560f80926400;  1 drivers
v0x560f80908150_0 .net *"_s13", 63 0, L_0x560f809264c0;  1 drivers
v0x560f80908210_0 .net *"_s15", 63 0, L_0x560f80926580;  1 drivers
v0x560f809082f0_0 .net *"_s17", 63 0, L_0x560f80926690;  1 drivers
v0x560f80908420_0 .net *"_s19", 63 0, L_0x560f80926740;  1 drivers
v0x560f80908500_0 .net *"_s22", 62 0, L_0x560f80926850;  1 drivers
L_0x7f20b1865060 .functor BUFT 1, C4<0>, C4<0>, C4<0>, C4<0>;
v0x560f809085e0_0 .net/2s *"_s6", 0 0, L_0x7f20b1865060;  1 drivers
v0x560f809086c0_0 .net "u", 63 0, L_0x560f809262f0;  alias, 1 drivers
v0x560f80908830_0 .net "v", 63 0, L_0x560f80926360;  alias, 1 drivers
v0x560f80908910_0 .net "x", 63 0, L_0x560f80926990;  1 drivers
v0x560f809089f0_0 .net "y", 63 0, L_0x560f80926ac0;  1 drivers
v0x560f80908ad0_0 .net "z", 63 0, L_0x560f80926bf0;  1 drivers
L_0x560f80926360 .concat8 [ 1 63 0 0], L_0x7f20b1865060, L_0x560f80926850;
L_0x560f80926850 .part L_0x560f80926740, 0, 63;
S_0x560f80908c50 .scope module, "l13" "FA" 3 30, 4 1 0, S_0x560f808a11e0;
 .timescale 0 0;
    .port_info 0 /INPUT 64 "x"
    .port_info 1 /INPUT 64 "y"
    .port_info 2 /INPUT 64 "z"
    .port_info 3 /OUTPUT 64 "u"
    .port_info 4 /OUTPUT 64 "v"
L_0x560f80926d60 .functor XOR 64, L_0x560f80927470, L_0x560f809275a0, C4<0000000000000000000000000000000000000000000000000000000000000000>, C4<0000000000000000000000000000000000000000000000000000000000000000>;
L_0x560f80926dd0 .functor XOR 64, L_0x560f80926d60, L_0x560f80927690, C4<0000000000000000000000000000000000000000000000000000000000000000>, C4<0000000000000000000000000000000000000000000000000000000000000000>;
L_0x560f80926ee0 .functor AND 64, L_0x560f80927470, L_0x560f809275a0, C4<1111111111111111111111111111111111111111111111111111111111111111>, C4<1111111111111111111111111111111111111111111111111111111111111111>;
L_0x560f80926fa0 .functor AND 64, L_0x560f809275a0, L_0x560f80927690, C4<1111111111111111111111111111111111111111111111111111111111111111>, C4<1111111111111111111111111111111111111111111111111111111111111111>;
L_0x560f80927060 .functor OR 64, L_0x560f80926ee0, L_0x560f80926fa0, C4<0000000000000000000000000000000000000000000000000000000000000000>, C4<0000000000000000000000000000000000000000000000000000000000000000>;
L_0x560f80927170 .functor AND 64, L_0x560f80927690, L_0x560f80927470, C4<1111111111111111111111111111111111111111111111111111111111111111>, C4<1111111111111111111111111111111111111111111111111111111111111111>;
L_0x560f80927220 .functor OR 64, L_0x560f80927060, L_0x560f80927170, C4<0000000000000000000000000000000000000000000000000000000000000000>, C4<0000000000000000000000000000000000000000000000000000000000000000>;
v0x560f80908dd0_0 .net *"_s0", 63 0, L_0x560f80926d60;  1 drivers
v0x560f80908ed0_0 .net *"_s11", 63 0, L_0x560f80926ee0;  1 drivers
v0x560f80908fb0_0 .net *"_s13", 63 0, L_0x560f80926fa0;  1 drivers
v0x560f809090a0_0 .net *"_s15", 63 0, L_0x560f80927060;  1 drivers
v0x560f80909180_0 .net *"_s17", 63 0, L_0x560f80927170;  1 drivers
v0x560f809092b0_0 .net *"_s19", 63 0, L_0x560f80927220;  1 drivers
v0x560f80909390_0 .net *"_s22", 62 0, L_0x560f80927330;  1 drivers
L_0x7f20b18650a8 .functor BUFT 1, C4<0>, C4<0>, C4<0>, C4<0>;
v0x560f80909470_0 .net/2s *"_s6", 0 0, L_0x7f20b18650a8;  1 drivers
v0x560f80909550_0 .net "u", 63 0, L_0x560f80926dd0;  alias, 1 drivers
v0x560f809096c0_0 .net "v", 63 0, L_0x560f80926e40;  alias, 1 drivers
v0x560f809097a0_0 .net "x", 63 0, L_0x560f80927470;  1 drivers
v0x560f80909880_0 .net "y", 63 0, L_0x560f809275a0;  1 drivers
v0x560f80909960_0 .net "z", 63 0, L_0x560f80927690;  1 drivers
L_0x560f80926e40 .concat8 [ 1 63 0 0], L_0x7f20b18650a8, L_0x560f80927330;
L_0x560f80927330 .part L_0x560f80927220, 0, 63;
S_0x560f80909ae0 .scope module, "l14" "FA" 3 31, 4 1 0, S_0x560f808a11e0;
 .timescale 0 0;
    .port_info 0 /INPUT 64 "x"
    .port_info 1 /INPUT 64 "y"
    .port_info 2 /INPUT 64 "z"
    .port_info 3 /OUTPUT 64 "u"
    .port_info 4 /OUTPUT 64 "v"
L_0x560f809277c0 .functor XOR 64, L_0x560f80927ed0, L_0x560f80928060, C4<0000000000000000000000000000000000000000000000000000000000000000>, C4<0000000000000000000000000000000000000000000000000000000000000000>;
L_0x560f80927830 .functor XOR 64, L_0x560f809277c0, L_0x560f80928190, C4<0000000000000000000000000000000000000000000000000000000000000000>, C4<0000000000000000000000000000000000000000000000000000000000000000>;
L_0x560f80927940 .functor AND 64, L_0x560f80927ed0, L_0x560f80928060, C4<1111111111111111111111111111111111111111111111111111111111111111>, C4<1111111111111111111111111111111111111111111111111111111111111111>;
L_0x560f80927a00 .functor AND 64, L_0x560f80928060, L_0x560f80928190, C4<1111111111111111111111111111111111111111111111111111111111111111>, C4<1111111111111111111111111111111111111111111111111111111111111111>;
L_0x560f80927ac0 .functor OR 64, L_0x560f80927940, L_0x560f80927a00, C4<0000000000000000000000000000000000000000000000000000000000000000>, C4<0000000000000000000000000000000000000000000000000000000000000000>;
L_0x560f80927bd0 .functor AND 64, L_0x560f80928190, L_0x560f80927ed0, C4<1111111111111111111111111111111111111111111111111111111111111111>, C4<1111111111111111111111111111111111111111111111111111111111111111>;
L_0x560f80927c80 .functor OR 64, L_0x560f80927ac0, L_0x560f80927bd0, C4<0000000000000000000000000000000000000000000000000000000000000000>, C4<0000000000000000000000000000000000000000000000000000000000000000>;
v0x560f80909cb0_0 .net *"_s0", 63 0, L_0x560f809277c0;  1 drivers
v0x560f80909db0_0 .net *"_s11", 63 0, L_0x560f80927940;  1 drivers
v0x560f80909e90_0 .net *"_s13", 63 0, L_0x560f80927a00;  1 drivers
v0x560f80909f50_0 .net *"_s15", 63 0, L_0x560f80927ac0;  1 drivers
v0x560f8090a030_0 .net *"_s17", 63 0, L_0x560f80927bd0;  1 drivers
v0x560f8090a160_0 .net *"_s19", 63 0, L_0x560f80927c80;  1 drivers
v0x560f8090a240_0 .net *"_s22", 62 0, L_0x560f80927d90;  1 drivers
L_0x7f20b18650f0 .functor BUFT 1, C4<0>, C4<0>, C4<0>, C4<0>;
v0x560f8090a320_0 .net/2s *"_s6", 0 0, L_0x7f20b18650f0;  1 drivers
v0x560f8090a400_0 .net "u", 63 0, L_0x560f80927830;  alias, 1 drivers
v0x560f8090a570_0 .net "v", 63 0, L_0x560f809278a0;  alias, 1 drivers
v0x560f8090a650_0 .net "x", 63 0, L_0x560f80927ed0;  1 drivers
v0x560f8090a730_0 .net "y", 63 0, L_0x560f80928060;  1 drivers
v0x560f8090a810_0 .net "z", 63 0, L_0x560f80928190;  1 drivers
L_0x560f809278a0 .concat8 [ 1 63 0 0], L_0x7f20b18650f0, L_0x560f80927d90;
L_0x560f80927d90 .part L_0x560f80927c80, 0, 63;
S_0x560f8090a990 .scope module, "l15" "FA" 3 32, 4 1 0, S_0x560f808a11e0;
 .timescale 0 0;
    .port_info 0 /INPUT 64 "x"
    .port_info 1 /INPUT 64 "y"
    .port_info 2 /INPUT 64 "z"
    .port_info 3 /OUTPUT 64 "u"
    .port_info 4 /OUTPUT 64 "v"
L_0x560f80928330 .functor XOR 64, L_0x560f80928a40, L_0x560f80928b70, C4<0000000000000000000000000000000000000000000000000000000000000000>, C4<0000000000000000000000000000000000000000000000000000000000000000>;
L_0x560f809283a0 .functor XOR 64, L_0x560f80928330, L_0x560f80928d20, C4<0000000000000000000000000000000000000000000000000000000000000000>, C4<0000000000000000000000000000000000000000000000000000000000000000>;
L_0x560f809284b0 .functor AND 64, L_0x560f80928a40, L_0x560f80928b70, C4<1111111111111111111111111111111111111111111111111111111111111111>, C4<1111111111111111111111111111111111111111111111111111111111111111>;
L_0x560f80928570 .functor AND 64, L_0x560f80928b70, L_0x560f80928d20, C4<1111111111111111111111111111111111111111111111111111111111111111>, C4<1111111111111111111111111111111111111111111111111111111111111111>;
L_0x560f80928630 .functor OR 64, L_0x560f809284b0, L_0x560f80928570, C4<0000000000000000000000000000000000000000000000000000000000000000>, C4<0000000000000000000000000000000000000000000000000000000000000000>;
L_0x560f80928740 .functor AND 64, L_0x560f80928d20, L_0x560f80928a40, C4<1111111111111111111111111111111111111111111111111111111111111111>, C4<1111111111111111111111111111111111111111111111111111111111111111>;
L_0x560f809287f0 .functor OR 64, L_0x560f80928630, L_0x560f80928740, C4<0000000000000000000000000000000000000000000000000000000000000000>, C4<0000000000000000000000000000000000000000000000000000000000000000>;
v0x560f8090ab10_0 .net *"_s0", 63 0, L_0x560f80928330;  1 drivers
v0x560f8090ac10_0 .net *"_s11", 63 0, L_0x560f809284b0;  1 drivers
v0x560f8090acf0_0 .net *"_s13", 63 0, L_0x560f80928570;  1 drivers
v0x560f8090ade0_0 .net *"_s15", 63 0, L_0x560f80928630;  1 drivers
v0x560f8090aec0_0 .net *"_s17", 63 0, L_0x560f80928740;  1 drivers
v0x560f8090aff0_0 .net *"_s19", 63 0, L_0x560f809287f0;  1 drivers
v0x560f8090b0d0_0 .net *"_s22", 62 0, L_0x560f80928900;  1 drivers
L_0x7f20b1865138 .functor BUFT 1, C4<0>, C4<0>, C4<0>, C4<0>;
v0x560f8090b1b0_0 .net/2s *"_s6", 0 0, L_0x7f20b1865138;  1 drivers
v0x560f8090b290_0 .net "u", 63 0, L_0x560f809283a0;  alias, 1 drivers
v0x560f8090b400_0 .net "v", 63 0, L_0x560f80928410;  alias, 1 drivers
v0x560f8090b4e0_0 .net "x", 63 0, L_0x560f80928a40;  1 drivers
v0x560f8090b5c0_0 .net "y", 63 0, L_0x560f80928b70;  1 drivers
v0x560f8090b6a0_0 .net "z", 63 0, L_0x560f80928d20;  1 drivers
L_0x560f80928410 .concat8 [ 1 63 0 0], L_0x7f20b1865138, L_0x560f80928900;
L_0x560f80928900 .part L_0x560f809287f0, 0, 63;
S_0x560f8090b820 .scope module, "l16" "FA" 3 33, 4 1 0, S_0x560f808a11e0;
 .timescale 0 0;
    .port_info 0 /INPUT 64 "x"
    .port_info 1 /INPUT 64 "y"
    .port_info 2 /INPUT 64 "z"
    .port_info 3 /OUTPUT 64 "u"
    .port_info 4 /OUTPUT 64 "v"
L_0x560f809282c0 .functor XOR 64, L_0x560f80929700, L_0x560f809298c0, C4<0000000000000000000000000000000000000000000000000000000000000000>, C4<0000000000000000000000000000000000000000000000000000000000000000>;
L_0x560f80929060 .functor XOR 64, L_0x560f809282c0, L_0x560f809299f0, C4<0000000000000000000000000000000000000000000000000000000000000000>, C4<0000000000000000000000000000000000000000000000000000000000000000>;
L_0x560f80929170 .functor AND 64, L_0x560f80929700, L_0x560f809298c0, C4<1111111111111111111111111111111111111111111111111111111111111111>, C4<1111111111111111111111111111111111111111111111111111111111111111>;
L_0x560f80929230 .functor AND 64, L_0x560f809298c0, L_0x560f809299f0, C4<1111111111111111111111111111111111111111111111111111111111111111>, C4<1111111111111111111111111111111111111111111111111111111111111111>;
L_0x560f809292f0 .functor OR 64, L_0x560f80929170, L_0x560f80929230, C4<0000000000000000000000000000000000000000000000000000000000000000>, C4<0000000000000000000000000000000000000000000000000000000000000000>;
L_0x560f80929400 .functor AND 64, L_0x560f809299f0, L_0x560f80929700, C4<1111111111111111111111111111111111111111111111111111111111111111>, C4<1111111111111111111111111111111111111111111111111111111111111111>;
L_0x560f809294b0 .functor OR 64, L_0x560f809292f0, L_0x560f80929400, C4<0000000000000000000000000000000000000000000000000000000000000000>, C4<0000000000000000000000000000000000000000000000000000000000000000>;
v0x560f8090b9a0_0 .net *"_s0", 63 0, L_0x560f809282c0;  1 drivers
v0x560f8090baa0_0 .net *"_s11", 63 0, L_0x560f80929170;  1 drivers
v0x560f8090bb80_0 .net *"_s13", 63 0, L_0x560f80929230;  1 drivers
v0x560f8090bc70_0 .net *"_s15", 63 0, L_0x560f809292f0;  1 drivers
v0x560f8090bd50_0 .net *"_s17", 63 0, L_0x560f80929400;  1 drivers
v0x560f8090be80_0 .net *"_s19", 63 0, L_0x560f809294b0;  1 drivers
v0x560f8090bf60_0 .net *"_s22", 62 0, L_0x560f809295c0;  1 drivers
L_0x7f20b1865180 .functor BUFT 1, C4<0>, C4<0>, C4<0>, C4<0>;
v0x560f8090c040_0 .net/2s *"_s6", 0 0, L_0x7f20b1865180;  1 drivers
v0x560f8090c120_0 .net "u", 63 0, L_0x560f80929060;  alias, 1 drivers
v0x560f8090c290_0 .net "v", 63 0, L_0x560f809290d0;  alias, 1 drivers
v0x560f8090c370_0 .net "x", 63 0, L_0x560f80929700;  1 drivers
v0x560f8090c450_0 .net "y", 63 0, L_0x560f809298c0;  1 drivers
v0x560f8090c530_0 .net "z", 63 0, L_0x560f809299f0;  1 drivers
L_0x560f809290d0 .concat8 [ 1 63 0 0], L_0x7f20b1865180, L_0x560f809295c0;
L_0x560f809295c0 .part L_0x560f809294b0, 0, 63;
S_0x560f8090c6b0 .scope module, "l17" "FA" 3 34, 4 1 0, S_0x560f808a11e0;
 .timescale 0 0;
    .port_info 0 /INPUT 64 "x"
    .port_info 1 /INPUT 64 "y"
    .port_info 2 /INPUT 64 "z"
    .port_info 3 /OUTPUT 64 "u"
    .port_info 4 /OUTPUT 64 "v"
L_0x560f80929bc0 .functor XOR 64, L_0x560f8092a2d0, L_0x560f8092a370, C4<0000000000000000000000000000000000000000000000000000000000000000>, C4<0000000000000000000000000000000000000000000000000000000000000000>;
L_0x560f80929c30 .functor XOR 64, L_0x560f80929bc0, L_0x560f80929b20, C4<0000000000000000000000000000000000000000000000000000000000000000>, C4<0000000000000000000000000000000000000000000000000000000000000000>;
L_0x560f80929d40 .functor AND 64, L_0x560f8092a2d0, L_0x560f8092a370, C4<1111111111111111111111111111111111111111111111111111111111111111>, C4<1111111111111111111111111111111111111111111111111111111111111111>;
L_0x560f80929e00 .functor AND 64, L_0x560f8092a370, L_0x560f80929b20, C4<1111111111111111111111111111111111111111111111111111111111111111>, C4<1111111111111111111111111111111111111111111111111111111111111111>;
L_0x560f80929ec0 .functor OR 64, L_0x560f80929d40, L_0x560f80929e00, C4<0000000000000000000000000000000000000000000000000000000000000000>, C4<0000000000000000000000000000000000000000000000000000000000000000>;
L_0x560f80929fd0 .functor AND 64, L_0x560f80929b20, L_0x560f8092a2d0, C4<1111111111111111111111111111111111111111111111111111111111111111>, C4<1111111111111111111111111111111111111111111111111111111111111111>;
L_0x560f8092a080 .functor OR 64, L_0x560f80929ec0, L_0x560f80929fd0, C4<0000000000000000000000000000000000000000000000000000000000000000>, C4<0000000000000000000000000000000000000000000000000000000000000000>;
v0x560f8090c830_0 .net *"_s0", 63 0, L_0x560f80929bc0;  1 drivers
v0x560f8090c930_0 .net *"_s11", 63 0, L_0x560f80929d40;  1 drivers
v0x560f8090ca10_0 .net *"_s13", 63 0, L_0x560f80929e00;  1 drivers
v0x560f8090cb00_0 .net *"_s15", 63 0, L_0x560f80929ec0;  1 drivers
v0x560f8090cbe0_0 .net *"_s17", 63 0, L_0x560f80929fd0;  1 drivers
v0x560f8090cd10_0 .net *"_s19", 63 0, L_0x560f8092a080;  1 drivers
v0x560f8090cdf0_0 .net *"_s22", 62 0, L_0x560f8092a190;  1 drivers
L_0x7f20b18651c8 .functor BUFT 1, C4<0>, C4<0>, C4<0>, C4<0>;
v0x560f8090ced0_0 .net/2s *"_s6", 0 0, L_0x7f20b18651c8;  1 drivers
v0x560f8090cfb0_0 .net "u", 63 0, L_0x560f80929c30;  alias, 1 drivers
v0x560f8090d120_0 .net "v", 63 0, L_0x560f80929ca0;  alias, 1 drivers
v0x560f8090d200_0 .net "x", 63 0, L_0x560f8092a2d0;  1 drivers
v0x560f8090d2e0_0 .net "y", 63 0, L_0x560f8092a370;  1 drivers
v0x560f8090d3c0_0 .net "z", 63 0, L_0x560f80929b20;  1 drivers
L_0x560f80929ca0 .concat8 [ 1 63 0 0], L_0x7f20b18651c8, L_0x560f8092a190;
L_0x560f8092a190 .part L_0x560f8092a080, 0, 63;
S_0x560f8090d540 .scope module, "l18" "FA" 3 35, 4 1 0, S_0x560f808a11e0;
 .timescale 0 0;
    .port_info 0 /INPUT 64 "x"
    .port_info 1 /INPUT 64 "y"
    .port_info 2 /INPUT 64 "z"
    .port_info 3 /OUTPUT 64 "u"
    .port_info 4 /OUTPUT 64 "v"
L_0x560f8092a5e0 .functor XOR 64, L_0x560f8092acf0, L_0x560f8092aee0, C4<0000000000000000000000000000000000000000000000000000000000000000>, C4<0000000000000000000000000000000000000000000000000000000000000000>;
L_0x560f8092a650 .functor XOR 64, L_0x560f8092a5e0, L_0x560f8092b010, C4<0000000000000000000000000000000000000000000000000000000000000000>, C4<0000000000000000000000000000000000000000000000000000000000000000>;
L_0x560f8092a760 .functor AND 64, L_0x560f8092acf0, L_0x560f8092aee0, C4<1111111111111111111111111111111111111111111111111111111111111111>, C4<1111111111111111111111111111111111111111111111111111111111111111>;
L_0x560f8092a820 .functor AND 64, L_0x560f8092aee0, L_0x560f8092b010, C4<1111111111111111111111111111111111111111111111111111111111111111>, C4<1111111111111111111111111111111111111111111111111111111111111111>;
L_0x560f8092a8e0 .functor OR 64, L_0x560f8092a760, L_0x560f8092a820, C4<0000000000000000000000000000000000000000000000000000000000000000>, C4<0000000000000000000000000000000000000000000000000000000000000000>;
L_0x560f8092a9f0 .functor AND 64, L_0x560f8092b010, L_0x560f8092acf0, C4<1111111111111111111111111111111111111111111111111111111111111111>, C4<1111111111111111111111111111111111111111111111111111111111111111>;
L_0x560f8092aaa0 .functor OR 64, L_0x560f8092a8e0, L_0x560f8092a9f0, C4<0000000000000000000000000000000000000000000000000000000000000000>, C4<0000000000000000000000000000000000000000000000000000000000000000>;
v0x560f8090d7d0_0 .net *"_s0", 63 0, L_0x560f8092a5e0;  1 drivers
v0x560f8090d8d0_0 .net *"_s11", 63 0, L_0x560f8092a760;  1 drivers
v0x560f8090d9b0_0 .net *"_s13", 63 0, L_0x560f8092a820;  1 drivers
v0x560f8090daa0_0 .net *"_s15", 63 0, L_0x560f8092a8e0;  1 drivers
v0x560f8090db80_0 .net *"_s17", 63 0, L_0x560f8092a9f0;  1 drivers
v0x560f8090dc60_0 .net *"_s19", 63 0, L_0x560f8092aaa0;  1 drivers
v0x560f8090dd40_0 .net *"_s22", 62 0, L_0x560f8092abb0;  1 drivers
L_0x7f20b1865210 .functor BUFT 1, C4<0>, C4<0>, C4<0>, C4<0>;
v0x560f8090de20_0 .net/2s *"_s6", 0 0, L_0x7f20b1865210;  1 drivers
v0x560f8090df00_0 .net "u", 63 0, L_0x560f8092a650;  alias, 1 drivers
v0x560f8090e070_0 .net "v", 63 0, L_0x560f8092a6c0;  alias, 1 drivers
v0x560f8090e150_0 .net "x", 63 0, L_0x560f8092acf0;  1 drivers
v0x560f8090e230_0 .net "y", 63 0, L_0x560f8092aee0;  1 drivers
v0x560f8090e310_0 .net "z", 63 0, L_0x560f8092b010;  1 drivers
L_0x560f8092a6c0 .concat8 [ 1 63 0 0], L_0x7f20b1865210, L_0x560f8092abb0;
L_0x560f8092abb0 .part L_0x560f8092aaa0, 0, 63;
S_0x560f8090e490 .scope module, "l19" "FA" 3 36, 4 1 0, S_0x560f808a11e0;
 .timescale 0 0;
    .port_info 0 /INPUT 64 "x"
    .port_info 1 /INPUT 64 "y"
    .port_info 2 /INPUT 64 "z"
    .port_info 3 /OUTPUT 64 "u"
    .port_info 4 /OUTPUT 64 "v"
L_0x560f8092b210 .functor XOR 64, L_0x560f8092b960, L_0x560f8092ba90, C4<0000000000000000000000000000000000000000000000000000000000000000>, C4<0000000000000000000000000000000000000000000000000000000000000000>;
L_0x560f8092b280 .functor XOR 64, L_0x560f8092b210, L_0x560f8092bca0, C4<0000000000000000000000000000000000000000000000000000000000000000>, C4<0000000000000000000000000000000000000000000000000000000000000000>;
L_0x560f8092b420 .functor AND 64, L_0x560f8092b960, L_0x560f8092ba90, C4<1111111111111111111111111111111111111111111111111111111111111111>, C4<1111111111111111111111111111111111111111111111111111111111111111>;
L_0x560f8092b490 .functor AND 64, L_0x560f8092ba90, L_0x560f8092bca0, C4<1111111111111111111111111111111111111111111111111111111111111111>, C4<1111111111111111111111111111111111111111111111111111111111111111>;
L_0x560f8092b550 .functor OR 64, L_0x560f8092b420, L_0x560f8092b490, C4<0000000000000000000000000000000000000000000000000000000000000000>, C4<0000000000000000000000000000000000000000000000000000000000000000>;
L_0x560f8092b660 .functor AND 64, L_0x560f8092bca0, L_0x560f8092b960, C4<1111111111111111111111111111111111111111111111111111111111111111>, C4<1111111111111111111111111111111111111111111111111111111111111111>;
L_0x560f8092b710 .functor OR 64, L_0x560f8092b550, L_0x560f8092b660, C4<0000000000000000000000000000000000000000000000000000000000000000>, C4<0000000000000000000000000000000000000000000000000000000000000000>;
v0x560f8090e690_0 .net *"_s0", 63 0, L_0x560f8092b210;  1 drivers
v0x560f8090e790_0 .net *"_s11", 63 0, L_0x560f8092b420;  1 drivers
v0x560f8090e870_0 .net *"_s13", 63 0, L_0x560f8092b490;  1 drivers
v0x560f8090e960_0 .net *"_s15", 63 0, L_0x560f8092b550;  1 drivers
v0x560f8090ea40_0 .net *"_s17", 63 0, L_0x560f8092b660;  1 drivers
v0x560f8090eb70_0 .net *"_s19", 63 0, L_0x560f8092b710;  1 drivers
v0x560f8090ec50_0 .net *"_s22", 62 0, L_0x560f8092b820;  1 drivers
L_0x7f20b1865258 .functor BUFT 1, C4<0>, C4<0>, C4<0>, C4<0>;
v0x560f8090ed30_0 .net/2s *"_s6", 0 0, L_0x7f20b1865258;  1 drivers
v0x560f8090ee10_0 .net "u", 63 0, L_0x560f8092b280;  alias, 1 drivers
v0x560f8090ef80_0 .net "v", 63 0, L_0x560f8092b380;  alias, 1 drivers
v0x560f8090f060_0 .net "x", 63 0, L_0x560f8092b960;  1 drivers
v0x560f8090f140_0 .net "y", 63 0, L_0x560f8092ba90;  1 drivers
v0x560f8090f220_0 .net "z", 63 0, L_0x560f8092bca0;  1 drivers
L_0x560f8092b380 .concat8 [ 1 63 0 0], L_0x7f20b1865258, L_0x560f8092b820;
L_0x560f8092b820 .part L_0x560f8092b710, 0, 63;
S_0x560f8090f3a0 .scope module, "l21" "FA" 3 42, 4 1 0, S_0x560f808a11e0;
 .timescale 0 0;
    .port_info 0 /INPUT 64 "x"
    .port_info 1 /INPUT 64 "y"
    .port_info 2 /INPUT 64 "z"
    .port_info 3 /OUTPUT 64 "u"
    .port_info 4 /OUTPUT 64 "v"
L_0x560f8092ca60 .functor XOR 64, L_0x560f80925760, L_0x560f80925820, C4<0000000000000000000000000000000000000000000000000000000000000000>, C4<0000000000000000000000000000000000000000000000000000000000000000>;
L_0x560f8092cbf0 .functor XOR 64, L_0x560f8092ca60, L_0x560f809262f0, C4<0000000000000000000000000000000000000000000000000000000000000000>, C4<0000000000000000000000000000000000000000000000000000000000000000>;
L_0x560f8092cd90 .functor AND 64, L_0x560f80925760, L_0x560f80925820, C4<1111111111111111111111111111111111111111111111111111111111111111>, C4<1111111111111111111111111111111111111111111111111111111111111111>;
L_0x560f8092ce00 .functor AND 64, L_0x560f80925820, L_0x560f809262f0, C4<1111111111111111111111111111111111111111111111111111111111111111>, C4<1111111111111111111111111111111111111111111111111111111111111111>;
L_0x560f8092ce70 .functor OR 64, L_0x560f8092cd90, L_0x560f8092ce00, C4<0000000000000000000000000000000000000000000000000000000000000000>, C4<0000000000000000000000000000000000000000000000000000000000000000>;
L_0x560f8092cee0 .functor AND 64, L_0x560f809262f0, L_0x560f80925760, C4<1111111111111111111111111111111111111111111111111111111111111111>, C4<1111111111111111111111111111111111111111111111111111111111111111>;
L_0x560f8092cf90 .functor OR 64, L_0x560f8092ce70, L_0x560f8092cee0, C4<0000000000000000000000000000000000000000000000000000000000000000>, C4<0000000000000000000000000000000000000000000000000000000000000000>;
v0x560f8090f5a0_0 .net *"_s0", 63 0, L_0x560f8092ca60;  1 drivers
v0x560f8090f6a0_0 .net *"_s11", 63 0, L_0x560f8092cd90;  1 drivers
v0x560f8090f780_0 .net *"_s13", 63 0, L_0x560f8092ce00;  1 drivers
v0x560f8090f870_0 .net *"_s15", 63 0, L_0x560f8092ce70;  1 drivers
v0x560f8090f950_0 .net *"_s17", 63 0, L_0x560f8092cee0;  1 drivers
v0x560f8090fa80_0 .net *"_s19", 63 0, L_0x560f8092cf90;  1 drivers
v0x560f8090fb60_0 .net *"_s22", 62 0, L_0x560f8092d000;  1 drivers
L_0x7f20b18652e8 .functor BUFT 1, C4<0>, C4<0>, C4<0>, C4<0>;
v0x560f8090fc40_0 .net/2s *"_s6", 0 0, L_0x7f20b18652e8;  1 drivers
v0x560f8090fd20_0 .net "u", 63 0, L_0x560f8092cbf0;  alias, 1 drivers
v0x560f8090fe90_0 .net "v", 63 0, L_0x560f8092ccf0;  alias, 1 drivers
v0x560f8090ff70_0 .net "x", 63 0, L_0x560f80925760;  alias, 1 drivers
v0x560f80910030_0 .net "y", 63 0, L_0x560f80925820;  alias, 1 drivers
v0x560f80910100_0 .net "z", 63 0, L_0x560f809262f0;  alias, 1 drivers
L_0x560f8092ccf0 .concat8 [ 1 63 0 0], L_0x7f20b18652e8, L_0x560f8092d000;
L_0x560f8092d000 .part L_0x560f8092cf90, 0, 63;
S_0x560f80910280 .scope module, "l22" "FA" 3 43, 4 1 0, S_0x560f808a11e0;
 .timescale 0 0;
    .port_info 0 /INPUT 64 "x"
    .port_info 1 /INPUT 64 "y"
    .port_info 2 /INPUT 64 "z"
    .port_info 3 /OUTPUT 64 "u"
    .port_info 4 /OUTPUT 64 "v"
L_0x560f8092d140 .functor XOR 64, L_0x560f80926360, L_0x560f80926dd0, C4<0000000000000000000000000000000000000000000000000000000000000000>, C4<0000000000000000000000000000000000000000000000000000000000000000>;
L_0x560f8092d2d0 .functor XOR 64, L_0x560f8092d140, L_0x560f80926e40, C4<0000000000000000000000000000000000000000000000000000000000000000>, C4<0000000000000000000000000000000000000000000000000000000000000000>;
L_0x560f8092d470 .functor AND 64, L_0x560f80926360, L_0x560f80926dd0, C4<1111111111111111111111111111111111111111111111111111111111111111>, C4<1111111111111111111111111111111111111111111111111111111111111111>;
L_0x560f8092d4e0 .functor AND 64, L_0x560f80926dd0, L_0x560f80926e40, C4<1111111111111111111111111111111111111111111111111111111111111111>, C4<1111111111111111111111111111111111111111111111111111111111111111>;
L_0x560f8092d550 .functor OR 64, L_0x560f8092d470, L_0x560f8092d4e0, C4<0000000000000000000000000000000000000000000000000000000000000000>, C4<0000000000000000000000000000000000000000000000000000000000000000>;
L_0x560f8092d610 .functor AND 64, L_0x560f80926e40, L_0x560f80926360, C4<1111111111111111111111111111111111111111111111111111111111111111>, C4<1111111111111111111111111111111111111111111111111111111111111111>;
L_0x560f8092d6c0 .functor OR 64, L_0x560f8092d550, L_0x560f8092d610, C4<0000000000000000000000000000000000000000000000000000000000000000>, C4<0000000000000000000000000000000000000000000000000000000000000000>;
v0x560f80910480_0 .net *"_s0", 63 0, L_0x560f8092d140;  1 drivers
v0x560f80910580_0 .net *"_s11", 63 0, L_0x560f8092d470;  1 drivers
v0x560f80910660_0 .net *"_s13", 63 0, L_0x560f8092d4e0;  1 drivers
v0x560f80910750_0 .net *"_s15", 63 0, L_0x560f8092d550;  1 drivers
v0x560f80910830_0 .net *"_s17", 63 0, L_0x560f8092d610;  1 drivers
v0x560f80910960_0 .net *"_s19", 63 0, L_0x560f8092d6c0;  1 drivers
v0x560f80910a40_0 .net *"_s22", 62 0, L_0x560f8092d7d0;  1 drivers
L_0x7f20b1865330 .functor BUFT 1, C4<0>, C4<0>, C4<0>, C4<0>;
v0x560f80910b20_0 .net/2s *"_s6", 0 0, L_0x7f20b1865330;  1 drivers
v0x560f80910c00_0 .net "u", 63 0, L_0x560f8092d2d0;  alias, 1 drivers
v0x560f80910d70_0 .net "v", 63 0, L_0x560f8092d3d0;  alias, 1 drivers
v0x560f80910e50_0 .net "x", 63 0, L_0x560f80926360;  alias, 1 drivers
v0x560f80910f10_0 .net "y", 63 0, L_0x560f80926dd0;  alias, 1 drivers
v0x560f80910fe0_0 .net "z", 63 0, L_0x560f80926e40;  alias, 1 drivers
L_0x560f8092d3d0 .concat8 [ 1 63 0 0], L_0x7f20b1865330, L_0x560f8092d7d0;
L_0x560f8092d7d0 .part L_0x560f8092d6c0, 0, 63;
S_0x560f80911160 .scope module, "l23" "FA" 3 44, 4 1 0, S_0x560f808a11e0;
 .timescale 0 0;
    .port_info 0 /INPUT 64 "x"
    .port_info 1 /INPUT 64 "y"
    .port_info 2 /INPUT 64 "z"
    .port_info 3 /OUTPUT 64 "u"
    .port_info 4 /OUTPUT 64 "v"
L_0x560f8092d910 .functor XOR 64, L_0x560f80927830, L_0x560f809278a0, C4<0000000000000000000000000000000000000000000000000000000000000000>, C4<0000000000000000000000000000000000000000000000000000000000000000>;
L_0x560f8092daa0 .functor XOR 64, L_0x560f8092d910, L_0x560f809283a0, C4<0000000000000000000000000000000000000000000000000000000000000000>, C4<0000000000000000000000000000000000000000000000000000000000000000>;
L_0x560f8092dc40 .functor AND 64, L_0x560f80927830, L_0x560f809278a0, C4<1111111111111111111111111111111111111111111111111111111111111111>, C4<1111111111111111111111111111111111111111111111111111111111111111>;
L_0x560f8092dcb0 .functor AND 64, L_0x560f809278a0, L_0x560f809283a0, C4<1111111111111111111111111111111111111111111111111111111111111111>, C4<1111111111111111111111111111111111111111111111111111111111111111>;
L_0x560f8092dd20 .functor OR 64, L_0x560f8092dc40, L_0x560f8092dcb0, C4<0000000000000000000000000000000000000000000000000000000000000000>, C4<0000000000000000000000000000000000000000000000000000000000000000>;
L_0x560f8092dde0 .functor AND 64, L_0x560f809283a0, L_0x560f80927830, C4<1111111111111111111111111111111111111111111111111111111111111111>, C4<1111111111111111111111111111111111111111111111111111111111111111>;
L_0x560f8092de90 .functor OR 64, L_0x560f8092dd20, L_0x560f8092dde0, C4<0000000000000000000000000000000000000000000000000000000000000000>, C4<0000000000000000000000000000000000000000000000000000000000000000>;
v0x560f80911360_0 .net *"_s0", 63 0, L_0x560f8092d910;  1 drivers
v0x560f80911460_0 .net *"_s11", 63 0, L_0x560f8092dc40;  1 drivers
v0x560f80911540_0 .net *"_s13", 63 0, L_0x560f8092dcb0;  1 drivers
v0x560f80911630_0 .net *"_s15", 63 0, L_0x560f8092dd20;  1 drivers
v0x560f80911710_0 .net *"_s17", 63 0, L_0x560f8092dde0;  1 drivers
v0x560f80911840_0 .net *"_s19", 63 0, L_0x560f8092de90;  1 drivers
v0x560f80911920_0 .net *"_s22", 62 0, L_0x560f8092dfa0;  1 drivers
L_0x7f20b1865378 .functor BUFT 1, C4<0>, C4<0>, C4<0>, C4<0>;
v0x560f80911a00_0 .net/2s *"_s6", 0 0, L_0x7f20b1865378;  1 drivers
v0x560f80911ae0_0 .net "u", 63 0, L_0x560f8092daa0;  alias, 1 drivers
v0x560f80911c50_0 .net "v", 63 0, L_0x560f8092dba0;  alias, 1 drivers
v0x560f80911d30_0 .net "x", 63 0, L_0x560f80927830;  alias, 1 drivers
v0x560f80911df0_0 .net "y", 63 0, L_0x560f809278a0;  alias, 1 drivers
v0x560f80911ec0_0 .net "z", 63 0, L_0x560f809283a0;  alias, 1 drivers
L_0x560f8092dba0 .concat8 [ 1 63 0 0], L_0x7f20b1865378, L_0x560f8092dfa0;
L_0x560f8092dfa0 .part L_0x560f8092de90, 0, 63;
S_0x560f80912040 .scope module, "l24" "FA" 3 45, 4 1 0, S_0x560f808a11e0;
 .timescale 0 0;
    .port_info 0 /INPUT 64 "x"
    .port_info 1 /INPUT 64 "y"
    .port_info 2 /INPUT 64 "z"
    .port_info 3 /OUTPUT 64 "u"
    .port_info 4 /OUTPUT 64 "v"
L_0x560f8092e0e0 .functor XOR 64, L_0x560f80928410, L_0x560f80929060, C4<0000000000000000000000000000000000000000000000000000000000000000>, C4<0000000000000000000000000000000000000000000000000000000000000000>;
L_0x560f8092e270 .functor XOR 64, L_0x560f8092e0e0, L_0x560f809290d0, C4<0000000000000000000000000000000000000000000000000000000000000000>, C4<0000000000000000000000000000000000000000000000000000000000000000>;
L_0x560f8092e410 .functor AND 64, L_0x560f80928410, L_0x560f80929060, C4<1111111111111111111111111111111111111111111111111111111111111111>, C4<1111111111111111111111111111111111111111111111111111111111111111>;
L_0x560f8092e480 .functor AND 64, L_0x560f80929060, L_0x560f809290d0, C4<1111111111111111111111111111111111111111111111111111111111111111>, C4<1111111111111111111111111111111111111111111111111111111111111111>;
L_0x560f8092e4f0 .functor OR 64, L_0x560f8092e410, L_0x560f8092e480, C4<0000000000000000000000000000000000000000000000000000000000000000>, C4<0000000000000000000000000000000000000000000000000000000000000000>;
L_0x560f8092e5b0 .functor AND 64, L_0x560f809290d0, L_0x560f80928410, C4<1111111111111111111111111111111111111111111111111111111111111111>, C4<1111111111111111111111111111111111111111111111111111111111111111>;
L_0x560f8092e660 .functor OR 64, L_0x560f8092e4f0, L_0x560f8092e5b0, C4<0000000000000000000000000000000000000000000000000000000000000000>, C4<0000000000000000000000000000000000000000000000000000000000000000>;
v0x560f80912240_0 .net *"_s0", 63 0, L_0x560f8092e0e0;  1 drivers
v0x560f80912340_0 .net *"_s11", 63 0, L_0x560f8092e410;  1 drivers
v0x560f80912420_0 .net *"_s13", 63 0, L_0x560f8092e480;  1 drivers
v0x560f80912510_0 .net *"_s15", 63 0, L_0x560f8092e4f0;  1 drivers
v0x560f809125f0_0 .net *"_s17", 63 0, L_0x560f8092e5b0;  1 drivers
v0x560f80912720_0 .net *"_s19", 63 0, L_0x560f8092e660;  1 drivers
v0x560f80912800_0 .net *"_s22", 62 0, L_0x560f8092e770;  1 drivers
L_0x7f20b18653c0 .functor BUFT 1, C4<0>, C4<0>, C4<0>, C4<0>;
v0x560f809128e0_0 .net/2s *"_s6", 0 0, L_0x7f20b18653c0;  1 drivers
v0x560f809129c0_0 .net "u", 63 0, L_0x560f8092e270;  alias, 1 drivers
v0x560f80912b30_0 .net "v", 63 0, L_0x560f8092e370;  alias, 1 drivers
v0x560f80912c10_0 .net "x", 63 0, L_0x560f80928410;  alias, 1 drivers
v0x560f80912cd0_0 .net "y", 63 0, L_0x560f80929060;  alias, 1 drivers
v0x560f80912da0_0 .net "z", 63 0, L_0x560f809290d0;  alias, 1 drivers
L_0x560f8092e370 .concat8 [ 1 63 0 0], L_0x7f20b18653c0, L_0x560f8092e770;
L_0x560f8092e770 .part L_0x560f8092e660, 0, 63;
S_0x560f80912f20 .scope module, "l25" "FA" 3 46, 4 1 0, S_0x560f808a11e0;
 .timescale 0 0;
    .port_info 0 /INPUT 64 "x"
    .port_info 1 /INPUT 64 "y"
    .port_info 2 /INPUT 64 "z"
    .port_info 3 /OUTPUT 64 "u"
    .port_info 4 /OUTPUT 64 "v"
L_0x560f8092e8b0 .functor XOR 64, L_0x560f80929c30, L_0x560f80929ca0, C4<0000000000000000000000000000000000000000000000000000000000000000>, C4<0000000000000000000000000000000000000000000000000000000000000000>;
L_0x560f8092ea40 .functor XOR 64, L_0x560f8092e8b0, L_0x560f8092a650, C4<0000000000000000000000000000000000000000000000000000000000000000>, C4<0000000000000000000000000000000000000000000000000000000000000000>;
L_0x560f8092ebe0 .functor AND 64, L_0x560f80929c30, L_0x560f80929ca0, C4<1111111111111111111111111111111111111111111111111111111111111111>, C4<1111111111111111111111111111111111111111111111111111111111111111>;
L_0x560f8092ec50 .functor AND 64, L_0x560f80929ca0, L_0x560f8092a650, C4<1111111111111111111111111111111111111111111111111111111111111111>, C4<1111111111111111111111111111111111111111111111111111111111111111>;
L_0x560f8092ecc0 .functor OR 64, L_0x560f8092ebe0, L_0x560f8092ec50, C4<0000000000000000000000000000000000000000000000000000000000000000>, C4<0000000000000000000000000000000000000000000000000000000000000000>;
L_0x560f8092ed80 .functor AND 64, L_0x560f8092a650, L_0x560f80929c30, C4<1111111111111111111111111111111111111111111111111111111111111111>, C4<1111111111111111111111111111111111111111111111111111111111111111>;
L_0x560f8092ee30 .functor OR 64, L_0x560f8092ecc0, L_0x560f8092ed80, C4<0000000000000000000000000000000000000000000000000000000000000000>, C4<0000000000000000000000000000000000000000000000000000000000000000>;
v0x560f80913120_0 .net *"_s0", 63 0, L_0x560f8092e8b0;  1 drivers
v0x560f80913220_0 .net *"_s11", 63 0, L_0x560f8092ebe0;  1 drivers
v0x560f80913300_0 .net *"_s13", 63 0, L_0x560f8092ec50;  1 drivers
v0x560f809133f0_0 .net *"_s15", 63 0, L_0x560f8092ecc0;  1 drivers
v0x560f809134d0_0 .net *"_s17", 63 0, L_0x560f8092ed80;  1 drivers
v0x560f80913600_0 .net *"_s19", 63 0, L_0x560f8092ee30;  1 drivers
v0x560f809136e0_0 .net *"_s22", 62 0, L_0x560f8092ef40;  1 drivers
L_0x7f20b1865408 .functor BUFT 1, C4<0>, C4<0>, C4<0>, C4<0>;
v0x560f809137c0_0 .net/2s *"_s6", 0 0, L_0x7f20b1865408;  1 drivers
v0x560f809138a0_0 .net "u", 63 0, L_0x560f8092ea40;  alias, 1 drivers
v0x560f80913a10_0 .net "v", 63 0, L_0x560f8092eb40;  alias, 1 drivers
v0x560f80913af0_0 .net "x", 63 0, L_0x560f80929c30;  alias, 1 drivers
v0x560f80913bb0_0 .net "y", 63 0, L_0x560f80929ca0;  alias, 1 drivers
v0x560f80913c80_0 .net "z", 63 0, L_0x560f8092a650;  alias, 1 drivers
L_0x560f8092eb40 .concat8 [ 1 63 0 0], L_0x7f20b1865408, L_0x560f8092ef40;
L_0x560f8092ef40 .part L_0x560f8092ee30, 0, 63;
S_0x560f80913e00 .scope module, "l26" "FA" 3 47, 4 1 0, S_0x560f808a11e0;
 .timescale 0 0;
    .port_info 0 /INPUT 64 "x"
    .port_info 1 /INPUT 64 "y"
    .port_info 2 /INPUT 64 "z"
    .port_info 3 /OUTPUT 64 "u"
    .port_info 4 /OUTPUT 64 "v"
L_0x560f8092f080 .functor XOR 64, L_0x560f8092a6c0, L_0x560f8092b280, C4<0000000000000000000000000000000000000000000000000000000000000000>, C4<0000000000000000000000000000000000000000000000000000000000000000>;
L_0x560f8092f210 .functor XOR 64, L_0x560f8092f080, L_0x560f8092b380, C4<0000000000000000000000000000000000000000000000000000000000000000>, C4<0000000000000000000000000000000000000000000000000000000000000000>;
L_0x560f8092f3b0 .functor AND 64, L_0x560f8092a6c0, L_0x560f8092b280, C4<1111111111111111111111111111111111111111111111111111111111111111>, C4<1111111111111111111111111111111111111111111111111111111111111111>;
L_0x560f8092f420 .functor AND 64, L_0x560f8092b280, L_0x560f8092b380, C4<1111111111111111111111111111111111111111111111111111111111111111>, C4<1111111111111111111111111111111111111111111111111111111111111111>;
L_0x560f8092f490 .functor OR 64, L_0x560f8092f3b0, L_0x560f8092f420, C4<0000000000000000000000000000000000000000000000000000000000000000>, C4<0000000000000000000000000000000000000000000000000000000000000000>;
L_0x560f8092f550 .functor AND 64, L_0x560f8092b380, L_0x560f8092a6c0, C4<1111111111111111111111111111111111111111111111111111111111111111>, C4<1111111111111111111111111111111111111111111111111111111111111111>;
L_0x560f8092f600 .functor OR 64, L_0x560f8092f490, L_0x560f8092f550, C4<0000000000000000000000000000000000000000000000000000000000000000>, C4<0000000000000000000000000000000000000000000000000000000000000000>;
v0x560f80914000_0 .net *"_s0", 63 0, L_0x560f8092f080;  1 drivers
v0x560f80914100_0 .net *"_s11", 63 0, L_0x560f8092f3b0;  1 drivers
v0x560f809141e0_0 .net *"_s13", 63 0, L_0x560f8092f420;  1 drivers
v0x560f809142d0_0 .net *"_s15", 63 0, L_0x560f8092f490;  1 drivers
v0x560f809143b0_0 .net *"_s17", 63 0, L_0x560f8092f550;  1 drivers
v0x560f809144e0_0 .net *"_s19", 63 0, L_0x560f8092f600;  1 drivers
v0x560f809145c0_0 .net *"_s22", 62 0, L_0x560f8092f710;  1 drivers
L_0x7f20b1865450 .functor BUFT 1, C4<0>, C4<0>, C4<0>, C4<0>;
v0x560f809146a0_0 .net/2s *"_s6", 0 0, L_0x7f20b1865450;  1 drivers
v0x560f80914780_0 .net "u", 63 0, L_0x560f8092f210;  alias, 1 drivers
v0x560f809148f0_0 .net "v", 63 0, L_0x560f8092f310;  alias, 1 drivers
v0x560f809149d0_0 .net "x", 63 0, L_0x560f8092a6c0;  alias, 1 drivers
v0x560f80914a90_0 .net "y", 63 0, L_0x560f8092b280;  alias, 1 drivers
v0x560f80914b60_0 .net "z", 63 0, L_0x560f8092b380;  alias, 1 drivers
L_0x560f8092f310 .concat8 [ 1 63 0 0], L_0x7f20b1865450, L_0x560f8092f710;
L_0x560f8092f710 .part L_0x560f8092f600, 0, 63;
S_0x560f80914ce0 .scope module, "l27" "FA" 3 48, 4 1 0, S_0x560f808a11e0;
 .timescale 0 0;
    .port_info 0 /INPUT 64 "x"
    .port_info 1 /INPUT 64 "y"
    .port_info 2 /INPUT 64 "z"
    .port_info 3 /OUTPUT 64 "u"
    .port_info 4 /OUTPUT 64 "v"
L_0x560f8092f850 .functor XOR 64, L_0x560f8092be40, L_0x560f8092beb0, C4<0000000000000000000000000000000000000000000000000000000000000000>, C4<0000000000000000000000000000000000000000000000000000000000000000>;
L_0x560f8092f9e0 .functor XOR 64, L_0x560f8092f850, L_0x560f80930030, C4<0000000000000000000000000000000000000000000000000000000000000000>, C4<0000000000000000000000000000000000000000000000000000000000000000>;
L_0x560f8092faf0 .functor AND 64, L_0x560f8092be40, L_0x560f8092beb0, C4<1111111111111111111111111111111111111111111111111111111111111111>, C4<1111111111111111111111111111111111111111111111111111111111111111>;
L_0x560f8092fb60 .functor AND 64, L_0x560f8092beb0, L_0x560f80930030, C4<1111111111111111111111111111111111111111111111111111111111111111>, C4<1111111111111111111111111111111111111111111111111111111111111111>;
L_0x560f8092fc20 .functor OR 64, L_0x560f8092faf0, L_0x560f8092fb60, C4<0000000000000000000000000000000000000000000000000000000000000000>, C4<0000000000000000000000000000000000000000000000000000000000000000>;
L_0x560f8092fd30 .functor AND 64, L_0x560f80930030, L_0x560f8092be40, C4<1111111111111111111111111111111111111111111111111111111111111111>, C4<1111111111111111111111111111111111111111111111111111111111111111>;
L_0x560f8092fde0 .functor OR 64, L_0x560f8092fc20, L_0x560f8092fd30, C4<0000000000000000000000000000000000000000000000000000000000000000>, C4<0000000000000000000000000000000000000000000000000000000000000000>;
v0x560f80914ee0_0 .net *"_s0", 63 0, L_0x560f8092f850;  1 drivers
v0x560f80914fe0_0 .net *"_s11", 63 0, L_0x560f8092faf0;  1 drivers
v0x560f809150c0_0 .net *"_s13", 63 0, L_0x560f8092fb60;  1 drivers
v0x560f809151b0_0 .net *"_s15", 63 0, L_0x560f8092fc20;  1 drivers
v0x560f80915290_0 .net *"_s17", 63 0, L_0x560f8092fd30;  1 drivers
v0x560f809153c0_0 .net *"_s19", 63 0, L_0x560f8092fde0;  1 drivers
v0x560f809154a0_0 .net *"_s22", 62 0, L_0x560f8092fef0;  1 drivers
L_0x7f20b1865498 .functor BUFT 1, C4<0>, C4<0>, C4<0>, C4<0>;
v0x560f80915580_0 .net/2s *"_s6", 0 0, L_0x7f20b1865498;  1 drivers
v0x560f80915660_0 .net "u", 63 0, L_0x560f8092f9e0;  alias, 1 drivers
v0x560f80915740_0 .net "v", 63 0, L_0x560f8092fa50;  alias, 1 drivers
v0x560f80915820_0 .net "x", 63 0, L_0x560f8092be40;  alias, 1 drivers
v0x560f809158e0_0 .net "y", 63 0, L_0x560f8092beb0;  alias, 1 drivers
v0x560f809159b0_0 .net "z", 63 0, L_0x560f80930030;  1 drivers
L_0x560f8092fa50 .concat8 [ 1 63 0 0], L_0x7f20b1865498, L_0x560f8092fef0;
L_0x560f8092fef0 .part L_0x560f8092fde0, 0, 63;
S_0x560f80915b40 .scope module, "l31" "FA" 3 53, 4 1 0, S_0x560f808a11e0;
 .timescale 0 0;
    .port_info 0 /INPUT 64 "x"
    .port_info 1 /INPUT 64 "y"
    .port_info 2 /INPUT 64 "z"
    .port_info 3 /OUTPUT 64 "u"
    .port_info 4 /OUTPUT 64 "v"
L_0x560f809304e0 .functor XOR 64, L_0x560f8092cbf0, L_0x560f8092ccf0, C4<0000000000000000000000000000000000000000000000000000000000000000>, C4<0000000000000000000000000000000000000000000000000000000000000000>;
L_0x560f80930670 .functor XOR 64, L_0x560f809304e0, L_0x560f8092d2d0, C4<0000000000000000000000000000000000000000000000000000000000000000>, C4<0000000000000000000000000000000000000000000000000000000000000000>;
L_0x560f80930810 .functor AND 64, L_0x560f8092cbf0, L_0x560f8092ccf0, C4<1111111111111111111111111111111111111111111111111111111111111111>, C4<1111111111111111111111111111111111111111111111111111111111111111>;
L_0x560f80930880 .functor AND 64, L_0x560f8092ccf0, L_0x560f8092d2d0, C4<1111111111111111111111111111111111111111111111111111111111111111>, C4<1111111111111111111111111111111111111111111111111111111111111111>;
L_0x560f809308f0 .functor OR 64, L_0x560f80930810, L_0x560f80930880, C4<0000000000000000000000000000000000000000000000000000000000000000>, C4<0000000000000000000000000000000000000000000000000000000000000000>;
L_0x560f80930960 .functor AND 64, L_0x560f8092d2d0, L_0x560f8092cbf0, C4<1111111111111111111111111111111111111111111111111111111111111111>, C4<1111111111111111111111111111111111111111111111111111111111111111>;
L_0x560f80930a10 .functor OR 64, L_0x560f809308f0, L_0x560f80930960, C4<0000000000000000000000000000000000000000000000000000000000000000>, C4<0000000000000000000000000000000000000000000000000000000000000000>;
v0x560f80915d40_0 .net *"_s0", 63 0, L_0x560f809304e0;  1 drivers
v0x560f80915e40_0 .net *"_s11", 63 0, L_0x560f80930810;  1 drivers
v0x560f80915f20_0 .net *"_s13", 63 0, L_0x560f80930880;  1 drivers
v0x560f80916010_0 .net *"_s15", 63 0, L_0x560f809308f0;  1 drivers
v0x560f809160f0_0 .net *"_s17", 63 0, L_0x560f80930960;  1 drivers
v0x560f80916220_0 .net *"_s19", 63 0, L_0x560f80930a10;  1 drivers
v0x560f80916300_0 .net *"_s22", 62 0, L_0x560f80930b20;  1 drivers
L_0x7f20b18654e0 .functor BUFT 1, C4<0>, C4<0>, C4<0>, C4<0>;
v0x560f809163e0_0 .net/2s *"_s6", 0 0, L_0x7f20b18654e0;  1 drivers
v0x560f809164c0_0 .net "u", 63 0, L_0x560f80930670;  alias, 1 drivers
v0x560f80916630_0 .net "v", 63 0, L_0x560f80930770;  alias, 1 drivers
v0x560f80916710_0 .net "x", 63 0, L_0x560f8092cbf0;  alias, 1 drivers
v0x560f809167d0_0 .net "y", 63 0, L_0x560f8092ccf0;  alias, 1 drivers
v0x560f809168a0_0 .net "z", 63 0, L_0x560f8092d2d0;  alias, 1 drivers
L_0x560f80930770 .concat8 [ 1 63 0 0], L_0x7f20b18654e0, L_0x560f80930b20;
L_0x560f80930b20 .part L_0x560f80930a10, 0, 63;
S_0x560f80916a20 .scope module, "l32" "FA" 3 54, 4 1 0, S_0x560f808a11e0;
 .timescale 0 0;
    .port_info 0 /INPUT 64 "x"
    .port_info 1 /INPUT 64 "y"
    .port_info 2 /INPUT 64 "z"
    .port_info 3 /OUTPUT 64 "u"
    .port_info 4 /OUTPUT 64 "v"
L_0x560f80930c60 .functor XOR 64, L_0x560f8092d3d0, L_0x560f8092daa0, C4<0000000000000000000000000000000000000000000000000000000000000000>, C4<0000000000000000000000000000000000000000000000000000000000000000>;
L_0x560f80930df0 .functor XOR 64, L_0x560f80930c60, L_0x560f8092dba0, C4<0000000000000000000000000000000000000000000000000000000000000000>, C4<0000000000000000000000000000000000000000000000000000000000000000>;
L_0x560f80930f90 .functor AND 64, L_0x560f8092d3d0, L_0x560f8092daa0, C4<1111111111111111111111111111111111111111111111111111111111111111>, C4<1111111111111111111111111111111111111111111111111111111111111111>;
L_0x560f80931000 .functor AND 64, L_0x560f8092daa0, L_0x560f8092dba0, C4<1111111111111111111111111111111111111111111111111111111111111111>, C4<1111111111111111111111111111111111111111111111111111111111111111>;
L_0x560f80931070 .functor OR 64, L_0x560f80930f90, L_0x560f80931000, C4<0000000000000000000000000000000000000000000000000000000000000000>, C4<0000000000000000000000000000000000000000000000000000000000000000>;
L_0x560f80931130 .functor AND 64, L_0x560f8092dba0, L_0x560f8092d3d0, C4<1111111111111111111111111111111111111111111111111111111111111111>, C4<1111111111111111111111111111111111111111111111111111111111111111>;
L_0x560f809311e0 .functor OR 64, L_0x560f80931070, L_0x560f80931130, C4<0000000000000000000000000000000000000000000000000000000000000000>, C4<0000000000000000000000000000000000000000000000000000000000000000>;
v0x560f80916c20_0 .net *"_s0", 63 0, L_0x560f80930c60;  1 drivers
v0x560f80916d20_0 .net *"_s11", 63 0, L_0x560f80930f90;  1 drivers
v0x560f80916e00_0 .net *"_s13", 63 0, L_0x560f80931000;  1 drivers
v0x560f80916ef0_0 .net *"_s15", 63 0, L_0x560f80931070;  1 drivers
v0x560f80916fd0_0 .net *"_s17", 63 0, L_0x560f80931130;  1 drivers
v0x560f80917100_0 .net *"_s19", 63 0, L_0x560f809311e0;  1 drivers
v0x560f809171e0_0 .net *"_s22", 62 0, L_0x560f809312f0;  1 drivers
L_0x7f20b1865528 .functor BUFT 1, C4<0>, C4<0>, C4<0>, C4<0>;
v0x560f809172c0_0 .net/2s *"_s6", 0 0, L_0x7f20b1865528;  1 drivers
v0x560f809173a0_0 .net "u", 63 0, L_0x560f80930df0;  alias, 1 drivers
v0x560f80917510_0 .net "v", 63 0, L_0x560f80930ef0;  alias, 1 drivers
v0x560f809175f0_0 .net "x", 63 0, L_0x560f8092d3d0;  alias, 1 drivers
v0x560f809176b0_0 .net "y", 63 0, L_0x560f8092daa0;  alias, 1 drivers
v0x560f80917780_0 .net "z", 63 0, L_0x560f8092dba0;  alias, 1 drivers
L_0x560f80930ef0 .concat8 [ 1 63 0 0], L_0x7f20b1865528, L_0x560f809312f0;
L_0x560f809312f0 .part L_0x560f809311e0, 0, 63;
S_0x560f80917900 .scope module, "l33" "FA" 3 55, 4 1 0, S_0x560f808a11e0;
 .timescale 0 0;
    .port_info 0 /INPUT 64 "x"
    .port_info 1 /INPUT 64 "y"
    .port_info 2 /INPUT 64 "z"
    .port_info 3 /OUTPUT 64 "u"
    .port_info 4 /OUTPUT 64 "v"
L_0x560f80931430 .functor XOR 64, L_0x560f8092e270, L_0x560f8092e370, C4<0000000000000000000000000000000000000000000000000000000000000000>, C4<0000000000000000000000000000000000000000000000000000000000000000>;
L_0x560f809315c0 .functor XOR 64, L_0x560f80931430, L_0x560f8092ea40, C4<0000000000000000000000000000000000000000000000000000000000000000>, C4<0000000000000000000000000000000000000000000000000000000000000000>;
L_0x560f80931760 .functor AND 64, L_0x560f8092e270, L_0x560f8092e370, C4<1111111111111111111111111111111111111111111111111111111111111111>, C4<1111111111111111111111111111111111111111111111111111111111111111>;
L_0x560f809317d0 .functor AND 64, L_0x560f8092e370, L_0x560f8092ea40, C4<1111111111111111111111111111111111111111111111111111111111111111>, C4<1111111111111111111111111111111111111111111111111111111111111111>;
L_0x560f80931840 .functor OR 64, L_0x560f80931760, L_0x560f809317d0, C4<0000000000000000000000000000000000000000000000000000000000000000>, C4<0000000000000000000000000000000000000000000000000000000000000000>;
L_0x560f80931900 .functor AND 64, L_0x560f8092ea40, L_0x560f8092e270, C4<1111111111111111111111111111111111111111111111111111111111111111>, C4<1111111111111111111111111111111111111111111111111111111111111111>;
L_0x560f809319b0 .functor OR 64, L_0x560f80931840, L_0x560f80931900, C4<0000000000000000000000000000000000000000000000000000000000000000>, C4<0000000000000000000000000000000000000000000000000000000000000000>;
v0x560f80917b00_0 .net *"_s0", 63 0, L_0x560f80931430;  1 drivers
v0x560f80917c00_0 .net *"_s11", 63 0, L_0x560f80931760;  1 drivers
v0x560f80917ce0_0 .net *"_s13", 63 0, L_0x560f809317d0;  1 drivers
v0x560f80917dd0_0 .net *"_s15", 63 0, L_0x560f80931840;  1 drivers
v0x560f80917eb0_0 .net *"_s17", 63 0, L_0x560f80931900;  1 drivers
v0x560f80917fe0_0 .net *"_s19", 63 0, L_0x560f809319b0;  1 drivers
v0x560f809180c0_0 .net *"_s22", 62 0, L_0x560f80931ac0;  1 drivers
L_0x7f20b1865570 .functor BUFT 1, C4<0>, C4<0>, C4<0>, C4<0>;
v0x560f809181a0_0 .net/2s *"_s6", 0 0, L_0x7f20b1865570;  1 drivers
v0x560f80918280_0 .net "u", 63 0, L_0x560f809315c0;  alias, 1 drivers
v0x560f809183f0_0 .net "v", 63 0, L_0x560f809316c0;  alias, 1 drivers
v0x560f809184d0_0 .net "x", 63 0, L_0x560f8092e270;  alias, 1 drivers
v0x560f80918590_0 .net "y", 63 0, L_0x560f8092e370;  alias, 1 drivers
v0x560f80918660_0 .net "z", 63 0, L_0x560f8092ea40;  alias, 1 drivers
L_0x560f809316c0 .concat8 [ 1 63 0 0], L_0x7f20b1865570, L_0x560f80931ac0;
L_0x560f80931ac0 .part L_0x560f809319b0, 0, 63;
S_0x560f809187e0 .scope module, "l34" "FA" 3 56, 4 1 0, S_0x560f808a11e0;
 .timescale 0 0;
    .port_info 0 /INPUT 64 "x"
    .port_info 1 /INPUT 64 "y"
    .port_info 2 /INPUT 64 "z"
    .port_info 3 /OUTPUT 64 "u"
    .port_info 4 /OUTPUT 64 "v"
L_0x560f80931c00 .functor XOR 64, L_0x560f8092eb40, L_0x560f8092f210, C4<0000000000000000000000000000000000000000000000000000000000000000>, C4<0000000000000000000000000000000000000000000000000000000000000000>;
L_0x560f80931d90 .functor XOR 64, L_0x560f80931c00, L_0x560f8092f310, C4<0000000000000000000000000000000000000000000000000000000000000000>, C4<0000000000000000000000000000000000000000000000000000000000000000>;
L_0x560f80931f30 .functor AND 64, L_0x560f8092eb40, L_0x560f8092f210, C4<1111111111111111111111111111111111111111111111111111111111111111>, C4<1111111111111111111111111111111111111111111111111111111111111111>;
L_0x560f80931fa0 .functor AND 64, L_0x560f8092f210, L_0x560f8092f310, C4<1111111111111111111111111111111111111111111111111111111111111111>, C4<1111111111111111111111111111111111111111111111111111111111111111>;
L_0x560f80932010 .functor OR 64, L_0x560f80931f30, L_0x560f80931fa0, C4<0000000000000000000000000000000000000000000000000000000000000000>, C4<0000000000000000000000000000000000000000000000000000000000000000>;
L_0x560f809320d0 .functor AND 64, L_0x560f8092f310, L_0x560f8092eb40, C4<1111111111111111111111111111111111111111111111111111111111111111>, C4<1111111111111111111111111111111111111111111111111111111111111111>;
L_0x560f80932180 .functor OR 64, L_0x560f80932010, L_0x560f809320d0, C4<0000000000000000000000000000000000000000000000000000000000000000>, C4<0000000000000000000000000000000000000000000000000000000000000000>;
v0x560f809189e0_0 .net *"_s0", 63 0, L_0x560f80931c00;  1 drivers
v0x560f80918ae0_0 .net *"_s11", 63 0, L_0x560f80931f30;  1 drivers
v0x560f80918bc0_0 .net *"_s13", 63 0, L_0x560f80931fa0;  1 drivers
v0x560f80918cb0_0 .net *"_s15", 63 0, L_0x560f80932010;  1 drivers
v0x560f80918d90_0 .net *"_s17", 63 0, L_0x560f809320d0;  1 drivers
v0x560f80918ec0_0 .net *"_s19", 63 0, L_0x560f80932180;  1 drivers
v0x560f80918fa0_0 .net *"_s22", 62 0, L_0x560f80932290;  1 drivers
L_0x7f20b18655b8 .functor BUFT 1, C4<0>, C4<0>, C4<0>, C4<0>;
v0x560f80919080_0 .net/2s *"_s6", 0 0, L_0x7f20b18655b8;  1 drivers
v0x560f80919160_0 .net "u", 63 0, L_0x560f80931d90;  alias, 1 drivers
v0x560f809192d0_0 .net "v", 63 0, L_0x560f80931e90;  alias, 1 drivers
v0x560f809193b0_0 .net "x", 63 0, L_0x560f8092eb40;  alias, 1 drivers
v0x560f80919470_0 .net "y", 63 0, L_0x560f8092f210;  alias, 1 drivers
v0x560f80919540_0 .net "z", 63 0, L_0x560f8092f310;  alias, 1 drivers
L_0x560f80931e90 .concat8 [ 1 63 0 0], L_0x7f20b18655b8, L_0x560f80932290;
L_0x560f80932290 .part L_0x560f80932180, 0, 63;
S_0x560f809196c0 .scope module, "l35" "FA" 3 57, 4 1 0, S_0x560f808a11e0;
 .timescale 0 0;
    .port_info 0 /INPUT 64 "x"
    .port_info 1 /INPUT 64 "y"
    .port_info 2 /INPUT 64 "z"
    .port_info 3 /OUTPUT 64 "u"
    .port_info 4 /OUTPUT 64 "v"
L_0x560f809323d0 .functor XOR 64, L_0x560f8092f9e0, L_0x560f8092fa50, C4<0000000000000000000000000000000000000000000000000000000000000000>, C4<0000000000000000000000000000000000000000000000000000000000000000>;
L_0x560f80932560 .functor XOR 64, L_0x560f809323d0, L_0x560f80932bf0, C4<0000000000000000000000000000000000000000000000000000000000000000>, C4<0000000000000000000000000000000000000000000000000000000000000000>;
L_0x560f80932700 .functor AND 64, L_0x560f8092f9e0, L_0x560f8092fa50, C4<1111111111111111111111111111111111111111111111111111111111111111>, C4<1111111111111111111111111111111111111111111111111111111111111111>;
L_0x560f80932770 .functor AND 64, L_0x560f8092fa50, L_0x560f80932bf0, C4<1111111111111111111111111111111111111111111111111111111111111111>, C4<1111111111111111111111111111111111111111111111111111111111111111>;
L_0x560f809327e0 .functor OR 64, L_0x560f80932700, L_0x560f80932770, C4<0000000000000000000000000000000000000000000000000000000000000000>, C4<0000000000000000000000000000000000000000000000000000000000000000>;
L_0x560f809328f0 .functor AND 64, L_0x560f80932bf0, L_0x560f8092f9e0, C4<1111111111111111111111111111111111111111111111111111111111111111>, C4<1111111111111111111111111111111111111111111111111111111111111111>;
L_0x560f809329a0 .functor OR 64, L_0x560f809327e0, L_0x560f809328f0, C4<0000000000000000000000000000000000000000000000000000000000000000>, C4<0000000000000000000000000000000000000000000000000000000000000000>;
v0x560f809198c0_0 .net *"_s0", 63 0, L_0x560f809323d0;  1 drivers
v0x560f809199c0_0 .net *"_s11", 63 0, L_0x560f80932700;  1 drivers
v0x560f80919aa0_0 .net *"_s13", 63 0, L_0x560f80932770;  1 drivers
v0x560f80919b90_0 .net *"_s15", 63 0, L_0x560f809327e0;  1 drivers
v0x560f80919c70_0 .net *"_s17", 63 0, L_0x560f809328f0;  1 drivers
v0x560f80919da0_0 .net *"_s19", 63 0, L_0x560f809329a0;  1 drivers
v0x560f80919e80_0 .net *"_s22", 62 0, L_0x560f80932ab0;  1 drivers
L_0x7f20b1865600 .functor BUFT 1, C4<0>, C4<0>, C4<0>, C4<0>;
v0x560f80919f60_0 .net/2s *"_s6", 0 0, L_0x7f20b1865600;  1 drivers
v0x560f8091a040_0 .net "u", 63 0, L_0x560f80932560;  alias, 1 drivers
v0x560f8091a1b0_0 .net "v", 63 0, L_0x560f80932660;  alias, 1 drivers
v0x560f8091a290_0 .net "x", 63 0, L_0x560f8092f9e0;  alias, 1 drivers
v0x560f8091a350_0 .net "y", 63 0, L_0x560f8092fa50;  alias, 1 drivers
v0x560f8091a420_0 .net "z", 63 0, L_0x560f80932bf0;  1 drivers
L_0x560f80932660 .concat8 [ 1 63 0 0], L_0x7f20b1865600, L_0x560f80932ab0;
L_0x560f80932ab0 .part L_0x560f809329a0, 0, 63;
S_0x560f8091a5b0 .scope module, "l41" "FA" 3 62, 4 1 0, S_0x560f808a11e0;
 .timescale 0 0;
    .port_info 0 /INPUT 64 "x"
    .port_info 1 /INPUT 64 "y"
    .port_info 2 /INPUT 64 "z"
    .port_info 3 /OUTPUT 64 "u"
    .port_info 4 /OUTPUT 64 "v"
L_0x560f80932e30 .functor XOR 64, L_0x560f80930670, L_0x560f80930770, C4<0000000000000000000000000000000000000000000000000000000000000000>, C4<0000000000000000000000000000000000000000000000000000000000000000>;
L_0x560f80932fc0 .functor XOR 64, L_0x560f80932e30, L_0x560f80930df0, C4<0000000000000000000000000000000000000000000000000000000000000000>, C4<0000000000000000000000000000000000000000000000000000000000000000>;
L_0x560f80933160 .functor AND 64, L_0x560f80930670, L_0x560f80930770, C4<1111111111111111111111111111111111111111111111111111111111111111>, C4<1111111111111111111111111111111111111111111111111111111111111111>;
L_0x560f809331d0 .functor AND 64, L_0x560f80930770, L_0x560f80930df0, C4<1111111111111111111111111111111111111111111111111111111111111111>, C4<1111111111111111111111111111111111111111111111111111111111111111>;
L_0x560f80933240 .functor OR 64, L_0x560f80933160, L_0x560f809331d0, C4<0000000000000000000000000000000000000000000000000000000000000000>, C4<0000000000000000000000000000000000000000000000000000000000000000>;
L_0x560f809332b0 .functor AND 64, L_0x560f80930df0, L_0x560f80930670, C4<1111111111111111111111111111111111111111111111111111111111111111>, C4<1111111111111111111111111111111111111111111111111111111111111111>;
L_0x560f80933360 .functor OR 64, L_0x560f80933240, L_0x560f809332b0, C4<0000000000000000000000000000000000000000000000000000000000000000>, C4<0000000000000000000000000000000000000000000000000000000000000000>;
v0x560f8091a7b0_0 .net *"_s0", 63 0, L_0x560f80932e30;  1 drivers
v0x560f8091a8b0_0 .net *"_s11", 63 0, L_0x560f80933160;  1 drivers
v0x560f8091a990_0 .net *"_s13", 63 0, L_0x560f809331d0;  1 drivers
v0x560f8091aa80_0 .net *"_s15", 63 0, L_0x560f80933240;  1 drivers
v0x560f8091ab60_0 .net *"_s17", 63 0, L_0x560f809332b0;  1 drivers
v0x560f8091ac90_0 .net *"_s19", 63 0, L_0x560f80933360;  1 drivers
v0x560f8091ad70_0 .net *"_s22", 62 0, L_0x560f80933470;  1 drivers
L_0x7f20b1865648 .functor BUFT 1, C4<0>, C4<0>, C4<0>, C4<0>;
v0x560f8091ae50_0 .net/2s *"_s6", 0 0, L_0x7f20b1865648;  1 drivers
v0x560f8091af30_0 .net "u", 63 0, L_0x560f80932fc0;  alias, 1 drivers
v0x560f8091b0a0_0 .net "v", 63 0, L_0x560f809330c0;  alias, 1 drivers
v0x560f8091b180_0 .net "x", 63 0, L_0x560f80930670;  alias, 1 drivers
v0x560f8091b240_0 .net "y", 63 0, L_0x560f80930770;  alias, 1 drivers
v0x560f8091b310_0 .net "z", 63 0, L_0x560f80930df0;  alias, 1 drivers
L_0x560f809330c0 .concat8 [ 1 63 0 0], L_0x7f20b1865648, L_0x560f80933470;
L_0x560f80933470 .part L_0x560f80933360, 0, 63;
S_0x560f8091b490 .scope module, "l42" "FA" 3 63, 4 1 0, S_0x560f808a11e0;
 .timescale 0 0;
    .port_info 0 /INPUT 64 "x"
    .port_info 1 /INPUT 64 "y"
    .port_info 2 /INPUT 64 "z"
    .port_info 3 /OUTPUT 64 "u"
    .port_info 4 /OUTPUT 64 "v"
L_0x560f809335b0 .functor XOR 64, L_0x560f80930ef0, L_0x560f809315c0, C4<0000000000000000000000000000000000000000000000000000000000000000>, C4<0000000000000000000000000000000000000000000000000000000000000000>;
L_0x560f80933740 .functor XOR 64, L_0x560f809335b0, L_0x560f809316c0, C4<0000000000000000000000000000000000000000000000000000000000000000>, C4<0000000000000000000000000000000000000000000000000000000000000000>;
L_0x560f809338e0 .functor AND 64, L_0x560f80930ef0, L_0x560f809315c0, C4<1111111111111111111111111111111111111111111111111111111111111111>, C4<1111111111111111111111111111111111111111111111111111111111111111>;
L_0x560f80933950 .functor AND 64, L_0x560f809315c0, L_0x560f809316c0, C4<1111111111111111111111111111111111111111111111111111111111111111>, C4<1111111111111111111111111111111111111111111111111111111111111111>;
L_0x560f809339c0 .functor OR 64, L_0x560f809338e0, L_0x560f80933950, C4<0000000000000000000000000000000000000000000000000000000000000000>, C4<0000000000000000000000000000000000000000000000000000000000000000>;
L_0x560f80933a80 .functor AND 64, L_0x560f809316c0, L_0x560f80930ef0, C4<1111111111111111111111111111111111111111111111111111111111111111>, C4<1111111111111111111111111111111111111111111111111111111111111111>;
L_0x560f80933b30 .functor OR 64, L_0x560f809339c0, L_0x560f80933a80, C4<0000000000000000000000000000000000000000000000000000000000000000>, C4<0000000000000000000000000000000000000000000000000000000000000000>;
v0x560f8091b690_0 .net *"_s0", 63 0, L_0x560f809335b0;  1 drivers
v0x560f8091b790_0 .net *"_s11", 63 0, L_0x560f809338e0;  1 drivers
v0x560f8091b870_0 .net *"_s13", 63 0, L_0x560f80933950;  1 drivers
v0x560f8091b960_0 .net *"_s15", 63 0, L_0x560f809339c0;  1 drivers
v0x560f8091ba40_0 .net *"_s17", 63 0, L_0x560f80933a80;  1 drivers
v0x560f8091bb70_0 .net *"_s19", 63 0, L_0x560f80933b30;  1 drivers
v0x560f8091bc50_0 .net *"_s22", 62 0, L_0x560f80933c40;  1 drivers
L_0x7f20b1865690 .functor BUFT 1, C4<0>, C4<0>, C4<0>, C4<0>;
v0x560f8091bd30_0 .net/2s *"_s6", 0 0, L_0x7f20b1865690;  1 drivers
v0x560f8091be10_0 .net "u", 63 0, L_0x560f80933740;  alias, 1 drivers
v0x560f8091bf80_0 .net "v", 63 0, L_0x560f80933840;  alias, 1 drivers
v0x560f8091c060_0 .net "x", 63 0, L_0x560f80930ef0;  alias, 1 drivers
v0x560f8091c120_0 .net "y", 63 0, L_0x560f809315c0;  alias, 1 drivers
v0x560f8091c1f0_0 .net "z", 63 0, L_0x560f809316c0;  alias, 1 drivers
L_0x560f80933840 .concat8 [ 1 63 0 0], L_0x7f20b1865690, L_0x560f80933c40;
L_0x560f80933c40 .part L_0x560f80933b30, 0, 63;
S_0x560f8091c370 .scope module, "l43" "FA" 3 64, 4 1 0, S_0x560f808a11e0;
 .timescale 0 0;
    .port_info 0 /INPUT 64 "x"
    .port_info 1 /INPUT 64 "y"
    .port_info 2 /INPUT 64 "z"
    .port_info 3 /OUTPUT 64 "u"
    .port_info 4 /OUTPUT 64 "v"
L_0x560f80933d80 .functor XOR 64, L_0x560f80931d90, L_0x560f80931e90, C4<0000000000000000000000000000000000000000000000000000000000000000>, C4<0000000000000000000000000000000000000000000000000000000000000000>;
L_0x560f80933f10 .functor XOR 64, L_0x560f80933d80, L_0x560f80932560, C4<0000000000000000000000000000000000000000000000000000000000000000>, C4<0000000000000000000000000000000000000000000000000000000000000000>;
L_0x560f80934020 .functor AND 64, L_0x560f80931d90, L_0x560f80931e90, C4<1111111111111111111111111111111111111111111111111111111111111111>, C4<1111111111111111111111111111111111111111111111111111111111111111>;
L_0x560f80934090 .functor AND 64, L_0x560f80931e90, L_0x560f80932560, C4<1111111111111111111111111111111111111111111111111111111111111111>, C4<1111111111111111111111111111111111111111111111111111111111111111>;
L_0x560f80934100 .functor OR 64, L_0x560f80934020, L_0x560f80934090, C4<0000000000000000000000000000000000000000000000000000000000000000>, C4<0000000000000000000000000000000000000000000000000000000000000000>;
L_0x560f80934210 .functor AND 64, L_0x560f80932560, L_0x560f80931d90, C4<1111111111111111111111111111111111111111111111111111111111111111>, C4<1111111111111111111111111111111111111111111111111111111111111111>;
L_0x560f809342c0 .functor OR 64, L_0x560f80934100, L_0x560f80934210, C4<0000000000000000000000000000000000000000000000000000000000000000>, C4<0000000000000000000000000000000000000000000000000000000000000000>;
v0x560f8091c570_0 .net *"_s0", 63 0, L_0x560f80933d80;  1 drivers
v0x560f8091c670_0 .net *"_s11", 63 0, L_0x560f80934020;  1 drivers
v0x560f8091c750_0 .net *"_s13", 63 0, L_0x560f80934090;  1 drivers
v0x560f8091c840_0 .net *"_s15", 63 0, L_0x560f80934100;  1 drivers
v0x560f8091c920_0 .net *"_s17", 63 0, L_0x560f80934210;  1 drivers
v0x560f8091ca50_0 .net *"_s19", 63 0, L_0x560f809342c0;  1 drivers
v0x560f8091cb30_0 .net *"_s22", 62 0, L_0x560f809343d0;  1 drivers
L_0x7f20b18656d8 .functor BUFT 1, C4<0>, C4<0>, C4<0>, C4<0>;
v0x560f8091cc10_0 .net/2s *"_s6", 0 0, L_0x7f20b18656d8;  1 drivers
v0x560f8091ccf0_0 .net "u", 63 0, L_0x560f80933f10;  alias, 1 drivers
v0x560f8091ce60_0 .net "v", 63 0, L_0x560f80933f80;  alias, 1 drivers
v0x560f8091cf40_0 .net "x", 63 0, L_0x560f80931d90;  alias, 1 drivers
v0x560f8091d000_0 .net "y", 63 0, L_0x560f80931e90;  alias, 1 drivers
v0x560f8091d0d0_0 .net "z", 63 0, L_0x560f80932560;  alias, 1 drivers
L_0x560f80933f80 .concat8 [ 1 63 0 0], L_0x7f20b18656d8, L_0x560f809343d0;
L_0x560f809343d0 .part L_0x560f809342c0, 0, 63;
S_0x560f8091d250 .scope module, "l51" "FA" 3 69, 4 1 0, S_0x560f808a11e0;
 .timescale 0 0;
    .port_info 0 /INPUT 64 "x"
    .port_info 1 /INPUT 64 "y"
    .port_info 2 /INPUT 64 "z"
    .port_info 3 /OUTPUT 64 "u"
    .port_info 4 /OUTPUT 64 "v"
L_0x560f80934510 .functor XOR 64, L_0x560f80932fc0, L_0x560f809330c0, C4<0000000000000000000000000000000000000000000000000000000000000000>, C4<0000000000000000000000000000000000000000000000000000000000000000>;
L_0x560f809346a0 .functor XOR 64, L_0x560f80934510, L_0x560f80933740, C4<0000000000000000000000000000000000000000000000000000000000000000>, C4<0000000000000000000000000000000000000000000000000000000000000000>;
L_0x560f80934840 .functor AND 64, L_0x560f80932fc0, L_0x560f809330c0, C4<1111111111111111111111111111111111111111111111111111111111111111>, C4<1111111111111111111111111111111111111111111111111111111111111111>;
L_0x560f809348b0 .functor AND 64, L_0x560f809330c0, L_0x560f80933740, C4<1111111111111111111111111111111111111111111111111111111111111111>, C4<1111111111111111111111111111111111111111111111111111111111111111>;
L_0x560f80934920 .functor OR 64, L_0x560f80934840, L_0x560f809348b0, C4<0000000000000000000000000000000000000000000000000000000000000000>, C4<0000000000000000000000000000000000000000000000000000000000000000>;
L_0x560f809349e0 .functor AND 64, L_0x560f80933740, L_0x560f80932fc0, C4<1111111111111111111111111111111111111111111111111111111111111111>, C4<1111111111111111111111111111111111111111111111111111111111111111>;
L_0x560f80934a90 .functor OR 64, L_0x560f80934920, L_0x560f809349e0, C4<0000000000000000000000000000000000000000000000000000000000000000>, C4<0000000000000000000000000000000000000000000000000000000000000000>;
v0x560f8091d450_0 .net *"_s0", 63 0, L_0x560f80934510;  1 drivers
v0x560f8091d550_0 .net *"_s11", 63 0, L_0x560f80934840;  1 drivers
v0x560f8091d630_0 .net *"_s13", 63 0, L_0x560f809348b0;  1 drivers
v0x560f8091d720_0 .net *"_s15", 63 0, L_0x560f80934920;  1 drivers
v0x560f8091d800_0 .net *"_s17", 63 0, L_0x560f809349e0;  1 drivers
v0x560f8091d930_0 .net *"_s19", 63 0, L_0x560f80934a90;  1 drivers
v0x560f8091da10_0 .net *"_s22", 62 0, L_0x560f80934ba0;  1 drivers
L_0x7f20b1865720 .functor BUFT 1, C4<0>, C4<0>, C4<0>, C4<0>;
v0x560f8091daf0_0 .net/2s *"_s6", 0 0, L_0x7f20b1865720;  1 drivers
v0x560f8091dbd0_0 .net "u", 63 0, L_0x560f809346a0;  alias, 1 drivers
v0x560f8091dd40_0 .net "v", 63 0, L_0x560f809347a0;  alias, 1 drivers
v0x560f8091de20_0 .net "x", 63 0, L_0x560f80932fc0;  alias, 1 drivers
v0x560f8091dee0_0 .net "y", 63 0, L_0x560f809330c0;  alias, 1 drivers
v0x560f8091dfb0_0 .net "z", 63 0, L_0x560f80933740;  alias, 1 drivers
L_0x560f809347a0 .concat8 [ 1 63 0 0], L_0x7f20b1865720, L_0x560f80934ba0;
L_0x560f80934ba0 .part L_0x560f80934a90, 0, 63;
S_0x560f8091e130 .scope module, "l52" "FA" 3 70, 4 1 0, S_0x560f808a11e0;
 .timescale 0 0;
    .port_info 0 /INPUT 64 "x"
    .port_info 1 /INPUT 64 "y"
    .port_info 2 /INPUT 64 "z"
    .port_info 3 /OUTPUT 64 "u"
    .port_info 4 /OUTPUT 64 "v"
L_0x560f80934ce0 .functor XOR 64, L_0x560f80933840, L_0x560f80933f10, C4<0000000000000000000000000000000000000000000000000000000000000000>, C4<0000000000000000000000000000000000000000000000000000000000000000>;
L_0x560f80934e70 .functor XOR 64, L_0x560f80934ce0, L_0x560f80933f80, C4<0000000000000000000000000000000000000000000000000000000000000000>, C4<0000000000000000000000000000000000000000000000000000000000000000>;
L_0x560f80935010 .functor AND 64, L_0x560f80933840, L_0x560f80933f10, C4<1111111111111111111111111111111111111111111111111111111111111111>, C4<1111111111111111111111111111111111111111111111111111111111111111>;
L_0x560f80935080 .functor AND 64, L_0x560f80933f10, L_0x560f80933f80, C4<1111111111111111111111111111111111111111111111111111111111111111>, C4<1111111111111111111111111111111111111111111111111111111111111111>;
L_0x560f809350f0 .functor OR 64, L_0x560f80935010, L_0x560f80935080, C4<0000000000000000000000000000000000000000000000000000000000000000>, C4<0000000000000000000000000000000000000000000000000000000000000000>;
L_0x560f809351b0 .functor AND 64, L_0x560f80933f80, L_0x560f80933840, C4<1111111111111111111111111111111111111111111111111111111111111111>, C4<1111111111111111111111111111111111111111111111111111111111111111>;
L_0x560f80935260 .functor OR 64, L_0x560f809350f0, L_0x560f809351b0, C4<0000000000000000000000000000000000000000000000000000000000000000>, C4<0000000000000000000000000000000000000000000000000000000000000000>;
v0x560f8091e330_0 .net *"_s0", 63 0, L_0x560f80934ce0;  1 drivers
v0x560f8091e430_0 .net *"_s11", 63 0, L_0x560f80935010;  1 drivers
v0x560f8091e510_0 .net *"_s13", 63 0, L_0x560f80935080;  1 drivers
v0x560f8091e600_0 .net *"_s15", 63 0, L_0x560f809350f0;  1 drivers
v0x560f8091e6e0_0 .net *"_s17", 63 0, L_0x560f809351b0;  1 drivers
v0x560f8091e810_0 .net *"_s19", 63 0, L_0x560f80935260;  1 drivers
v0x560f8091e8f0_0 .net *"_s22", 62 0, L_0x560f80935370;  1 drivers
L_0x7f20b1865768 .functor BUFT 1, C4<0>, C4<0>, C4<0>, C4<0>;
v0x560f8091e9d0_0 .net/2s *"_s6", 0 0, L_0x7f20b1865768;  1 drivers
v0x560f8091eab0_0 .net "u", 63 0, L_0x560f80934e70;  alias, 1 drivers
v0x560f8091ec20_0 .net "v", 63 0, L_0x560f80934f70;  alias, 1 drivers
v0x560f8091ed00_0 .net "x", 63 0, L_0x560f80933840;  alias, 1 drivers
v0x560f8091edc0_0 .net "y", 63 0, L_0x560f80933f10;  alias, 1 drivers
v0x560f8091ee90_0 .net "z", 63 0, L_0x560f80933f80;  alias, 1 drivers
L_0x560f80934f70 .concat8 [ 1 63 0 0], L_0x7f20b1865768, L_0x560f80935370;
L_0x560f80935370 .part L_0x560f80935260, 0, 63;
S_0x560f8091f010 .scope module, "l61" "FA" 3 75, 4 1 0, S_0x560f808a11e0;
 .timescale 0 0;
    .port_info 0 /INPUT 64 "x"
    .port_info 1 /INPUT 64 "y"
    .port_info 2 /INPUT 64 "z"
    .port_info 3 /OUTPUT 64 "u"
    .port_info 4 /OUTPUT 64 "v"
L_0x560f809354b0 .functor XOR 64, L_0x560f809346a0, L_0x560f809347a0, C4<0000000000000000000000000000000000000000000000000000000000000000>, C4<0000000000000000000000000000000000000000000000000000000000000000>;
L_0x560f80935640 .functor XOR 64, L_0x560f809354b0, L_0x560f80934e70, C4<0000000000000000000000000000000000000000000000000000000000000000>, C4<0000000000000000000000000000000000000000000000000000000000000000>;
L_0x560f80935830 .functor AND 64, L_0x560f809346a0, L_0x560f809347a0, C4<1111111111111111111111111111111111111111111111111111111111111111>, C4<1111111111111111111111111111111111111111111111111111111111111111>;
L_0x560f809358a0 .functor AND 64, L_0x560f809347a0, L_0x560f80934e70, C4<1111111111111111111111111111111111111111111111111111111111111111>, C4<1111111111111111111111111111111111111111111111111111111111111111>;
L_0x560f80935910 .functor OR 64, L_0x560f80935830, L_0x560f809358a0, C4<0000000000000000000000000000000000000000000000000000000000000000>, C4<0000000000000000000000000000000000000000000000000000000000000000>;
L_0x560f80935a20 .functor AND 64, L_0x560f80934e70, L_0x560f809346a0, C4<1111111111111111111111111111111111111111111111111111111111111111>, C4<1111111111111111111111111111111111111111111111111111111111111111>;
L_0x560f80935ad0 .functor OR 64, L_0x560f80935910, L_0x560f80935a20, C4<0000000000000000000000000000000000000000000000000000000000000000>, C4<0000000000000000000000000000000000000000000000000000000000000000>;
v0x560f8091f210_0 .net *"_s0", 63 0, L_0x560f809354b0;  1 drivers
v0x560f8091f310_0 .net *"_s11", 63 0, L_0x560f80935830;  1 drivers
v0x560f8091f3f0_0 .net *"_s13", 63 0, L_0x560f809358a0;  1 drivers
v0x560f8091f4e0_0 .net *"_s15", 63 0, L_0x560f80935910;  1 drivers
v0x560f8091f5c0_0 .net *"_s17", 63 0, L_0x560f80935a20;  1 drivers
v0x560f8091f6f0_0 .net *"_s19", 63 0, L_0x560f80935ad0;  1 drivers
v0x560f8091f7d0_0 .net *"_s22", 62 0, L_0x560f80935be0;  1 drivers
L_0x7f20b18657b0 .functor BUFT 1, C4<0>, C4<0>, C4<0>, C4<0>;
v0x560f8091f8b0_0 .net/2s *"_s6", 0 0, L_0x7f20b18657b0;  1 drivers
v0x560f8091f990_0 .net "u", 63 0, L_0x560f80935640;  alias, 1 drivers
v0x560f8091fb00_0 .net "v", 63 0, L_0x560f80935740;  alias, 1 drivers
v0x560f8091fbe0_0 .net "x", 63 0, L_0x560f809346a0;  alias, 1 drivers
v0x560f8091fca0_0 .net "y", 63 0, L_0x560f809347a0;  alias, 1 drivers
v0x560f8091fd70_0 .net "z", 63 0, L_0x560f80934e70;  alias, 1 drivers
L_0x560f80935740 .concat8 [ 1 63 0 0], L_0x7f20b18657b0, L_0x560f80935be0;
L_0x560f80935be0 .part L_0x560f80935ad0, 0, 63;
S_0x560f8091fef0 .scope module, "l62" "FA" 3 76, 4 1 0, S_0x560f808a11e0;
 .timescale 0 0;
    .port_info 0 /INPUT 64 "x"
    .port_info 1 /INPUT 64 "y"
    .port_info 2 /INPUT 64 "z"
    .port_info 3 /OUTPUT 64 "u"
    .port_info 4 /OUTPUT 64 "v"
L_0x560f80935d20 .functor XOR 64, L_0x560f80934f70, L_0x560f80932560, C4<0000000000000000000000000000000000000000000000000000000000000000>, C4<0000000000000000000000000000000000000000000000000000000000000000>;
L_0x560f80935f30 .functor XOR 64, L_0x560f80935d20, L_0x560f80932660, C4<0000000000000000000000000000000000000000000000000000000000000000>, C4<0000000000000000000000000000000000000000000000000000000000000000>;
L_0x560f809360e0 .functor AND 64, L_0x560f80934f70, L_0x560f80932560, C4<1111111111111111111111111111111111111111111111111111111111111111>, C4<1111111111111111111111111111111111111111111111111111111111111111>;
L_0x560f80936150 .functor AND 64, L_0x560f80932560, L_0x560f80932660, C4<1111111111111111111111111111111111111111111111111111111111111111>, C4<1111111111111111111111111111111111111111111111111111111111111111>;
L_0x560f809361c0 .functor OR 64, L_0x560f809360e0, L_0x560f80936150, C4<0000000000000000000000000000000000000000000000000000000000000000>, C4<0000000000000000000000000000000000000000000000000000000000000000>;
L_0x560f809362d0 .functor AND 64, L_0x560f80932660, L_0x560f80934f70, C4<1111111111111111111111111111111111111111111111111111111111111111>, C4<1111111111111111111111111111111111111111111111111111111111111111>;
L_0x560f80936380 .functor OR 64, L_0x560f809361c0, L_0x560f809362d0, C4<0000000000000000000000000000000000000000000000000000000000000000>, C4<0000000000000000000000000000000000000000000000000000000000000000>;
v0x560f809200f0_0 .net *"_s0", 63 0, L_0x560f80935d20;  1 drivers
v0x560f809201f0_0 .net *"_s11", 63 0, L_0x560f809360e0;  1 drivers
v0x560f809202d0_0 .net *"_s13", 63 0, L_0x560f80936150;  1 drivers
v0x560f809203c0_0 .net *"_s15", 63 0, L_0x560f809361c0;  1 drivers
v0x560f809204a0_0 .net *"_s17", 63 0, L_0x560f809362d0;  1 drivers
v0x560f809205d0_0 .net *"_s19", 63 0, L_0x560f80936380;  1 drivers
v0x560f809206b0_0 .net *"_s22", 62 0, L_0x560f80936490;  1 drivers
L_0x7f20b18657f8 .functor BUFT 1, C4<0>, C4<0>, C4<0>, C4<0>;
v0x560f80920790_0 .net/2s *"_s6", 0 0, L_0x7f20b18657f8;  1 drivers
v0x560f80920870_0 .net "u", 63 0, L_0x560f80935f30;  alias, 1 drivers
v0x560f809209e0_0 .net "v", 63 0, L_0x560f80935ff0;  alias, 1 drivers
v0x560f80920ac0_0 .net "x", 63 0, L_0x560f80934f70;  alias, 1 drivers
v0x560f80920b80_0 .net "y", 63 0, L_0x560f80932560;  alias, 1 drivers
v0x560f80920c20_0 .net "z", 63 0, L_0x560f80932660;  alias, 1 drivers
L_0x560f80935ff0 .concat8 [ 1 63 0 0], L_0x7f20b18657f8, L_0x560f80936490;
L_0x560f80936490 .part L_0x560f80936380, 0, 63;
S_0x560f80920d90 .scope module, "pp" "partial_products" 3 13, 5 1 0, S_0x560f808a11e0;
 .timescale 0 0;
    .port_info 0 /INPUT 32 "a"
    .port_info 1 /INPUT 32 "b"
    .port_info 2 /OUTPUT 2048 "p_prods"
v0x560f80921010_0 .net "a", 31 0, v0x560f80925430_0;  alias, 1 drivers
v0x560f80921110_0 .net "b", 31 0, v0x560f80925540_0;  alias, 1 drivers
v0x560f809211f0_0 .var/i "i", 31 0;
v0x560f809212b0_0 .var "p_prods", 2047 0;
E_0x560f80858300 .event edge, v0x560f80921110_0, v0x560f80921010_0;
    .scope S_0x560f80920d90;
T_0 ;
    %wait E_0x560f80858300;
    %pushi/vec4 0, 0, 32;
    %store/vec4 v0x560f809211f0_0, 0, 32;
T_0.0 ;
    %load/vec4 v0x560f809211f0_0;
    %cmpi/s 32, 0, 32;
    %jmp/0xz T_0.1, 5;
    %load/vec4 v0x560f80921110_0;
    %load/vec4 v0x560f809211f0_0;
    %part/s 1;
    %pad/u 32;
    %cmpi/e 1, 0, 32;
    %jmp/0xz  T_0.2, 4;
    %load/vec4 v0x560f80921010_0;
    %pad/u 64;
    %load/vec4 v0x560f809211f0_0;
    %ix/vec4 4;
    %shiftl 4;
    %ix/load 5, 0, 0;
    %load/vec4 v0x560f809211f0_0;
    %pad/s 38;
    %muli 64, 0, 38;
    %ix/vec4/s 4;
    %assign/vec4/off/d v0x560f809212b0_0, 4, 5;
    %jmp T_0.3;
T_0.2 ;
    %pushi/vec4 0, 0, 64;
    %load/vec4 v0x560f809211f0_0;
    %pad/s 38;
    %muli 64, 0, 38;
    %ix/vec4/s 4;
    %store/vec4 v0x560f809212b0_0, 4, 64;
T_0.3 ;
    %load/vec4 v0x560f809211f0_0;
    %addi 1, 0, 32;
    %store/vec4 v0x560f809211f0_0, 0, 32;
    %jmp T_0.0;
T_0.1 ;
    %jmp T_0;
    .thread T_0, $push;
    .scope S_0x560f808ea220;
T_1 ;
    %delay 5, 0;
    %vpi_call 4 15 "$display", "u=%b, v=%b", v0x560f80906ab0_0, v0x560f80906b90_0 {0 0 0};
    %end;
    .thread T_1;
    .scope S_0x560f80907e10;
T_2 ;
    %delay 5, 0;
    %vpi_call 4 15 "$display", "u=%b, v=%b", v0x560f809086c0_0, v0x560f80908830_0 {0 0 0};
    %end;
    .thread T_2;
    .scope S_0x560f80908c50;
T_3 ;
    %delay 5, 0;
    %vpi_call 4 15 "$display", "u=%b, v=%b", v0x560f80909550_0, v0x560f809096c0_0 {0 0 0};
    %end;
    .thread T_3;
    .scope S_0x560f80909ae0;
T_4 ;
    %delay 5, 0;
    %vpi_call 4 15 "$display", "u=%b, v=%b", v0x560f8090a400_0, v0x560f8090a570_0 {0 0 0};
    %end;
    .thread T_4;
    .scope S_0x560f8090a990;
T_5 ;
    %delay 5, 0;
    %vpi_call 4 15 "$display", "u=%b, v=%b", v0x560f8090b290_0, v0x560f8090b400_0 {0 0 0};
    %end;
    .thread T_5;
    .scope S_0x560f8090b820;
T_6 ;
    %delay 5, 0;
    %vpi_call 4 15 "$display", "u=%b, v=%b", v0x560f8090c120_0, v0x560f8090c290_0 {0 0 0};
    %end;
    .thread T_6;
    .scope S_0x560f8090c6b0;
T_7 ;
    %delay 5, 0;
    %vpi_call 4 15 "$display", "u=%b, v=%b", v0x560f8090cfb0_0, v0x560f8090d120_0 {0 0 0};
    %end;
    .thread T_7;
    .scope S_0x560f8090d540;
T_8 ;
    %delay 5, 0;
    %vpi_call 4 15 "$display", "u=%b, v=%b", v0x560f8090df00_0, v0x560f8090e070_0 {0 0 0};
    %end;
    .thread T_8;
    .scope S_0x560f8090e490;
T_9 ;
    %delay 5, 0;
    %vpi_call 4 15 "$display", "u=%b, v=%b", v0x560f8090ee10_0, v0x560f8090ef80_0 {0 0 0};
    %end;
    .thread T_9;
    .scope S_0x560f80906fb0;
T_10 ;
    %delay 5, 0;
    %vpi_call 4 15 "$display", "u=%b, v=%b", v0x560f80907880_0, v0x560f809079f0_0 {0 0 0};
    %end;
    .thread T_10;
    .scope S_0x560f8090f3a0;
T_11 ;
    %delay 5, 0;
    %vpi_call 4 15 "$display", "u=%b, v=%b", v0x560f8090fd20_0, v0x560f8090fe90_0 {0 0 0};
    %end;
    .thread T_11;
    .scope S_0x560f80910280;
T_12 ;
    %delay 5, 0;
    %vpi_call 4 15 "$display", "u=%b, v=%b", v0x560f80910c00_0, v0x560f80910d70_0 {0 0 0};
    %end;
    .thread T_12;
    .scope S_0x560f80911160;
T_13 ;
    %delay 5, 0;
    %vpi_call 4 15 "$display", "u=%b, v=%b", v0x560f80911ae0_0, v0x560f80911c50_0 {0 0 0};
    %end;
    .thread T_13;
    .scope S_0x560f80912040;
T_14 ;
    %delay 5, 0;
    %vpi_call 4 15 "$display", "u=%b, v=%b", v0x560f809129c0_0, v0x560f80912b30_0 {0 0 0};
    %end;
    .thread T_14;
    .scope S_0x560f80912f20;
T_15 ;
    %delay 5, 0;
    %vpi_call 4 15 "$display", "u=%b, v=%b", v0x560f809138a0_0, v0x560f80913a10_0 {0 0 0};
    %end;
    .thread T_15;
    .scope S_0x560f80913e00;
T_16 ;
    %delay 5, 0;
    %vpi_call 4 15 "$display", "u=%b, v=%b", v0x560f80914780_0, v0x560f809148f0_0 {0 0 0};
    %end;
    .thread T_16;
    .scope S_0x560f80914ce0;
T_17 ;
    %delay 5, 0;
    %vpi_call 4 15 "$display", "u=%b, v=%b", v0x560f80915660_0, v0x560f80915740_0 {0 0 0};
    %end;
    .thread T_17;
    .scope S_0x560f80915b40;
T_18 ;
    %delay 5, 0;
    %vpi_call 4 15 "$display", "u=%b, v=%b", v0x560f809164c0_0, v0x560f80916630_0 {0 0 0};
    %end;
    .thread T_18;
    .scope S_0x560f80916a20;
T_19 ;
    %delay 5, 0;
    %vpi_call 4 15 "$display", "u=%b, v=%b", v0x560f809173a0_0, v0x560f80917510_0 {0 0 0};
    %end;
    .thread T_19;
    .scope S_0x560f80917900;
T_20 ;
    %delay 5, 0;
    %vpi_call 4 15 "$display", "u=%b, v=%b", v0x560f80918280_0, v0x560f809183f0_0 {0 0 0};
    %end;
    .thread T_20;
    .scope S_0x560f809187e0;
T_21 ;
    %delay 5, 0;
    %vpi_call 4 15 "$display", "u=%b, v=%b", v0x560f80919160_0, v0x560f809192d0_0 {0 0 0};
    %end;
    .thread T_21;
    .scope S_0x560f809196c0;
T_22 ;
    %delay 5, 0;
    %vpi_call 4 15 "$display", "u=%b, v=%b", v0x560f8091a040_0, v0x560f8091a1b0_0 {0 0 0};
    %end;
    .thread T_22;
    .scope S_0x560f8091a5b0;
T_23 ;
    %delay 5, 0;
    %vpi_call 4 15 "$display", "u=%b, v=%b", v0x560f8091af30_0, v0x560f8091b0a0_0 {0 0 0};
    %end;
    .thread T_23;
    .scope S_0x560f8091b490;
T_24 ;
    %delay 5, 0;
    %vpi_call 4 15 "$display", "u=%b, v=%b", v0x560f8091be10_0, v0x560f8091bf80_0 {0 0 0};
    %end;
    .thread T_24;
    .scope S_0x560f8091c370;
T_25 ;
    %delay 5, 0;
    %vpi_call 4 15 "$display", "u=%b, v=%b", v0x560f8091ccf0_0, v0x560f8091ce60_0 {0 0 0};
    %end;
    .thread T_25;
    .scope S_0x560f8091d250;
T_26 ;
    %delay 5, 0;
    %vpi_call 4 15 "$display", "u=%b, v=%b", v0x560f8091dbd0_0, v0x560f8091dd40_0 {0 0 0};
    %end;
    .thread T_26;
    .scope S_0x560f8091e130;
T_27 ;
    %delay 5, 0;
    %vpi_call 4 15 "$display", "u=%b, v=%b", v0x560f8091eab0_0, v0x560f8091ec20_0 {0 0 0};
    %end;
    .thread T_27;
    .scope S_0x560f8091f010;
T_28 ;
    %delay 5, 0;
    %vpi_call 4 15 "$display", "u=%b, v=%b", v0x560f8091f990_0, v0x560f8091fb00_0 {0 0 0};
    %end;
    .thread T_28;
    .scope S_0x560f8091fef0;
T_29 ;
    %delay 5, 0;
    %vpi_call 4 15 "$display", "u=%b, v=%b", v0x560f80920870_0, v0x560f809209e0_0 {0 0 0};
    %end;
    .thread T_29;
    .scope S_0x560f808a11e0;
T_30 ;
    %end;
    .thread T_30;
    .scope S_0x560f8089dec0;
T_31 ;
    %pushi/vec4 5, 0, 32;
    %store/vec4 v0x560f80925430_0, 0, 32;
    %pushi/vec4 7, 0, 32;
    %store/vec4 v0x560f80925540_0, 0, 32;
    %end;
    .thread T_31;
    .scope S_0x560f8089dec0;
T_32 ;
    %wait E_0x560f80857f10;
    %jmp T_32;
    .thread T_32;
# The file index is used to find the file name in the following table.
:file_names 6;
    "N/A";
    "<interactive>";
    "tb.v";
    "./wallace.v";
    "./carry_save_adder.v";
    "./partial_products.v";
