#! /usr/bin/vvp
:ivl_version "10.1 (stable)";
:ivl_delay_selection "TYPICAL";
:vpi_time_precision + 0;
:vpi_module "system";
:vpi_module "vhdl_sys";
:vpi_module "v2005_math";
:vpi_module "va_math";
S_0x559126f0d6c0 .scope module, "top" "top" 2 1;
 .timescale 0 0;
v0x559126f0d840_0 .var "a", 8 1;
v0x559126f2d6e0_0 .var "b", 8 1;
v0x559126f2d7c0_0 .var "c", 8 1;
    .scope S_0x559126f0d6c0;
T_0 ;
    %pushi/vec4 92, 8, 8;
    %store/vec4 v0x559126f0d840_0, 0, 8;
    %pushi/vec4 12, 0, 8;
    %store/vec4 v0x559126f2d6e0_0, 0, 8;
    %delay 5, 0;
    %load/vec4 v0x559126f0d840_0;
    %load/vec4 v0x559126f2d6e0_0;
    %add;
    %store/vec4 v0x559126f2d7c0_0, 0, 8;
    %end;
    .thread T_0;
    .scope S_0x559126f0d6c0;
T_1 ;
    %vpi_call 2 22 "$monitor", "a = %b; b = %b; c = %b", v0x559126f0d840_0, v0x559126f2d6e0_0, v0x559126f2d7c0_0 {0 0 0};
    %end;
    .thread T_1;
# The file index is used to find the file name in the following table.
:file_names 3;
    "N/A";
    "<interactive>";
    "test1.v";
